CLIENT_HANDSHAKE_TRAFFIC_SECRET f60f5c197cea0934febeb7673a0085950d6d5b25de88d905a11276879d95852c 8965c3e7b37c2fe304ffe5e6bb7ae1192ba55f77e2ad53d49c257deb4dbd9c96
SERVER_HANDSHAKE_TRAFFIC_SECRET f60f5c197cea0934febeb7673a0085950d6d5b25de88d905a11276879d95852c 3b06792319989cdbf4e6ecaaab5ede1ee65752beb4edd234c8b3d238d87e34fc
CLIENT_TRAFFIC_SECRET_0 f60f5c197cea0934febeb7673a0085950d6d5b25de88d905a11276879d95852c 391a6957564a2de767c4093adf4cc2865d9a0f1c367694eafe4cce93c40a1d28
SERVER_TRAFFIC_SECRET_0 f60f5c197cea0934febeb7673a0085950d6d5b25de88d905a11276879d95852c d5e5c7f5c5a3adf8d2893d5a82cf5bc8504e145960449b57c128f8be75808a35
EXPORTER_SECRET f60f5c197cea0934febeb7673a0085950d6d5b25de88d905a11276879d95852c e400c32ac138d86366e926461ae9cb967f0eac2e563c92c18507d3907dd56caa
CLIENT_HANDSHAKE_TRAFFIC_SECRET d37ac4ba724dc7ea4c850e29911b342382ea278982e48f6f19d899a1e223693b 4a332c933cc8f9624e4a429255147e2baeac54ab301165590742cead9729a38b
SERVER_HANDSHAKE_TRAFFIC_SECRET d37ac4ba724dc7ea4c850e29911b342382ea278982e48f6f19d899a1e223693b 05c69edf15a6849aaae4180e7d1d36de4a06c6a0ae4ff0468bbf313d3f13ee2e
CLIENT_TRAFFIC_SECRET_0 d37ac4ba724dc7ea4c850e29911b342382ea278982e48f6f19d899a1e223693b beed5518feb529ae12477bf478740928bcdcf578fb402286eeb3a26c43068307
SERVER_TRAFFIC_SECRET_0 d37ac4ba724dc7ea4c850e29911b342382ea278982e48f6f19d899a1e223693b 1a18975310ce577b88ede489214a2ce6d7cd35060a2c950fd927f50536912d81
EXPORTER_SECRET d37ac4ba724dc7ea4c850e29911b342382ea278982e48f6f19d899a1e223693b 070685960d4d1599fda680a96769056a1e2c9c00ad7bfea924a6513c5d6d4574
CLIENT_HANDSHAKE_TRAFFIC_SECRET 99ea523d67972807657b11053fe409341cba88e414ada9b34ad8774f771a9a4e 717e3f0fb1f148ce8e8bcc7ead693731b270cd8c08647fdbd80832960d2a10b4
SERVER_HANDSHAKE_TRAFFIC_SECRET 99ea523d67972807657b11053fe409341cba88e414ada9b34ad8774f771a9a4e eb313002927f418b7e1f81be6e541d4f7caa226b9816cc158aa622c3d9220655
CLIENT_HANDSHAKE_TRAFFIC_SECRET 3b13fc746073e95f6803352c3320f658349dbefec1ea04b2c99be1e8559f45c8 b9539e00b3a43107378a811d2f1c884a9e78286ee2ce92ec75274c206ba22bf9
SERVER_HANDSHAKE_TRAFFIC_SECRET 3b13fc746073e95f6803352c3320f658349dbefec1ea04b2c99be1e8559f45c8 a4f72c5c5880890772f566f97d083413b97ea70e7a9646d1e1dda948304e72c0
CLIENT_HANDSHAKE_TRAFFIC_SECRET 03144c71cdead1e70e26d66cf4b8c6fb23c80831ad8e5e52a42a53dce0110103 bc4b2f8d034d2d9a05efaae889270b259181361ed1188adc1997e68624760446
SERVER_HANDSHAKE_TRAFFIC_SECRET 03144c71cdead1e70e26d66cf4b8c6fb23c80831ad8e5e52a42a53dce0110103 c8b77468763ac59d154ae313328644cbbd2f8741d5843a0bc3ba568c9dfa47ba
CLIENT_HANDSHAKE_TRAFFIC_SECRET f01cb9e9d75aa178173c5d54b801353df73a271a15020f0912c075bae15069b6 380b89f84f3d1b654fdade337af212fc81fb957449a7f698437b7ffb5e9388e0
SERVER_HANDSHAKE_TRAFFIC_SECRET f01cb9e9d75aa178173c5d54b801353df73a271a15020f0912c075bae15069b6 b75b0c00dd91c44727969f46a3e10ae14fc02f93c0843c4fc5e7516c031c3d11
CLIENT_HANDSHAKE_TRAFFIC_SECRET 141ad470988a2e3721969cff5ee62b572ed24ea30ecae884725c3c8d53ccb262 73cca8ead897c1902c2bee2c90085558413cda4e416bc3a1baa0fdf88bc7f683
SERVER_HANDSHAKE_TRAFFIC_SECRET 141ad470988a2e3721969cff5ee62b572ed24ea30ecae884725c3c8d53ccb262 ed1e48af86daefce886ca8219b305061eb98a3f1433cdf5758eb05df9c1f33df
CLIENT_HANDSHAKE_TRAFFIC_SECRET aced0f7ee0724098f1540e2fd5c269f67315a3acedbb02e1f2a1fe3ab26fe8b4 14e3f99e911176c35d8ea2bbf74b0beabfd783e0d589524f0b9062623c659346
SERVER_HANDSHAKE_TRAFFIC_SECRET aced0f7ee0724098f1540e2fd5c269f67315a3acedbb02e1f2a1fe3ab26fe8b4 716db899a403607b293f0b084804ce5c94f2cca125406c5c0a208f1b1b39dd24
CLIENT_HANDSHAKE_TRAFFIC_SECRET 8aa7c599cfdb21300ccfeeb8c19d4b222e837faee80998fb656212a21f56224c 32b362794cf22712326eba4d6d40d90842fd5d87e56437fd2e2940bad383fcb6
SERVER_HANDSHAKE_TRAFFIC_SECRET 8aa7c599cfdb21300ccfeeb8c19d4b222e837faee80998fb656212a21f56224c 5aa1b0113c6db6e73460be86cf61f03780c0216e33ac3cc9184c7e6d7cc75d8c
CLIENT_HANDSHAKE_TRAFFIC_SECRET eaef9df4770d8afa344cbcfc81bdef7c6ab0ca25d5959d13a72b8993eba668f0 ba8b586dc37660f31bf4599fddfdd689fc5ca5da32e5214932aa18a2d9ef437c
SERVER_HANDSHAKE_TRAFFIC_SECRET eaef9df4770d8afa344cbcfc81bdef7c6ab0ca25d5959d13a72b8993eba668f0 1527e18390904ced4d6c60ce42ff7766f816f1b5db6a5e344f091f7b38218cf6
CLIENT_TRAFFIC_SECRET_0 eaef9df4770d8afa344cbcfc81bdef7c6ab0ca25d5959d13a72b8993eba668f0 17680b1f0669964d0510c85aee98252a2c371d09c2b35ec15fcbb4de665e855f
SERVER_TRAFFIC_SECRET_0 eaef9df4770d8afa344cbcfc81bdef7c6ab0ca25d5959d13a72b8993eba668f0 6686c70554bcd68757fc094509fcedff5210f0a622dec9eec82818a377e18491
EXPORTER_SECRET eaef9df4770d8afa344cbcfc81bdef7c6ab0ca25d5959d13a72b8993eba668f0 7eebc167b2de72f431986c2f73028b13df1e06837c2753a01a0768a71b767972
CLIENT_HANDSHAKE_TRAFFIC_SECRET e1b7fd9fe1dafca3a9f5c87b56a512d5661d362ae70f21d95cb94dad453759d1 402cbc4178c206b16cee0936d86c0295064fb626d7ceb6337745d05532d279e7
SERVER_HANDSHAKE_TRAFFIC_SECRET e1b7fd9fe1dafca3a9f5c87b56a512d5661d362ae70f21d95cb94dad453759d1 f59f89ab7f52318b729a031c6a44e1c811b26fc0d3e7ed69718c9ffdda895882
CLIENT_HANDSHAKE_TRAFFIC_SECRET 4814ffd73444fcf6cee1fff3d99e136d56afe0415e5d76d35fa0a6d5730dabf3 520739385b9fe5871bca553ec4f51776d8d6bb4a0ee1fb83598193ab9affc151
SERVER_HANDSHAKE_TRAFFIC_SECRET 4814ffd73444fcf6cee1fff3d99e136d56afe0415e5d76d35fa0a6d5730dabf3 81400d458d16638729fbfe5dc3f999d875485491da5cf2fb06c96835a5e59ac1
CLIENT_HANDSHAKE_TRAFFIC_SECRET 763e26d78077f8cfc4f2883f64a77f4dcee200483bf6a1e8ed527ce9f7583462 91c75dfdbfd7fcda24a69c4bf07e2c959163919599ba540380ae073ad7e556f2
SERVER_HANDSHAKE_TRAFFIC_SECRET 763e26d78077f8cfc4f2883f64a77f4dcee200483bf6a1e8ed527ce9f7583462 ae4d6f80918f1ee46e62de27462be057e203395b70ae53342c5c4cd4af4823bf
CLIENT_HANDSHAKE_TRAFFIC_SECRET 059325272aa638fe020f8f9ef8c6dad48a0c6477cca46cf1203599cc975b95e6 e9b4f202ba46dc33a1539e6e241c26c4fd0a533304c41e9bd7e7662859ef8fed
SERVER_HANDSHAKE_TRAFFIC_SECRET 059325272aa638fe020f8f9ef8c6dad48a0c6477cca46cf1203599cc975b95e6 f79cb4277b4f15e5ed8510e5f90d8d2b156ca13b28e4eca6b6c2919b1971bf58
CLIENT_HANDSHAKE_TRAFFIC_SECRET df959f2f165b43e2dd930c16ac441d91094e2f094ef5b2cc19ee13a0baccfba6 ef89030f408e998d075222982a78ca55f03b905bed0b04a883c22cdffb23cfd1
SERVER_HANDSHAKE_TRAFFIC_SECRET df959f2f165b43e2dd930c16ac441d91094e2f094ef5b2cc19ee13a0baccfba6 7b7c479bbdaf2d8cdaffbdad47f200a145c28bd2ac3c74eda693ea99b685dc0a
CLIENT_TRAFFIC_SECRET_0 e1b7fd9fe1dafca3a9f5c87b56a512d5661d362ae70f21d95cb94dad453759d1 ed289eb6fb8aa2af3a3d0105ec66ba4a97aec27bc902a33ff3fc40659d8ad23a
SERVER_TRAFFIC_SECRET_0 e1b7fd9fe1dafca3a9f5c87b56a512d5661d362ae70f21d95cb94dad453759d1 cf6d75988fef6b629c537ced63cf8c401b7db3db005c6c47148bf37a4143e31b
EXPORTER_SECRET e1b7fd9fe1dafca3a9f5c87b56a512d5661d362ae70f21d95cb94dad453759d1 b20d330d9be6b254b29beef1d7274d5c90a39b2bb9fa7e177badeb20db2f3bba
CLIENT_TRAFFIC_SECRET_0 df959f2f165b43e2dd930c16ac441d91094e2f094ef5b2cc19ee13a0baccfba6 50021c27070c7b5c180180d1a0940c83c2053c5fd468c1a0562594d8c8eccc7e
SERVER_TRAFFIC_SECRET_0 df959f2f165b43e2dd930c16ac441d91094e2f094ef5b2cc19ee13a0baccfba6 b325c75507b75f2387012d40290a1d4a8c5d4e60ba9638401039bee2c7e4a707
EXPORTER_SECRET df959f2f165b43e2dd930c16ac441d91094e2f094ef5b2cc19ee13a0baccfba6 f4a5b29f37b5b47cfa73ac987b497c7b464e1816a3b54767fbc2862cb430b84a
CLIENT_HANDSHAKE_TRAFFIC_SECRET 9c0f9f6dc1e1e8042971ae3c891e854f7fce25caad137aacd3da9f3225212957 c31771dfa7b7d9f2880b57f55292e107ba9e94d8aa18dd13ccac01f989bfad311ff118ed4faec7a7d26b19cf0707e63e
SERVER_HANDSHAKE_TRAFFIC_SECRET 9c0f9f6dc1e1e8042971ae3c891e854f7fce25caad137aacd3da9f3225212957 076c1ca5e097b4a598a99905440035c59b82715a2dc4f0af4b8d9b06b6427a9533a03b8ea4680c45b50de2b1bb3ab7c5
CLIENT_TRAFFIC_SECRET_0 059325272aa638fe020f8f9ef8c6dad48a0c6477cca46cf1203599cc975b95e6 b199a56aded941640404c712a60c10016fb43971691c4a3f11d50dde9046fd93
SERVER_TRAFFIC_SECRET_0 059325272aa638fe020f8f9ef8c6dad48a0c6477cca46cf1203599cc975b95e6 b39866ace50fb278e134ae290942593abd175c171f0b104da15e9eba52df5269
EXPORTER_SECRET 059325272aa638fe020f8f9ef8c6dad48a0c6477cca46cf1203599cc975b95e6 b12e7ce422c44b83af075e98ad6174244f4dfe00070eab8bd734a8ab1a5d57f7
CLIENT_TRAFFIC_SECRET_0 9c0f9f6dc1e1e8042971ae3c891e854f7fce25caad137aacd3da9f3225212957 dfb9db0444571c8381194192b94348a67aa4a226fbe89cc567c845f810c01211b24b2601885e0fdc546e230987bf9a61
SERVER_TRAFFIC_SECRET_0 9c0f9f6dc1e1e8042971ae3c891e854f7fce25caad137aacd3da9f3225212957 dac44ca383da832d84a54c7b1c8429a444067f1287828eb4eeecd9d66a466fecf7c70a9a58d9f68f7edbc6aab0f8da16
EXPORTER_SECRET 9c0f9f6dc1e1e8042971ae3c891e854f7fce25caad137aacd3da9f3225212957 7cf04dea1fa39deb938b7733d4f2704120532d1aa0748eb95103ab7b83fb8afaa90bf0b50cb03a08765c9fe68a460468
CLIENT_TRAFFIC_SECRET_0 f01cb9e9d75aa178173c5d54b801353df73a271a15020f0912c075bae15069b6 ae48cee63b5b686e07a5e76820d4b48c3d825c32275bd6d5120f1533de814466
SERVER_TRAFFIC_SECRET_0 f01cb9e9d75aa178173c5d54b801353df73a271a15020f0912c075bae15069b6 1257849a5514d6e418b800cf1fe2019e36bbea2c1a52f0e5b0c590319aa63dbb
EXPORTER_SECRET f01cb9e9d75aa178173c5d54b801353df73a271a15020f0912c075bae15069b6 0bf74fdf5ba9ee7e18f3b4432a64630ab088a4aa6236a3cdb54e3963ba771dd7
CLIENT_TRAFFIC_SECRET_0 141ad470988a2e3721969cff5ee62b572ed24ea30ecae884725c3c8d53ccb262 275e7ac4576d58a44b239c848cb20ae5d1b30170d32fa225e0c2f3b19393b749
SERVER_TRAFFIC_SECRET_0 141ad470988a2e3721969cff5ee62b572ed24ea30ecae884725c3c8d53ccb262 baa6b3749d81730101157296b99c7d1cfdd4866987745db5d4cb83ad6c685741
EXPORTER_SECRET 141ad470988a2e3721969cff5ee62b572ed24ea30ecae884725c3c8d53ccb262 3bde89d83ff4e1db6f51cecd2ecd3c892099853373978a026b8c303de1757ab4
CLIENT_TRAFFIC_SECRET_0 3b13fc746073e95f6803352c3320f658349dbefec1ea04b2c99be1e8559f45c8 59f50d196bb6541e11780291b61946647f95ac890a56f4c34cbf93bcb102758a
SERVER_TRAFFIC_SECRET_0 3b13fc746073e95f6803352c3320f658349dbefec1ea04b2c99be1e8559f45c8 00498ea6bee058b71c29f87c57fed4a28d32ca32fc3135a9ea59c247505e3b70
EXPORTER_SECRET 3b13fc746073e95f6803352c3320f658349dbefec1ea04b2c99be1e8559f45c8 7c6cd96c60e77801baf1696cda240c955ef81b71a5d2d5eaeb1921455c4ae136
CLIENT_TRAFFIC_SECRET_0 8aa7c599cfdb21300ccfeeb8c19d4b222e837faee80998fb656212a21f56224c 93d702e3800fa0947c0de344697a9c99f5ea5853958148ac650cc1007e87163b
SERVER_TRAFFIC_SECRET_0 8aa7c599cfdb21300ccfeeb8c19d4b222e837faee80998fb656212a21f56224c 40d4d394176778834ea18ff99defbc1278b14ec1e7d61075a8d96afd846f0954
EXPORTER_SECRET 8aa7c599cfdb21300ccfeeb8c19d4b222e837faee80998fb656212a21f56224c b33d07c3e39c10137241e1e139d70b6456eae0c977a3670541bce85a25bde630
CLIENT_TRAFFIC_SECRET_0 763e26d78077f8cfc4f2883f64a77f4dcee200483bf6a1e8ed527ce9f7583462 2b799c8be7c1eec0e2851d282a8cf93235c1bb0b67dc8334c297fb34d915c9b1
SERVER_TRAFFIC_SECRET_0 763e26d78077f8cfc4f2883f64a77f4dcee200483bf6a1e8ed527ce9f7583462 3eef738e79bc3c7a50f963738daa31f0a8df83ac706dcca85568ea1bc0e8b466
EXPORTER_SECRET 763e26d78077f8cfc4f2883f64a77f4dcee200483bf6a1e8ed527ce9f7583462 9ac5e9c4e9358da5997e773c6dbe41318503174f85e6c5a6a9f9e527aa36d2b5
CLIENT_HANDSHAKE_TRAFFIC_SECRET c088106191dd42d6f033fd4ff92d38c4cbe8ef13af16d612c4c2853ddcbec98c 6fb9d187a8cd916e346aca97875f98c18fe65fc7c66b9c9ba82e78356e23e4e9
SERVER_HANDSHAKE_TRAFFIC_SECRET c088106191dd42d6f033fd4ff92d38c4cbe8ef13af16d612c4c2853ddcbec98c 9c64810c725b85cd7d05f69e3a6cc6a7258cba80019ce930c05ae523b1d976c0
CLIENT_HANDSHAKE_TRAFFIC_SECRET 230e3fe14ac220d013f84617a31d4352a1f543ac99cff4ace6ca69f4b7b949f2 ccf4f9e61b6cb57b127b1ddccbcb2c340fedd5b9fb4aebd503a09a21a7ab4770
SERVER_HANDSHAKE_TRAFFIC_SECRET 230e3fe14ac220d013f84617a31d4352a1f543ac99cff4ace6ca69f4b7b949f2 56ca00a87535523a9f87beb4e242057faa68dbc445fd5543050db46bd17b8f92
CLIENT_TRAFFIC_SECRET_0 c088106191dd42d6f033fd4ff92d38c4cbe8ef13af16d612c4c2853ddcbec98c fc471ee8254e30eab4d20730254fe4af1ab6cb8e442fa6f39d1f6552bbb7e575
SERVER_TRAFFIC_SECRET_0 c088106191dd42d6f033fd4ff92d38c4cbe8ef13af16d612c4c2853ddcbec98c 0f5c39ac18f359e773e0b2c5a6a43ef8794e3d11e1eb4643631d866bac6a84c7
EXPORTER_SECRET c088106191dd42d6f033fd4ff92d38c4cbe8ef13af16d612c4c2853ddcbec98c 562e6e031827321f0224a454843f9e27ca11d1a390610ca4a5d995122c61f15c
CLIENT_TRAFFIC_SECRET_0 03144c71cdead1e70e26d66cf4b8c6fb23c80831ad8e5e52a42a53dce0110103 e347144f89c7760c6104144e9287469249e2b11f4c80d16d9491e347e78382c1
SERVER_TRAFFIC_SECRET_0 03144c71cdead1e70e26d66cf4b8c6fb23c80831ad8e5e52a42a53dce0110103 81f657a7d186012cbec353d77763eecea5339f0e0ff1580969a9ff7da39e7825
EXPORTER_SECRET 03144c71cdead1e70e26d66cf4b8c6fb23c80831ad8e5e52a42a53dce0110103 ea9a7499e5c97d3466559709b137b962c84f9093f5063a1f431f07984c780e37
CLIENT_HANDSHAKE_TRAFFIC_SECRET 7cc4d343f74f0846468cfe8d1f8aef8704b5dc84c77e6e422ad9d6c1ec664acc 49820d7c45ad6bdeb00e1084c82e94b22fc6c23557ba98fe146cd01f8348f320
SERVER_HANDSHAKE_TRAFFIC_SECRET 7cc4d343f74f0846468cfe8d1f8aef8704b5dc84c77e6e422ad9d6c1ec664acc e6c528123b5a9567d94f8b9b20653ecfe04a97a4fd87ae58dbc2c83f480bc39a
CLIENT_HANDSHAKE_TRAFFIC_SECRET 918bebfabd3ef12652f00e83596140dcf8ecfcc27c9b6bb6100167b7abe3f00c 2f1ce9403e6cbb3172d02b83703487a0844553ff7c661e1ea45ce5c6234e266a
SERVER_HANDSHAKE_TRAFFIC_SECRET 918bebfabd3ef12652f00e83596140dcf8ecfcc27c9b6bb6100167b7abe3f00c b64d0cd55f1c720e37509d64540c5e796fece8100f636ef873e5c9404ba3dae1
CLIENT_TRAFFIC_SECRET_0 7cc4d343f74f0846468cfe8d1f8aef8704b5dc84c77e6e422ad9d6c1ec664acc 7a669ac650ca4ad327844ba2aea150aa1e2f69e3a37458abdc416af2b6a81d14
SERVER_TRAFFIC_SECRET_0 7cc4d343f74f0846468cfe8d1f8aef8704b5dc84c77e6e422ad9d6c1ec664acc 9a6b0fad49e9b8448c723073d374346648580abf3f22b2e1bbad1fefa2523fb1
EXPORTER_SECRET 7cc4d343f74f0846468cfe8d1f8aef8704b5dc84c77e6e422ad9d6c1ec664acc 50ffbfb2f6862055ff7030ebf543b739bc8c4a1757ea9b1e1f7b6ee47ed39e8f
CLIENT_HANDSHAKE_TRAFFIC_SECRET 444943cac25b0805f010b06bc75a69df7828671ac30f9e1bc3e6a394006c2f84 ff3361dd8f6ce82487244997c7cee3bc541ac5bb862c9ca8114f8390e1b2810e
SERVER_HANDSHAKE_TRAFFIC_SECRET 444943cac25b0805f010b06bc75a69df7828671ac30f9e1bc3e6a394006c2f84 bc77103ef94abd1f5c13cfcf2641176b60578ef1d17d133e0ac1e7378d705509
CLIENT_TRAFFIC_SECRET_0 444943cac25b0805f010b06bc75a69df7828671ac30f9e1bc3e6a394006c2f84 8d0c4bf628e3fb67c0d759c4373b88d2c8885e6a4367601ed04ec9879960101d
SERVER_TRAFFIC_SECRET_0 444943cac25b0805f010b06bc75a69df7828671ac30f9e1bc3e6a394006c2f84 b05ad81d322ef4b9e6753cc414799b02ee4d8fb47fe985b0dfb302413a262afc
EXPORTER_SECRET 444943cac25b0805f010b06bc75a69df7828671ac30f9e1bc3e6a394006c2f84 0d84eb8e69f644995ced4d930a1710c493cc9cddad48c03e07e05a98455dbde6
CLIENT_TRAFFIC_SECRET_0 918bebfabd3ef12652f00e83596140dcf8ecfcc27c9b6bb6100167b7abe3f00c cda5b416b46656ce54ab70e2f9b15515517c38055b983f9d571dd02c1c5b9c4f
SERVER_TRAFFIC_SECRET_0 918bebfabd3ef12652f00e83596140dcf8ecfcc27c9b6bb6100167b7abe3f00c 47aa4fdd5de073078d801fdadb435ecae09354dd07630df6716232f9159b490d
EXPORTER_SECRET 918bebfabd3ef12652f00e83596140dcf8ecfcc27c9b6bb6100167b7abe3f00c 0802259f1f20ef6996b0cce4bffc48ebe8d795cf5dd7ad55edf8796bb45b389c
CLIENT_TRAFFIC_SECRET_0 230e3fe14ac220d013f84617a31d4352a1f543ac99cff4ace6ca69f4b7b949f2 0ef584f60c07dc0c3612c2be96d811140e9a144b1538e62e23584b89256cf76b
SERVER_TRAFFIC_SECRET_0 230e3fe14ac220d013f84617a31d4352a1f543ac99cff4ace6ca69f4b7b949f2 4ec9d5926ef1420eda55559d750d73289d710ca365b40837d6c452951b96e53b
EXPORTER_SECRET 230e3fe14ac220d013f84617a31d4352a1f543ac99cff4ace6ca69f4b7b949f2 ab38c43087ae04490de3df76bf19394380d94586240b01363f72eed26ce2c5de
CLIENT_TRAFFIC_SECRET_0 4814ffd73444fcf6cee1fff3d99e136d56afe0415e5d76d35fa0a6d5730dabf3 c43e1ebaf5e8ecdb200bc83fd6b913df97e65d8dd5957dcff667cf6f0c02f251
SERVER_TRAFFIC_SECRET_0 4814ffd73444fcf6cee1fff3d99e136d56afe0415e5d76d35fa0a6d5730dabf3 bbf0f01ce9c38a36c96586107669a82be1cff43e774f1629e934e8473f455528
EXPORTER_SECRET 4814ffd73444fcf6cee1fff3d99e136d56afe0415e5d76d35fa0a6d5730dabf3 ef8ebda37ccf064838c0fe2a2e882782ba6c6ee5ad43d758a92cfabd151d8773
CLIENT_HANDSHAKE_TRAFFIC_SECRET 9c1ae14807e761af67a7ea5f92402df10e444b0d5c60553c0c55824deb3caaa8 4bb46dba412c32b130803472dc36ad53cc921844b1bd9b24d847fc4352e0d6a1
SERVER_HANDSHAKE_TRAFFIC_SECRET 9c1ae14807e761af67a7ea5f92402df10e444b0d5c60553c0c55824deb3caaa8 fcb68d616d80290ed7e9829f1f4742bcba734fcfbfeaa1ed4536413f01b52805
CLIENT_TRAFFIC_SECRET_0 99ea523d67972807657b11053fe409341cba88e414ada9b34ad8774f771a9a4e 307086ada17890ead934cc308a728dcb621df043adbbeef894d60f7f9b69f7df
SERVER_TRAFFIC_SECRET_0 99ea523d67972807657b11053fe409341cba88e414ada9b34ad8774f771a9a4e b82098c5550d4722e9eb48e9bfd98417f2a9e0c501df1acd040d6a996fe67fa2
EXPORTER_SECRET 99ea523d67972807657b11053fe409341cba88e414ada9b34ad8774f771a9a4e e6939951572d384f66f1264c5d8ff50f36194d80c10d0142a3ae354aa45853a8
CLIENT_TRAFFIC_SECRET_0 9c1ae14807e761af67a7ea5f92402df10e444b0d5c60553c0c55824deb3caaa8 7264e1bff0c19f0f42fdb4991bcddf3e81a82d95f3cc4b7b2545dc28e24ad924
SERVER_TRAFFIC_SECRET_0 9c1ae14807e761af67a7ea5f92402df10e444b0d5c60553c0c55824deb3caaa8 ccef50bcb9aa6d73b2b3d9fe46c48c1df95868641db08514fe83f85c176b3c0c
EXPORTER_SECRET 9c1ae14807e761af67a7ea5f92402df10e444b0d5c60553c0c55824deb3caaa8 158cca42590e6015ffefe03cab8afa1e0a9c158edc149c7bb8d9c44a3476d8ac
CLIENT_EARLY_TRAFFIC_SECRET 2377a4d8201fc56193986f9687e25c025804a2f5bd51b46ce55f4b448c945363 1f848324e7952e512244af66e2de5420ee2d6ffc6ae9e86ca79ae78cca1cb24b
CLIENT_HANDSHAKE_TRAFFIC_SECRET 2377a4d8201fc56193986f9687e25c025804a2f5bd51b46ce55f4b448c945363 35fd16ee413a5068e5f830c9810a850fde154a8b2fce1960884e5296b949799e
SERVER_HANDSHAKE_TRAFFIC_SECRET 2377a4d8201fc56193986f9687e25c025804a2f5bd51b46ce55f4b448c945363 19831e43e5b7755844b759d4afc8db27ea0db396acf5718ab10cee57efc6b170
CLIENT_TRAFFIC_SECRET_0 2377a4d8201fc56193986f9687e25c025804a2f5bd51b46ce55f4b448c945363 16a475781c6cd40bc27ac1f1f111b1686bdef84696dae452491305192156df03
SERVER_TRAFFIC_SECRET_0 2377a4d8201fc56193986f9687e25c025804a2f5bd51b46ce55f4b448c945363 8a0038e075b6d6be99d254f5d53b8b6481c90cae789496bb98a933fa598e2b86
EXPORTER_SECRET 2377a4d8201fc56193986f9687e25c025804a2f5bd51b46ce55f4b448c945363 eb7eede74a911e39f9213e26e0f2c1ad46c1833530ef3a41724be706f87ac107
CLIENT_HANDSHAKE_TRAFFIC_SECRET cfec8fff11b21c4957191516c9e1d032368511314877fd3d5261af434870481e ecbbc312467a4e95ea33bac6a2866cad9312b65e6490901b7673d9ee551e1fcd344a84adda136f7f132637d7ea6d76fc
SERVER_HANDSHAKE_TRAFFIC_SECRET cfec8fff11b21c4957191516c9e1d032368511314877fd3d5261af434870481e 197996ba1dec6c65c3b2e3245fb73905ebbda6142180c33627454d4fcd4d284ef23731c8a560860ee249065e9c5da7ae
CLIENT_TRAFFIC_SECRET_0 cfec8fff11b21c4957191516c9e1d032368511314877fd3d5261af434870481e 65738e92aaf5d5e0aef754a61a5f6bbd8374cf51ad59df8e6c4cb71caf37739b9024819fd3dd6bf0ef02fa91d574dc2f
SERVER_TRAFFIC_SECRET_0 cfec8fff11b21c4957191516c9e1d032368511314877fd3d5261af434870481e 9b085b6ffc3117e135f0d79f216a6585b2237b4bcbbb5ad4f8ccc105fad570524d8fa46cb3612ac00d26b50192cb544b
EXPORTER_SECRET cfec8fff11b21c4957191516c9e1d032368511314877fd3d5261af434870481e 834424c9a935f10be1c175d2141fb56e786b9c58a098b070b770799428121b994f38b389ba2d7a13c03f943a206f24da
CLIENT_HANDSHAKE_TRAFFIC_SECRET 39340f95c2c88c91ecddf43d3f7357a3de4ade8691611d7612902db30b8bf5b1 73f0f8fb37bf0d6824062dfb78a0b16789ec5f3f93b5ec8edb760aa69183315d
SERVER_HANDSHAKE_TRAFFIC_SECRET 39340f95c2c88c91ecddf43d3f7357a3de4ade8691611d7612902db30b8bf5b1 2bee6b3109b1b7f25d92f904b89e6749c23838b5b2a9e4d80ba7958bf4f9703b
CLIENT_TRAFFIC_SECRET_0 39340f95c2c88c91ecddf43d3f7357a3de4ade8691611d7612902db30b8bf5b1 beac104ae6aab50d3a370a751bdb338a9696aefda225fd50689cbe3107d7205d
SERVER_TRAFFIC_SECRET_0 39340f95c2c88c91ecddf43d3f7357a3de4ade8691611d7612902db30b8bf5b1 211b2b3351dc962c5d27c63f8a5ab81f8e3573bde4737a482a8ab42409078ac2
EXPORTER_SECRET 39340f95c2c88c91ecddf43d3f7357a3de4ade8691611d7612902db30b8bf5b1 c2c2b95dd88dd18c155ee99ccf99d0d733bf6369acfd58f511ca3ef491f04e0a
CLIENT_HANDSHAKE_TRAFFIC_SECRET ea4a5f9f0d0c9370ae793b915f71bfc7d0dbc1b3a4e720ad320543fde743b1b9 9f3086d993a9e55bd2e4f240d427dce3a44698623c449e1306882a0a9d65f6dd2d51c6ba8e77edc213c3d924fa6702fb
SERVER_HANDSHAKE_TRAFFIC_SECRET ea4a5f9f0d0c9370ae793b915f71bfc7d0dbc1b3a4e720ad320543fde743b1b9 709d0281c8ba9e27bacaa1fb9ae32f72be78b53f0bbddd75ec712a301373988c9954832474ee8ac8b41779a7c46cc533
CLIENT_TRAFFIC_SECRET_0 ea4a5f9f0d0c9370ae793b915f71bfc7d0dbc1b3a4e720ad320543fde743b1b9 61f4db2a84342b256b8b4e0298765dd6e040c6adf0860320ff2cc1747cc281bcdd8e16af1389d39952b9cf42cd48594a
SERVER_TRAFFIC_SECRET_0 ea4a5f9f0d0c9370ae793b915f71bfc7d0dbc1b3a4e720ad320543fde743b1b9 4227940d9d176faab4356965a1d408b3327005a7fcd472c359a70ace772f72cadfba55e336e61f373b997f47af89002f
EXPORTER_SECRET ea4a5f9f0d0c9370ae793b915f71bfc7d0dbc1b3a4e720ad320543fde743b1b9 a1faa407af5e7ae995106adf0bee69110a8248859e89cb1bf6ff2ef59388ef34fa6e8113ee0f415899cc8df9003555c9
CLIENT_RANDOM 24e49e51119841f31ec24334cfcd9b47277f7989e702961f3e6237705e8fd28c e3da9cb98c5ef32d4228e3de253b52258402756ce59fb35af1b1ffa9ab83b3af706670ba7a941c21f7038e87af67ce1a
CLIENT_HANDSHAKE_TRAFFIC_SECRET 8d1ff3b81afe72b0451654f58ba5a85652f6241dc3d4c5bb8738afddc8246cfa 1e5820e934383f4e83b7af5f1e35b3264de18f88c93e18d3708c34fbe5227c5a
SERVER_HANDSHAKE_TRAFFIC_SECRET 8d1ff3b81afe72b0451654f58ba5a85652f6241dc3d4c5bb8738afddc8246cfa 3af4b886dded5be9fd6fc4e5c6d7b3f1d3ce917374a0bf629f405dc2af61eeb9
CLIENT_TRAFFIC_SECRET_0 8d1ff3b81afe72b0451654f58ba5a85652f6241dc3d4c5bb8738afddc8246cfa f8d989ea88a30f94bb0f37a53637349238f6a56beb6eaf759198bed9d92661c6
SERVER_TRAFFIC_SECRET_0 8d1ff3b81afe72b0451654f58ba5a85652f6241dc3d4c5bb8738afddc8246cfa b7a1e0a813f424e2b3b58e7c40149a5082cfab7671531ebf3007a8c83d3ec59f
EXPORTER_SECRET 8d1ff3b81afe72b0451654f58ba5a85652f6241dc3d4c5bb8738afddc8246cfa 1c5aa7cbd448481d02c810fee2bdd676bd4629e4946a95a5f3819acc5b5382ba
CLIENT_HANDSHAKE_TRAFFIC_SECRET 5efe1c460ec88dbf7a08ad5ade8fa3f5031c27dec553077d0a881cc57b6ddd2c 3bebe45a74c484511123596be05b2bc66d2290028115694e94a9ce7c688496b8
SERVER_HANDSHAKE_TRAFFIC_SECRET 5efe1c460ec88dbf7a08ad5ade8fa3f5031c27dec553077d0a881cc57b6ddd2c fc8613745756c70d5e2c759687243b2692526e792536b1814a3c55ea67865b39
CLIENT_TRAFFIC_SECRET_0 5efe1c460ec88dbf7a08ad5ade8fa3f5031c27dec553077d0a881cc57b6ddd2c b42864e85e75864cf2a7aa990ca499b4fc5caeac76d6b5ff9ee2f59bc7525ff1
SERVER_TRAFFIC_SECRET_0 5efe1c460ec88dbf7a08ad5ade8fa3f5031c27dec553077d0a881cc57b6ddd2c 1e546b6aec310c770237acf2439017f9ee28decf5f022e4b6fdffd9646d1db4a
EXPORTER_SECRET 5efe1c460ec88dbf7a08ad5ade8fa3f5031c27dec553077d0a881cc57b6ddd2c 4a2f1b33373c4b4bb41174da6fe7b183270cc162ae0805053c2390cbd9870c5d
CLIENT_EARLY_TRAFFIC_SECRET 00f5f2209239f04f60af40fe39098f103b57b118d547bf33300c77ca99b46253 f7401a21b6212a7e0ce5b7e34bd18ceabd1a69cbf3861efe9572de9388736f9e
CLIENT_HANDSHAKE_TRAFFIC_SECRET 00f5f2209239f04f60af40fe39098f103b57b118d547bf33300c77ca99b46253 fa93831866a5631a75f363b8d40abc9e7c152418b97c37170d1f1c66f4c6e28a
SERVER_HANDSHAKE_TRAFFIC_SECRET 00f5f2209239f04f60af40fe39098f103b57b118d547bf33300c77ca99b46253 6df28b5e828e845910122bdc0594f898944fab5f1c7d2a594cf760b125aff2d5
CLIENT_TRAFFIC_SECRET_0 00f5f2209239f04f60af40fe39098f103b57b118d547bf33300c77ca99b46253 f9c153c662c99a1c263ef88c0fa68ab500e4e9d5abc8fecdb32ab0eb591582fa
SERVER_TRAFFIC_SECRET_0 00f5f2209239f04f60af40fe39098f103b57b118d547bf33300c77ca99b46253 932084a8875487aea2bea7a44a82048167fbf8111beb8966351dcf19f7467aaf
EXPORTER_SECRET 00f5f2209239f04f60af40fe39098f103b57b118d547bf33300c77ca99b46253 b7d66f2b6b51d1dfed36ffe4a84e124fc71ef67f5afbe93814ecaa24dcb1e004
CLIENT_EARLY_TRAFFIC_SECRET f6bdf40669ee1c4566927bdc91a44da14c0529603997cfd005ee95ae34179dcc 3e37ab56459daba583b9a166754b8615e2f244623b14b5ed216b0b3a83e2988b
CLIENT_HANDSHAKE_TRAFFIC_SECRET f6bdf40669ee1c4566927bdc91a44da14c0529603997cfd005ee95ae34179dcc 4d2fb64e57c98407dbc85e1357bed64734022f80727247bab8f6074be3f0e77e
SERVER_HANDSHAKE_TRAFFIC_SECRET f6bdf40669ee1c4566927bdc91a44da14c0529603997cfd005ee95ae34179dcc ee6f37f3e3d925d000930d77f1854c1ef02c415f56a6efb5e8c8cf29213a7ed2
CLIENT_TRAFFIC_SECRET_0 f6bdf40669ee1c4566927bdc91a44da14c0529603997cfd005ee95ae34179dcc e81efd638071ce093e94c0af719848456875ab9c4651131f621dcba91bcc4767
SERVER_TRAFFIC_SECRET_0 f6bdf40669ee1c4566927bdc91a44da14c0529603997cfd005ee95ae34179dcc 2829148ed2489187c024a8bba5fcc3faac98f6555dcb9e2d29701169f80ff8f7
EXPORTER_SECRET f6bdf40669ee1c4566927bdc91a44da14c0529603997cfd005ee95ae34179dcc bc1420b68164744ba9660667ca09a47503d36c819c40c885b60366dd8cd7dd8e
CLIENT_HANDSHAKE_TRAFFIC_SECRET 6d7f3b8caa4265aea855aa217fe9446ce95eaa2ba93673c525573644ecaeb974 2a355a447fd023e6db587d6d54c1844932baf836999b77892a1471ae4ff6a797
SERVER_HANDSHAKE_TRAFFIC_SECRET 6d7f3b8caa4265aea855aa217fe9446ce95eaa2ba93673c525573644ecaeb974 7e7df1a0c95df3cce5d1e6ccdbb4323112db87b77e10a7625cb32b6bbe2ead04
CLIENT_HANDSHAKE_TRAFFIC_SECRET 2638191d44d4a2bdd523bb8318d860906d4a9ca5b68e42cc7bff105b250ed51a 6a59a5a788571d2ef0c507f1b462be85437b5f143e269cf6a326c34788dee1d4
SERVER_HANDSHAKE_TRAFFIC_SECRET 2638191d44d4a2bdd523bb8318d860906d4a9ca5b68e42cc7bff105b250ed51a d00306396d1c913e0f4b3bbc95b72029847fa06f0fc48f4330ae8f01b5d02510
CLIENT_HANDSHAKE_TRAFFIC_SECRET aadf96f88eff356a7bd272c1a7d27d0c4fc5a55f4640c574995d2f28dee33dd6 5de11d0f677a8be6393012d3b91a397e1a9b5eb8eb2c8b4076e97ab92c65d7bb
SERVER_HANDSHAKE_TRAFFIC_SECRET aadf96f88eff356a7bd272c1a7d27d0c4fc5a55f4640c574995d2f28dee33dd6 28ef80ab91a2ec07fe0b58439395aaec0402188b342d7446c83c8f7ea5e8bf2e
CLIENT_TRAFFIC_SECRET_0 6d7f3b8caa4265aea855aa217fe9446ce95eaa2ba93673c525573644ecaeb974 679ddfb46c62863e0e79e3eaad330637f3cf063bf9e4befaac9bd6d91f16f8da
SERVER_TRAFFIC_SECRET_0 6d7f3b8caa4265aea855aa217fe9446ce95eaa2ba93673c525573644ecaeb974 d1b1c0b8b3b82fc69b260dcee1ffd5a6dc23363adaa4727f2b3a7d6540aea92e
EXPORTER_SECRET 6d7f3b8caa4265aea855aa217fe9446ce95eaa2ba93673c525573644ecaeb974 18a4269393182874dc5bd386417d5cef975beb018c4cdeabca70a650ec9fe88c
CLIENT_TRAFFIC_SECRET_0 aadf96f88eff356a7bd272c1a7d27d0c4fc5a55f4640c574995d2f28dee33dd6 5bc68f632d15719dfe7b2b475df2aa0f07f5f7db4242b1add0ed74e102e28f39
SERVER_TRAFFIC_SECRET_0 aadf96f88eff356a7bd272c1a7d27d0c4fc5a55f4640c574995d2f28dee33dd6 ed3b2472540da8516d04a882c29490adfdf4e61f4f55fa3f0aa8b351aa7b838e
EXPORTER_SECRET aadf96f88eff356a7bd272c1a7d27d0c4fc5a55f4640c574995d2f28dee33dd6 6d7dc70113c94847b63c2d156158bc820f9a4302017a7f242d4202eeb802095b
CLIENT_TRAFFIC_SECRET_0 2638191d44d4a2bdd523bb8318d860906d4a9ca5b68e42cc7bff105b250ed51a 7831b50354cc7e57617c3d2f47e1b459b2d8c0a0c4f4eab986084e101f4adc0e
SERVER_TRAFFIC_SECRET_0 2638191d44d4a2bdd523bb8318d860906d4a9ca5b68e42cc7bff105b250ed51a af27b0313ae951de1fe07d4dc47e1a9cf810f4795f1a888e0ebd8d44fc36fe71
EXPORTER_SECRET 2638191d44d4a2bdd523bb8318d860906d4a9ca5b68e42cc7bff105b250ed51a 0b698f948a7199038a31d48ef9f61265628af02f439b9e411c776553246eb8e1
CLIENT_HANDSHAKE_TRAFFIC_SECRET 5f8ed53b21e7abe45c950cdf55cc5e8fd8fcc6af638e3bcf427118c69c419275 01ef66906ba0dd10adc6af858eee4cc9cf634c00c20cb15266c0590729fe3a81
SERVER_HANDSHAKE_TRAFFIC_SECRET 5f8ed53b21e7abe45c950cdf55cc5e8fd8fcc6af638e3bcf427118c69c419275 dc2d11b064f61c3275bec3e406c7afaa94d19d58d4a7cb53165dbbcce32a992c
CLIENT_HANDSHAKE_TRAFFIC_SECRET c6689035510cb834aadabe49f90976cae0bd912bba042bcc559d8aa94a0675f6 f8e76decb2e221b64489de563b548366eb2fc7ca6c0c0703c5257a2b4356f5bc
SERVER_HANDSHAKE_TRAFFIC_SECRET c6689035510cb834aadabe49f90976cae0bd912bba042bcc559d8aa94a0675f6 21c51440738a19014a150e794e0ad2ae65ddd5d10c790cdb086bc91e82d1547f
CLIENT_TRAFFIC_SECRET_0 c6689035510cb834aadabe49f90976cae0bd912bba042bcc559d8aa94a0675f6 7e9b43c07faef14cfa0109903cde96f92e280b5f118aabcbc2925190eb6389a7
SERVER_TRAFFIC_SECRET_0 c6689035510cb834aadabe49f90976cae0bd912bba042bcc559d8aa94a0675f6 0ce134abfbbea8d7b335ce55914ff16247e5e910684e54e84537a6159d21f352
EXPORTER_SECRET c6689035510cb834aadabe49f90976cae0bd912bba042bcc559d8aa94a0675f6 00f17345db5e1ec941f2001eb816575d27fecbc1cdd07c94f86e136e580bcb8e
CLIENT_HANDSHAKE_TRAFFIC_SECRET 8245f2c9f6cbbd2c61d3ac90f5971a5e1c241035db23aa4d448d692e9c4c6376 0aadce43809e92d0b64c050c89c66c8ad4a19ae7416325e2e1652362fd442024
SERVER_HANDSHAKE_TRAFFIC_SECRET 8245f2c9f6cbbd2c61d3ac90f5971a5e1c241035db23aa4d448d692e9c4c6376 88f80508dbff6f8809a82e3b8278b8de75207fde0bc81c954babb00172e483f8
CLIENT_TRAFFIC_SECRET_0 8245f2c9f6cbbd2c61d3ac90f5971a5e1c241035db23aa4d448d692e9c4c6376 04e80abe46c26a3a032c6a739fc44dc765aaf7aaf19612919b3b24b4d328e1c1
SERVER_TRAFFIC_SECRET_0 8245f2c9f6cbbd2c61d3ac90f5971a5e1c241035db23aa4d448d692e9c4c6376 435c3da4a17a809ccd03e52bac546a21148c0ed73d5b1caa709929c7be36a465
EXPORTER_SECRET 8245f2c9f6cbbd2c61d3ac90f5971a5e1c241035db23aa4d448d692e9c4c6376 b86308d4f16e0b48d78585fcd57eb2e0216be7aa11a132f53498092f730e7d92
CLIENT_TRAFFIC_SECRET_0 5f8ed53b21e7abe45c950cdf55cc5e8fd8fcc6af638e3bcf427118c69c419275 460ed34142d25c9706af9d1e3d548cdbfda16708fe45cfcf1ced2d9a7183023f
SERVER_TRAFFIC_SECRET_0 5f8ed53b21e7abe45c950cdf55cc5e8fd8fcc6af638e3bcf427118c69c419275 022c46001dbc601d3d76d726c1d32cbfceaef00c30e02ceb738eaaf262aeed2a
EXPORTER_SECRET 5f8ed53b21e7abe45c950cdf55cc5e8fd8fcc6af638e3bcf427118c69c419275 4c11ce92499b181b2f281f48d1c6a7bffae236a129b6876fa18bb9f5941a568b
CLIENT_HANDSHAKE_TRAFFIC_SECRET 3f2a5836f28bf5502122bda41caf1e8ba585e654c9ad1e29efbb01b76ba9c108 74b6503f03f433441410ec895950f844a243233ad82cb80c7c2c22a6a2914d39
SERVER_HANDSHAKE_TRAFFIC_SECRET 3f2a5836f28bf5502122bda41caf1e8ba585e654c9ad1e29efbb01b76ba9c108 1ef74081d1e5e45af5b85229a5147d65011fc5e8429151e1bcff95bf858f5862
CLIENT_TRAFFIC_SECRET_0 3f2a5836f28bf5502122bda41caf1e8ba585e654c9ad1e29efbb01b76ba9c108 95e19b5a962932cbad6a00d366a6a94c567309e1174b2849626e2520b9f39744
SERVER_TRAFFIC_SECRET_0 3f2a5836f28bf5502122bda41caf1e8ba585e654c9ad1e29efbb01b76ba9c108 14c03a82c63097eaf2bc49d856506d7f2d45b06cc4305eee8a2430cc66a98731
EXPORTER_SECRET 3f2a5836f28bf5502122bda41caf1e8ba585e654c9ad1e29efbb01b76ba9c108 10762f81bd50d630b087e49df1030d253a51ebb9e3f0e989c8f3ab42a6e3fd01
CLIENT_HANDSHAKE_TRAFFIC_SECRET 4b6657a1bde679027dff9a6e06a2e7baf33dcddf493b18e3d6362c00a7f3b68e e4bdd7585fc43241aeb70e66718f3828de1dae8ec1cfdd6dfd74f13f651e1e11
SERVER_HANDSHAKE_TRAFFIC_SECRET 4b6657a1bde679027dff9a6e06a2e7baf33dcddf493b18e3d6362c00a7f3b68e cd379a93344611c1f27c56ed5f7da367ba80d67f31fc70b95d8a4e3d8914c313
CLIENT_HANDSHAKE_TRAFFIC_SECRET b743bc0878914e2aa6ae25d4ef7c627fd339d0be17d476f7e01398cb7e8de984 72a6ea63a59a4204c00d27b219877435e3f62e4f07ab1318452c6b345a3ffe13
SERVER_HANDSHAKE_TRAFFIC_SECRET b743bc0878914e2aa6ae25d4ef7c627fd339d0be17d476f7e01398cb7e8de984 74c25d86c0eb0fcf518425755fb715a013deda366813acf49a57e3998dbfba2a
CLIENT_HANDSHAKE_TRAFFIC_SECRET 1876fa2c78f1600502d12e01787bf5519d9e9b7d5f9fad4f845812ce800d4a31 0df5a446048b8051f0cbd3e46ba29b2e52fc201193180b75ac7616a493158bb8
SERVER_HANDSHAKE_TRAFFIC_SECRET 1876fa2c78f1600502d12e01787bf5519d9e9b7d5f9fad4f845812ce800d4a31 4bc32cdd6957bade4ce5a5c5fc1874f0024bebdff2b4995fe15122277861fd4b
CLIENT_TRAFFIC_SECRET_0 b743bc0878914e2aa6ae25d4ef7c627fd339d0be17d476f7e01398cb7e8de984 30758ae965cff58aec07756c57c0d4c85a61c2db9ebf591b65892afeb1b4d77d
SERVER_TRAFFIC_SECRET_0 b743bc0878914e2aa6ae25d4ef7c627fd339d0be17d476f7e01398cb7e8de984 2727748176f7a7dc7d1d068f6b7607cc0496c03074788935af635bd7054cf728
EXPORTER_SECRET b743bc0878914e2aa6ae25d4ef7c627fd339d0be17d476f7e01398cb7e8de984 d1200ea7093cb4bfdb505935d26c0429084e8fc531e220ddd19e72b9741c1d62
CLIENT_TRAFFIC_SECRET_0 4b6657a1bde679027dff9a6e06a2e7baf33dcddf493b18e3d6362c00a7f3b68e 66f56d85c414dfba9276694b15b5666d5364fa8f18da1b5579c20158451d99f8
SERVER_TRAFFIC_SECRET_0 4b6657a1bde679027dff9a6e06a2e7baf33dcddf493b18e3d6362c00a7f3b68e d3f52a2560fbaccb65e2e590ae251321a6f87bc399b4a2e29ba328d9e5decc9f
EXPORTER_SECRET 4b6657a1bde679027dff9a6e06a2e7baf33dcddf493b18e3d6362c00a7f3b68e b4590577c1a71a1129c7b57ad1cf53b2de2bdaa3bd52849d155e313333f69e2b
CLIENT_TRAFFIC_SECRET_0 1876fa2c78f1600502d12e01787bf5519d9e9b7d5f9fad4f845812ce800d4a31 419c1e5d68b6c471c8a2a5e44191ca4d6f55f38ef5683404b4971440f10a4895
SERVER_TRAFFIC_SECRET_0 1876fa2c78f1600502d12e01787bf5519d9e9b7d5f9fad4f845812ce800d4a31 3fea72a1ef18909aa04d7305342214da15c8cf0a33d0a9d1b0a7cc7c335082d5
EXPORTER_SECRET 1876fa2c78f1600502d12e01787bf5519d9e9b7d5f9fad4f845812ce800d4a31 e5c0db7a5e92871d9dc73b3f999d1b34a7f05b27824b9eb32b20b653465d26bc
CLIENT_HANDSHAKE_TRAFFIC_SECRET dea535181418f523399e6574f9b0b378e084043814a5e854c21ac9bf0894f155 3881c026083ee4026d5f6b3a214047ee8cfea653fe962163b90de9debeaa3429
SERVER_HANDSHAKE_TRAFFIC_SECRET dea535181418f523399e6574f9b0b378e084043814a5e854c21ac9bf0894f155 3c861d53087eb6e2e4d39e7a79991a1fda1f6745b68b197395fe47cea72bc2be
CLIENT_TRAFFIC_SECRET_0 dea535181418f523399e6574f9b0b378e084043814a5e854c21ac9bf0894f155 08a61148ad0099aa5089020d8418c5c99f59db09ff116510d32aa25dc37554db
SERVER_TRAFFIC_SECRET_0 dea535181418f523399e6574f9b0b378e084043814a5e854c21ac9bf0894f155 0ada570ecbcf84d5c47daa8d404178ed7f04774a0ec74af9313c9684e314ec1b
EXPORTER_SECRET dea535181418f523399e6574f9b0b378e084043814a5e854c21ac9bf0894f155 623137d8da08cf166a76501ab320b38c17e9001ff6374d30e2ec538799f4871c
CLIENT_HANDSHAKE_TRAFFIC_SECRET 898f614c39baa5239da9baaf3c0b3c52655d264194b611dcf0df4cfe6ba13a77 7e639c7a6cf14ab9791e7eb7566971728ac4a2c9ff2744d7153b368236c922c5
SERVER_HANDSHAKE_TRAFFIC_SECRET 898f614c39baa5239da9baaf3c0b3c52655d264194b611dcf0df4cfe6ba13a77 4bd85198c52de6670a2a4036106fdea993649c88c4938a9994e7eb997a4a1172
CLIENT_TRAFFIC_SECRET_0 898f614c39baa5239da9baaf3c0b3c52655d264194b611dcf0df4cfe6ba13a77 269eaaef3aedbf684bfb326322fd87a3b7965850ae844b012b1b2ad636671317
SERVER_TRAFFIC_SECRET_0 898f614c39baa5239da9baaf3c0b3c52655d264194b611dcf0df4cfe6ba13a77 63388543653f88b2d5991821c8281c07e7e5416df6b7909c3c28fef8fc4cb2c7
EXPORTER_SECRET 898f614c39baa5239da9baaf3c0b3c52655d264194b611dcf0df4cfe6ba13a77 e19d8e134c1b75298a5288c565a01de6a652515645bfe95edde96050313e5696
CLIENT_HANDSHAKE_TRAFFIC_SECRET e5e039c64eead5a52fc01c612e5a90e29e85b872793a962f49c844a3d746b846 0da0b2438ea797535bde4414b7f376977dfdb0eb8a0d2c9ae8796dcc132c2dc4
SERVER_HANDSHAKE_TRAFFIC_SECRET e5e039c64eead5a52fc01c612e5a90e29e85b872793a962f49c844a3d746b846 d98b7833aac2344e6d0752a26035f16f6cedaa84ff9bb8208d7bbe6260156755
CLIENT_TRAFFIC_SECRET_0 e5e039c64eead5a52fc01c612e5a90e29e85b872793a962f49c844a3d746b846 91138bbbd08810f1a464b3fd271b87b1f08152f3bf590d56a4e46ffad10f180c
SERVER_TRAFFIC_SECRET_0 e5e039c64eead5a52fc01c612e5a90e29e85b872793a962f49c844a3d746b846 b1a34a002580e160f82dc9527da210f5d88e82c8d772f7b0e2a0ac907c10d46d
EXPORTER_SECRET e5e039c64eead5a52fc01c612e5a90e29e85b872793a962f49c844a3d746b846 a9d515132bf6c8a0c6a111690085a920697235dee3cda91feea952abc0a0b33b
CLIENT_HANDSHAKE_TRAFFIC_SECRET e2692d53afdb6b078c307a36579d8d8073ed1cb93c84ae9463aa4af3415f1bca cf5ad8ad199018746b6d1d0f01550d86fd4e64784f133671c0a8e6a4b95fac94
SERVER_HANDSHAKE_TRAFFIC_SECRET e2692d53afdb6b078c307a36579d8d8073ed1cb93c84ae9463aa4af3415f1bca 0e5087e4db30ee4f9c40c9700d995a4bf3a52ae16d93cfeaeef9cf5fd1b31bb1
CLIENT_HANDSHAKE_TRAFFIC_SECRET f9d2b045cb28a99a6f3dac8129bb5774beffcc22dc41f93fdedd71bec8f3b619 5f98d8a7c86aaf11d7622a4743222523a076dea6bcfb459cde8bcbd9007a6985
SERVER_HANDSHAKE_TRAFFIC_SECRET f9d2b045cb28a99a6f3dac8129bb5774beffcc22dc41f93fdedd71bec8f3b619 02511a1207949162a65ffb595ce7a1003b98853da48a56b3df0241a041e957ff
CLIENT_TRAFFIC_SECRET_0 f9d2b045cb28a99a6f3dac8129bb5774beffcc22dc41f93fdedd71bec8f3b619 097a93d5c70357fc266d8d97b90abcc104fe4f2fe567b5586f5eb974a0bd15fc
SERVER_TRAFFIC_SECRET_0 f9d2b045cb28a99a6f3dac8129bb5774beffcc22dc41f93fdedd71bec8f3b619 11166cb85749500a9c9ba8e1c3bbdc704b3cfe842df56ab8b76cdf56822102dd
EXPORTER_SECRET f9d2b045cb28a99a6f3dac8129bb5774beffcc22dc41f93fdedd71bec8f3b619 3e2c320e064204fb8ad4f67671439a1c086999cf58ce5893e0ddbaef607ee9a7
CLIENT_TRAFFIC_SECRET_0 e2692d53afdb6b078c307a36579d8d8073ed1cb93c84ae9463aa4af3415f1bca 24e04114ea018b87b87a4124258c3566ab31890032891e4597d18aff2529101a
SERVER_TRAFFIC_SECRET_0 e2692d53afdb6b078c307a36579d8d8073ed1cb93c84ae9463aa4af3415f1bca e4237bd7715c0831441b72e03f69ef6fa031d63ba26f9088ecce5d129ab5be58
EXPORTER_SECRET e2692d53afdb6b078c307a36579d8d8073ed1cb93c84ae9463aa4af3415f1bca e52090a5f72d321cf5f8c91122932e6e4b78670f7eb87c398034b7af665640a2
CLIENT_HANDSHAKE_TRAFFIC_SECRET 4d9109c698826ff99cbe6ce2fad197f8d0f2dfd74d1743ab8a70490e8cb7fe6f 8411b35f3531a653df23044757ef4932b599291655830eb3e4c0f91b44cfc56a
SERVER_HANDSHAKE_TRAFFIC_SECRET 4d9109c698826ff99cbe6ce2fad197f8d0f2dfd74d1743ab8a70490e8cb7fe6f e936dc41f55677653c004d7a5d4c532784f69bcc537a8d87e5b699aea87819ac
CLIENT_TRAFFIC_SECRET_0 4d9109c698826ff99cbe6ce2fad197f8d0f2dfd74d1743ab8a70490e8cb7fe6f 0b019ecf2a670af911fd22e09eb45ad1481c18fe5c99cee743eaecaf2ea6b722
SERVER_TRAFFIC_SECRET_0 4d9109c698826ff99cbe6ce2fad197f8d0f2dfd74d1743ab8a70490e8cb7fe6f d9e43388e662add057e07c9e478e82d3c3e3caa60c76a778e6953eb64c2109be
EXPORTER_SECRET 4d9109c698826ff99cbe6ce2fad197f8d0f2dfd74d1743ab8a70490e8cb7fe6f 36271e0e95d39c260062cadf43826388b49a6a2218a266682d371dfc0083d906
CLIENT_HANDSHAKE_TRAFFIC_SECRET d20ec28b6c4135e0a8c43feaaad82696c4a128d4228a3100b66a3649fb459b7c b451bfeb483edcce7e067eaab3438c02fe5d83d39bd412b2691254c8054164ba
SERVER_HANDSHAKE_TRAFFIC_SECRET d20ec28b6c4135e0a8c43feaaad82696c4a128d4228a3100b66a3649fb459b7c fbb6b57703f4fffc66407609f64a807be5b019921b79cee0d6537998cfeafa29
CLIENT_TRAFFIC_SECRET_0 d20ec28b6c4135e0a8c43feaaad82696c4a128d4228a3100b66a3649fb459b7c 3285b5f4285a0bf6258df667c52780f9fd2fb735283191b1998532eb29bdad01
SERVER_TRAFFIC_SECRET_0 d20ec28b6c4135e0a8c43feaaad82696c4a128d4228a3100b66a3649fb459b7c 130b23d5ca93a8f0f313deec95d28d6b4d3baabead20af03d762e609c4db9a8b
EXPORTER_SECRET d20ec28b6c4135e0a8c43feaaad82696c4a128d4228a3100b66a3649fb459b7c 58ba346f24cc597a1c8a402468b76c6590cb1a9797de41abca3cc8eeb2656c34
CLIENT_HANDSHAKE_TRAFFIC_SECRET 7c99a23fcd4158850b1536bd985bb372df547408749d5a544adbee78828b09a6 ed35b8827ef91fa8b7d3f985ffe76e03a9e798d99a088662109ebe562674164b
SERVER_HANDSHAKE_TRAFFIC_SECRET 7c99a23fcd4158850b1536bd985bb372df547408749d5a544adbee78828b09a6 6924788b898f3ad0d606e773094f32d6f2a3e2284e33d2aa7d7a48a52849ab76
CLIENT_HANDSHAKE_TRAFFIC_SECRET 4442f24d84a5426ccb32833e84281be11c3062f15b93eed7598ee306294390a5 5b5b5757fbf34b83a8c16268e59bb55204cd08d9b5255c8aa88f0be9092c938b
SERVER_HANDSHAKE_TRAFFIC_SECRET 4442f24d84a5426ccb32833e84281be11c3062f15b93eed7598ee306294390a5 d5121902dc5f7ff3381a3e35aaa7c5babbe7be065aba9136416fe62a29b3e987
CLIENT_TRAFFIC_SECRET_0 4442f24d84a5426ccb32833e84281be11c3062f15b93eed7598ee306294390a5 9488d5d2adf43f265b2336c799a9906c3b34d7daf1565f7eab32da7d9b0233f5
SERVER_TRAFFIC_SECRET_0 4442f24d84a5426ccb32833e84281be11c3062f15b93eed7598ee306294390a5 fbd7af0137fbc4cfb6038e3722692ad0816e7ab0bd58cf67235072ae976b1439
EXPORTER_SECRET 4442f24d84a5426ccb32833e84281be11c3062f15b93eed7598ee306294390a5 c6ff0c0fa2bfa7ef59e68eed745b07f9a3ad0bd72f926fcdbf2e1e65822c1da7
CLIENT_TRAFFIC_SECRET_0 7c99a23fcd4158850b1536bd985bb372df547408749d5a544adbee78828b09a6 7fd635f0474b453ba5d0a26c84be2ce62400e47a7b3debf1e45317fe046ed0eb
SERVER_TRAFFIC_SECRET_0 7c99a23fcd4158850b1536bd985bb372df547408749d5a544adbee78828b09a6 6e7ba9b6ae398eda2910faa6f662c7bbd11fe79c228028c3aabea6dfc155943a
EXPORTER_SECRET 7c99a23fcd4158850b1536bd985bb372df547408749d5a544adbee78828b09a6 d2963647f8ba846a9bfb1308bbba21f73468b9d9e915d44913e4466bb04319ec
CLIENT_HANDSHAKE_TRAFFIC_SECRET 06bdc0e830af03398598a29a3a057dfb6255f56369719814be4161d480584f4d cbd6597cbd4805920054e1d37ae555625530910f05a79dff68e552ca8cdea225
SERVER_HANDSHAKE_TRAFFIC_SECRET 06bdc0e830af03398598a29a3a057dfb6255f56369719814be4161d480584f4d eb4f6a96e9bff7101acfddf8d4d842ee27d131d9a3716bb77d9b2b4edfff1753
CLIENT_TRAFFIC_SECRET_0 06bdc0e830af03398598a29a3a057dfb6255f56369719814be4161d480584f4d 8df9ad0ab575bd057318418d46dee5529648e8a9f4b52313101fa00eddfbb313
SERVER_TRAFFIC_SECRET_0 06bdc0e830af03398598a29a3a057dfb6255f56369719814be4161d480584f4d 81750d726958066badffaa3f6a8f4c9c0c6ff2a2ed404a88cd6067240c11e28c
EXPORTER_SECRET 06bdc0e830af03398598a29a3a057dfb6255f56369719814be4161d480584f4d 7f7c37e29441463c47a371407dcb1ad862a7e805d8eabd107a4f0731a3b043d4
CLIENT_HANDSHAKE_TRAFFIC_SECRET 56c2671a6314c5ee1f5406b2714e0f2e516b14dd5464fd89c604013de3342904 612ccf369b2d8424f19b99060a7c3e8718b3d0b751fb020f4001972f8806556d
SERVER_HANDSHAKE_TRAFFIC_SECRET 56c2671a6314c5ee1f5406b2714e0f2e516b14dd5464fd89c604013de3342904 3f4574a9e64f4a29d20b343ea9424753c9962115a9f81ed04fc1f477f2c43ba6
CLIENT_TRAFFIC_SECRET_0 56c2671a6314c5ee1f5406b2714e0f2e516b14dd5464fd89c604013de3342904 e299fc9f5cb2923a61ca396227189cdfe55cdaa17be8000a047f1f1d76252471
SERVER_TRAFFIC_SECRET_0 56c2671a6314c5ee1f5406b2714e0f2e516b14dd5464fd89c604013de3342904 2e188bb61b5f572e86ef59baf4d8c12e0dae3894dc2270196d15755560a9f7d9
EXPORTER_SECRET 56c2671a6314c5ee1f5406b2714e0f2e516b14dd5464fd89c604013de3342904 356f31f293db1fd9160b69dae0ca684400ebdd9f5cedfeeadcc09da18eb1e731
CLIENT_HANDSHAKE_TRAFFIC_SECRET f63f3bf38d96b952174ab767512d06fb671ff305691b477c632e2eab568ce3d5 1c00500222a65bb7cc3698fbc143205ebc53737d7987b2f9fc33802b35ba37de
SERVER_HANDSHAKE_TRAFFIC_SECRET f63f3bf38d96b952174ab767512d06fb671ff305691b477c632e2eab568ce3d5 422f2ac9dbd0ef9a0b4f60743519052236f2b67b6ceaf9049a6fc1b20dd9d8ea
CLIENT_TRAFFIC_SECRET_0 f63f3bf38d96b952174ab767512d06fb671ff305691b477c632e2eab568ce3d5 4975ec541d0e5f2a684eb690738b34abce0328b6a221930be88c7565ce95b2ad
SERVER_TRAFFIC_SECRET_0 f63f3bf38d96b952174ab767512d06fb671ff305691b477c632e2eab568ce3d5 295b8df173889a76ad1a2f173bd55a7109df7260d9ee2e2b2f3ed857c3d2cf7a
EXPORTER_SECRET f63f3bf38d96b952174ab767512d06fb671ff305691b477c632e2eab568ce3d5 fdafb87eb06f1f98030605ff2453e11145db1bb7b99d9b8e85357a4fb6da8df1
CLIENT_HANDSHAKE_TRAFFIC_SECRET 5dc325f394b27e75baa6ee8495c58282e09ce7a903149deb07f9fbfb6eac85b9 636e39c43f9490a0f92f18ffa20189ab30d314bebfd7388b4bd54542d2ab8ce1
SERVER_HANDSHAKE_TRAFFIC_SECRET 5dc325f394b27e75baa6ee8495c58282e09ce7a903149deb07f9fbfb6eac85b9 ec18728c617473e8c8e93ae361a0cfefc040caae690ef115b78a9d5f90abe7d2
CLIENT_TRAFFIC_SECRET_0 5dc325f394b27e75baa6ee8495c58282e09ce7a903149deb07f9fbfb6eac85b9 7e4ee19157c840f27dc390a55ee91e958cee086141149edb4a727f84d8074019
SERVER_TRAFFIC_SECRET_0 5dc325f394b27e75baa6ee8495c58282e09ce7a903149deb07f9fbfb6eac85b9 96369ae8222585701edbb622d0e873431555dc8dcb98ce575a0730a46b9860ba
EXPORTER_SECRET 5dc325f394b27e75baa6ee8495c58282e09ce7a903149deb07f9fbfb6eac85b9 a6af96e57fe5ee88ec40adb19b3bf9fb3fec62b0099dac20bce0d12d5ed4abfd
CLIENT_HANDSHAKE_TRAFFIC_SECRET 793daa849d544212f95bf94fc524c27466f8bcbd9c914c6dbdcd5e3454d4ab2b 23f46f218df8bcfef2de6a90e8de8a049ff1cd149dfc2e95c1ff4c6a5157cbf2
SERVER_HANDSHAKE_TRAFFIC_SECRET 793daa849d544212f95bf94fc524c27466f8bcbd9c914c6dbdcd5e3454d4ab2b d7d656cda1f26dc4887be6745082cba500949b3d31f5ed519434a54e87bbc794
CLIENT_TRAFFIC_SECRET_0 793daa849d544212f95bf94fc524c27466f8bcbd9c914c6dbdcd5e3454d4ab2b 4cbb9d49c1fd627c9fb359d1c09f831bdbe0bfe1f28332983fb7a4f5fe9d255b
SERVER_TRAFFIC_SECRET_0 793daa849d544212f95bf94fc524c27466f8bcbd9c914c6dbdcd5e3454d4ab2b e689106ec0324ac2f80f4a8e9e0e3a83e8216e2758f054bf65289c7c4c78dfbe
EXPORTER_SECRET 793daa849d544212f95bf94fc524c27466f8bcbd9c914c6dbdcd5e3454d4ab2b a17a2d4ab80f526d1205a6b2e07c0637d196c5753a907499c8192397cb91ce69
CLIENT_HANDSHAKE_TRAFFIC_SECRET 595df038013be3248468eb8b18779f5e0118f3f52233d51979b5d8e06bd48550 6f90d6c1d72577dfdf02d58455148a7940208815f825a2d35d5ac8d1294791d7
SERVER_HANDSHAKE_TRAFFIC_SECRET 595df038013be3248468eb8b18779f5e0118f3f52233d51979b5d8e06bd48550 667e509c74997bdc1ee68a50c00e8d975f9e90e9b1f6695854efb0a23ebccf7a
CLIENT_TRAFFIC_SECRET_0 595df038013be3248468eb8b18779f5e0118f3f52233d51979b5d8e06bd48550 fb42c11d220c0100f9c5302ab05a107ad06739acb64cd7c32b6ceddb958dfede
SERVER_TRAFFIC_SECRET_0 595df038013be3248468eb8b18779f5e0118f3f52233d51979b5d8e06bd48550 fdbfed1928158d5fe49c6ca297d3345e5dc20d821effdd1056a0744ce710b0c4
EXPORTER_SECRET 595df038013be3248468eb8b18779f5e0118f3f52233d51979b5d8e06bd48550 e2799040e87ac2818a735f93bc6df1dfbbca36af7be43bc02a145ffcbec8de2b
CLIENT_HANDSHAKE_TRAFFIC_SECRET 07002528da4bbbfc8f8d07568f91442e2b984d9f75c0f7e5423ee17710ee16b9 1c3bedb4faa946387522cbecbee64101ba0d899d27080fb7c5581f8add039576
SERVER_HANDSHAKE_TRAFFIC_SECRET 07002528da4bbbfc8f8d07568f91442e2b984d9f75c0f7e5423ee17710ee16b9 7593fd0b021ce76a8a560a14d905af776e0d2100eef0e79c259453f5f9bcfcea
CLIENT_HANDSHAKE_TRAFFIC_SECRET 86fad2ffefb87b6f18e830cf4f6b9fb484387b008f64bce163177f2ae69e5050 593976fc4a99a5b0aa6bec95dbdd174e68a101fc698fc03e9c46122e55ee06c1
SERVER_HANDSHAKE_TRAFFIC_SECRET 86fad2ffefb87b6f18e830cf4f6b9fb484387b008f64bce163177f2ae69e5050 e09ce8b75d984d103c868445aaf0165102c6d7cb0f997368644ff231930dce04
CLIENT_TRAFFIC_SECRET_0 07002528da4bbbfc8f8d07568f91442e2b984d9f75c0f7e5423ee17710ee16b9 09679a1600ddd5b2d0ad6f09dfc72fa5e5114f29245966e2c1d6aa7ed796ff19
SERVER_TRAFFIC_SECRET_0 07002528da4bbbfc8f8d07568f91442e2b984d9f75c0f7e5423ee17710ee16b9 a3372cb65e10db8d8baab82432153e447d30e2edc1fbefbfc0400c0bf773710b
EXPORTER_SECRET 07002528da4bbbfc8f8d07568f91442e2b984d9f75c0f7e5423ee17710ee16b9 9126f0596b45095dccf427d78b5ee424ad54f5d259f688886d212fe4ea6f5edd
CLIENT_TRAFFIC_SECRET_0 86fad2ffefb87b6f18e830cf4f6b9fb484387b008f64bce163177f2ae69e5050 2240a27e92cdeba40fff79b4fe3bfb5883a9f65391b9320276e1686f92703964
SERVER_TRAFFIC_SECRET_0 86fad2ffefb87b6f18e830cf4f6b9fb484387b008f64bce163177f2ae69e5050 913947d88b69790d2b2b621cc181222e054d2c2d66f7172de100a553a0f84bc7
EXPORTER_SECRET 86fad2ffefb87b6f18e830cf4f6b9fb484387b008f64bce163177f2ae69e5050 5af491d1f3f89fe044ce29e79c9e2f6fafa4ac1e70c550784ce978bde7d66a25
CLIENT_HANDSHAKE_TRAFFIC_SECRET eeba9475a5f8e0bf486ec245223490fef851fb25e0dc310f0168143a0adaef8a ee46af9d8435cecfdf257cde579006fbaa9680e8981dfa4921063d525947cac5
SERVER_HANDSHAKE_TRAFFIC_SECRET eeba9475a5f8e0bf486ec245223490fef851fb25e0dc310f0168143a0adaef8a e70a8ea85cb68931f409f73b884b29880a10f888940e2dcbc08023bfd5614f2d
CLIENT_TRAFFIC_SECRET_0 eeba9475a5f8e0bf486ec245223490fef851fb25e0dc310f0168143a0adaef8a 3b380a1e0834b3e2c4be159dbf5959e9401364b3ebfe85060bea5492e8c8b80a
SERVER_TRAFFIC_SECRET_0 eeba9475a5f8e0bf486ec245223490fef851fb25e0dc310f0168143a0adaef8a 2d9545c0bd27694afd87c1c6396d04c135f5e30caccb4f9b984d1cfccab6e296
EXPORTER_SECRET eeba9475a5f8e0bf486ec245223490fef851fb25e0dc310f0168143a0adaef8a 29a14f2a41f4a8a5227a407bf2475598ff49004b7cc200e0b9f8756725c7e847
CLIENT_HANDSHAKE_TRAFFIC_SECRET f3c140fb7e768d91f1eb4dbab00e64dca27e48555838190b286cd6a30492cfac 8458cf5d42fe2b9cc5a9364e1354b83f3887e8c44f08ce2a61cb8e1f86240a60
SERVER_HANDSHAKE_TRAFFIC_SECRET f3c140fb7e768d91f1eb4dbab00e64dca27e48555838190b286cd6a30492cfac c1a1f7d2c5835aec00c6d18f6714bc94ad13adc562d50059de4b5c8545f166fc
CLIENT_TRAFFIC_SECRET_0 f3c140fb7e768d91f1eb4dbab00e64dca27e48555838190b286cd6a30492cfac 2ae736f5f33bc89ef95923033e082c6c14598475fc5841fb55eb91a5f3918da2
SERVER_TRAFFIC_SECRET_0 f3c140fb7e768d91f1eb4dbab00e64dca27e48555838190b286cd6a30492cfac a3a5dab85009aa6fe9662f4cb433e33921699810620f19d60db96d8287fc70e0
EXPORTER_SECRET f3c140fb7e768d91f1eb4dbab00e64dca27e48555838190b286cd6a30492cfac 19b40ce6ed7b10a355b71141c34322e8f47a6e4251e2709fbf3e12feaa4db4f8
CLIENT_HANDSHAKE_TRAFFIC_SECRET b1d1b841193cfc8c11742db2ad3b44d4cb3d6069742ddf2e15d933c52ac001c4 0f41f235332556e9b4375800e9ca8f0be69793f6fae532940e26ad19427b0d9f
SERVER_HANDSHAKE_TRAFFIC_SECRET b1d1b841193cfc8c11742db2ad3b44d4cb3d6069742ddf2e15d933c52ac001c4 0eb047fe37dfa51a51a968e1a6563c42650276b65f4edab93663ff088f980ca9
CLIENT_TRAFFIC_SECRET_0 b1d1b841193cfc8c11742db2ad3b44d4cb3d6069742ddf2e15d933c52ac001c4 b082e859a72609d9a8e12e54c6f57ff030ad531172ca55337a4a8b261b81d31b
SERVER_TRAFFIC_SECRET_0 b1d1b841193cfc8c11742db2ad3b44d4cb3d6069742ddf2e15d933c52ac001c4 f44e6a5f3152745e7fe1a24eca4d69d274208274240ad60fc4f92ce2ada946bb
EXPORTER_SECRET b1d1b841193cfc8c11742db2ad3b44d4cb3d6069742ddf2e15d933c52ac001c4 022226f81e54a46b3ce5b41af672aa7fd16dd037e7cc4a15da272b616fd80e4d
CLIENT_HANDSHAKE_TRAFFIC_SECRET 3d9f49763b6325ba655a2c28c0ed00ecd1aaeaf8d22c8050f227f38d9b298569 bfe6373062ca05106d76c1114c4cf0a09c32215cf771eef688ca665e9895dbd6
SERVER_HANDSHAKE_TRAFFIC_SECRET 3d9f49763b6325ba655a2c28c0ed00ecd1aaeaf8d22c8050f227f38d9b298569 ce9302ab3740e21f5af38a3a5fb0fe16affd62e80ecaf47a56dfb167fb426c38
CLIENT_TRAFFIC_SECRET_0 3d9f49763b6325ba655a2c28c0ed00ecd1aaeaf8d22c8050f227f38d9b298569 766f7828bc655bed5f5c404f5b185a6d9fd87668568447fc9713277fa7bbc37d
SERVER_TRAFFIC_SECRET_0 3d9f49763b6325ba655a2c28c0ed00ecd1aaeaf8d22c8050f227f38d9b298569 a5e3c271609a8f7137a1dac1ced1802e9c1aeeb7fc3001791535b75a8c2af210
EXPORTER_SECRET 3d9f49763b6325ba655a2c28c0ed00ecd1aaeaf8d22c8050f227f38d9b298569 de481b9854ebff2f8d26f72109821ce41d54c1de421a2dfe03a8c99de3f30a55
CLIENT_HANDSHAKE_TRAFFIC_SECRET 8d71b05f289575256ef1ec1be67b4e4ba2ea6c638f94aea1ec6484d67aff7aa4 4dd3497a0ca1473676d3d95fbb0e20bf054b95886fe8b59753fe78282c855129
SERVER_HANDSHAKE_TRAFFIC_SECRET 8d71b05f289575256ef1ec1be67b4e4ba2ea6c638f94aea1ec6484d67aff7aa4 e061ced06b23047c32265ed9d7f0504c584a0d2bd7a05671aa0bf621a2a40bce
CLIENT_TRAFFIC_SECRET_0 8d71b05f289575256ef1ec1be67b4e4ba2ea6c638f94aea1ec6484d67aff7aa4 15b7c905aacc4139a070fe79bb164695b7639eabf4ab45165f82f1f3483af244
SERVER_TRAFFIC_SECRET_0 8d71b05f289575256ef1ec1be67b4e4ba2ea6c638f94aea1ec6484d67aff7aa4 f9c67cde5622c9393b3f90bf3180c23d8f2ce2d762ced7872605df79584b258f
EXPORTER_SECRET 8d71b05f289575256ef1ec1be67b4e4ba2ea6c638f94aea1ec6484d67aff7aa4 23b6cf8ed7503088118b1a2724c486a7884e1f7120c82f4081798bcf2e6b7686
CLIENT_HANDSHAKE_TRAFFIC_SECRET 9e605fcf8cd7439f551d32f575718c8d2d9e5453d97bab7436426241c19d1f71 07d21be2e1b4830bc03a01f32572972cd9da6150ea01dba1acc0b47193cc612e
SERVER_HANDSHAKE_TRAFFIC_SECRET 9e605fcf8cd7439f551d32f575718c8d2d9e5453d97bab7436426241c19d1f71 273e646b3de1f8ff14c92d50dd311289d04cfbb24e2801fdb98e51fb7c8c1520
CLIENT_TRAFFIC_SECRET_0 9e605fcf8cd7439f551d32f575718c8d2d9e5453d97bab7436426241c19d1f71 35455a6bc34f522ef113d09f6f8387414212c6bf2973abe66e6ae97cc85c5eb6
SERVER_TRAFFIC_SECRET_0 9e605fcf8cd7439f551d32f575718c8d2d9e5453d97bab7436426241c19d1f71 4f6b0b1c96a6ec4b0fed6e854c15b5fa1c61803f7d8fe1d602eee27df439845f
EXPORTER_SECRET 9e605fcf8cd7439f551d32f575718c8d2d9e5453d97bab7436426241c19d1f71 94699be71e85ba1e55702ff82b9f880a699014d291c0c4ee007621e98e618fdc
CLIENT_HANDSHAKE_TRAFFIC_SECRET 9b269dcfc54926d3aa875ba20e85d52659672bbbe5df3ebb48f5da53a5a35bb0 a8e1aac938772d0d173c26ca6a459122e38565a599f52068451e8c53e1df6c0c
SERVER_HANDSHAKE_TRAFFIC_SECRET 9b269dcfc54926d3aa875ba20e85d52659672bbbe5df3ebb48f5da53a5a35bb0 c56cd8d826431e8fa0cf1cf59d1190848bb4f8069940b2a951457e494a58c2e8
CLIENT_TRAFFIC_SECRET_0 9b269dcfc54926d3aa875ba20e85d52659672bbbe5df3ebb48f5da53a5a35bb0 d429af2739139730d198f71232e7719e9d55520e7873e47365057843650545dc
SERVER_TRAFFIC_SECRET_0 9b269dcfc54926d3aa875ba20e85d52659672bbbe5df3ebb48f5da53a5a35bb0 de6c90d85bdeb5305e60b1315da3a3fe029e2ddaf3e1d585dff09dc31be42350
EXPORTER_SECRET 9b269dcfc54926d3aa875ba20e85d52659672bbbe5df3ebb48f5da53a5a35bb0 4aff9e7721891aeb46be902d1b124b033b4863c8fe66f07017f6371bf169c009
CLIENT_HANDSHAKE_TRAFFIC_SECRET ad6df6204be6c36c810568fecd6c13ad56980f0bdf46101652a5b7a8e566c5e3 9aa989949309da337e8be77de6c652ef044a156d43114c13aba390216888f98f
SERVER_HANDSHAKE_TRAFFIC_SECRET ad6df6204be6c36c810568fecd6c13ad56980f0bdf46101652a5b7a8e566c5e3 c95d518433277ed64f4bcd2505bb93fbe1e64209ce2ce888553c334fde4fe4cc
CLIENT_TRAFFIC_SECRET_0 ad6df6204be6c36c810568fecd6c13ad56980f0bdf46101652a5b7a8e566c5e3 45e5d2870455ccf36b59193c90972cbc448f8efdd9c95ff1a917643d4484a747
SERVER_TRAFFIC_SECRET_0 ad6df6204be6c36c810568fecd6c13ad56980f0bdf46101652a5b7a8e566c5e3 ccedf18cb3fc2cdde519ea515021dbddf14d71bc5cff8c44000fea08325a270c
EXPORTER_SECRET ad6df6204be6c36c810568fecd6c13ad56980f0bdf46101652a5b7a8e566c5e3 0066834cbc84170ce88129d0b23fb05b8bfefdecb555fd062bfeb81f1267890f
CLIENT_HANDSHAKE_TRAFFIC_SECRET dff26ee96c19d78a3de2a0aade4ad4fed6b2f672e2d892881bd192422a5bc93b ca78873214996fb281a0bbe4d52c00d2a263d3d4cbc724e84a1d78307a5ea1c3
SERVER_HANDSHAKE_TRAFFIC_SECRET dff26ee96c19d78a3de2a0aade4ad4fed6b2f672e2d892881bd192422a5bc93b 4dda7ec548144ee8e2183f38218dbca2276ac3f04fc4707e222e834f7193ce3f
CLIENT_TRAFFIC_SECRET_0 dff26ee96c19d78a3de2a0aade4ad4fed6b2f672e2d892881bd192422a5bc93b 19c187df48bb29ee6287b2121b15cda78bf5f9e28a35b0b877d49dbdc77283f8
SERVER_TRAFFIC_SECRET_0 dff26ee96c19d78a3de2a0aade4ad4fed6b2f672e2d892881bd192422a5bc93b 833d731464f1e95148b34e8941df898f27000d70dac0afcb36768f0743be2ed4
EXPORTER_SECRET dff26ee96c19d78a3de2a0aade4ad4fed6b2f672e2d892881bd192422a5bc93b 0a2627c6c6325aa3ba806b2a64ea5199a1970a858f9b16399e19b0af3c31e0d0
CLIENT_HANDSHAKE_TRAFFIC_SECRET 3e477efb5e4778b524e198f302c8e22ef516f140973c11886c393d5bdb667127 ff98a534c6b8fe7ac45c5d4b607430a1d1d5f766c23849a6aea865757f9c11b5
SERVER_HANDSHAKE_TRAFFIC_SECRET 3e477efb5e4778b524e198f302c8e22ef516f140973c11886c393d5bdb667127 38dc6fa355726e9ea528da76efedc33c97172fd13fdaa2c42582e4067ce35575
CLIENT_TRAFFIC_SECRET_0 3e477efb5e4778b524e198f302c8e22ef516f140973c11886c393d5bdb667127 43790dc65fcf9f9b6a26a9f335fe76db2e237a631852d047405f99041407f971
SERVER_TRAFFIC_SECRET_0 3e477efb5e4778b524e198f302c8e22ef516f140973c11886c393d5bdb667127 b085ad5c04199f4494ce4e06f56f18d9637f2de77b9b76ea18a03b8a65e5fddc
EXPORTER_SECRET 3e477efb5e4778b524e198f302c8e22ef516f140973c11886c393d5bdb667127 286b9c102dfc66be9dfce8e6d892307f0fec56cdff33ec07a5dcc15dacd8491c
CLIENT_HANDSHAKE_TRAFFIC_SECRET 6877b4ae74496f837d13e867de648edd4f55d306bdc10ea8725b16aa34041e3e d8f974d51c55c315fa175b6421747873fe8f8d974daa2c588fec68def1e2fbf5
SERVER_HANDSHAKE_TRAFFIC_SECRET 6877b4ae74496f837d13e867de648edd4f55d306bdc10ea8725b16aa34041e3e 47892cc06de5ef53bc689d1bf55acf91459a240b80a05be426f955a0d3224a2b
CLIENT_TRAFFIC_SECRET_0 6877b4ae74496f837d13e867de648edd4f55d306bdc10ea8725b16aa34041e3e 16f939d896bbf19811cbb1ef35bb00f76e1354213ebba7c870c7fba7fba02d2f
SERVER_TRAFFIC_SECRET_0 6877b4ae74496f837d13e867de648edd4f55d306bdc10ea8725b16aa34041e3e 4100e7db024e47ebb1c8d0b4dbe271a9733205813be8e5e6bdfde42c158d7029
EXPORTER_SECRET 6877b4ae74496f837d13e867de648edd4f55d306bdc10ea8725b16aa34041e3e 01fa0b710d4f16e7218228870b93ba10fb289c3d57be4b2d658bc12037e406c5
CLIENT_EARLY_TRAFFIC_SECRET c1dc18879c3855cd921f67cfb199790123917b2a5147b47898d631e925dd62ad d2bc116a01e0e7a776fcb597ed88ec69e1cc01677e632ab097437cb7a671bd61
CLIENT_HANDSHAKE_TRAFFIC_SECRET c1dc18879c3855cd921f67cfb199790123917b2a5147b47898d631e925dd62ad f6889910aa29af330625d55677eccb3cb153a5ee2523082aa9383953645da4f7
SERVER_HANDSHAKE_TRAFFIC_SECRET c1dc18879c3855cd921f67cfb199790123917b2a5147b47898d631e925dd62ad 9afb7ede1e8f4515a352f6ef06ddd9b5d6f90c4f1479d323ef41ff8b4ee936b1
CLIENT_TRAFFIC_SECRET_0 c1dc18879c3855cd921f67cfb199790123917b2a5147b47898d631e925dd62ad d640002ed9844cd3dcccfef866bc4e3a4ffda05a6a5d93288e591a8a92e75a51
SERVER_TRAFFIC_SECRET_0 c1dc18879c3855cd921f67cfb199790123917b2a5147b47898d631e925dd62ad 345a98cd337d782bb2ce536ad3d736a0871c1a0946d0a4b2a680eefc36f2b980
EXPORTER_SECRET c1dc18879c3855cd921f67cfb199790123917b2a5147b47898d631e925dd62ad e37d9fc2e7d181c019a868b6056fabea5c084cb061d859563419c51dcca7bdb2
CLIENT_EARLY_TRAFFIC_SECRET 9915269bc3e2bfe0a6e8884417bc132f993b5c930256d31f2930d7763bc98134 946f302ba006206a972a799a2716a314ba9ff63fbc9d3ec82eeb3933b584df70
CLIENT_HANDSHAKE_TRAFFIC_SECRET 9915269bc3e2bfe0a6e8884417bc132f993b5c930256d31f2930d7763bc98134 78415b16dc480e925b0be118f4a99dab9101f6445a21fd4b67f036a53487d10a
SERVER_HANDSHAKE_TRAFFIC_SECRET 9915269bc3e2bfe0a6e8884417bc132f993b5c930256d31f2930d7763bc98134 a6b6341c985d7de9aeae27e5150ff5633eb8d9e5a38f1918ceab3574daea06e8
CLIENT_TRAFFIC_SECRET_0 9915269bc3e2bfe0a6e8884417bc132f993b5c930256d31f2930d7763bc98134 eeb5a7eaec61a3d68d2efc432e059e1a5f6247a0c5a1762f3093cfa26f06b3df
SERVER_TRAFFIC_SECRET_0 9915269bc3e2bfe0a6e8884417bc132f993b5c930256d31f2930d7763bc98134 c1f7243fc8dc752a7b7d7387328c58be60c27fb436af0ed0f847fb9abac230a2
EXPORTER_SECRET 9915269bc3e2bfe0a6e8884417bc132f993b5c930256d31f2930d7763bc98134 ce2ed023e6bdd164d0a8da51c02720fe9d12371c3f422f3855b272e7eaaed017
CLIENT_HANDSHAKE_TRAFFIC_SECRET fa418d828472d2a47874d975b77f7e4e125f756d968307e900eb44edb0769afb 8dfec61eb7979201afd7b9e641ee64c8e17c6f2ba04a0c2ab7522a6cca27be83
SERVER_HANDSHAKE_TRAFFIC_SECRET fa418d828472d2a47874d975b77f7e4e125f756d968307e900eb44edb0769afb 91a4a99ed03e26b817735db8977120c14ec83f39e66791d5165504b035bd4dfc
CLIENT_TRAFFIC_SECRET_0 fa418d828472d2a47874d975b77f7e4e125f756d968307e900eb44edb0769afb 1f33d9452c534db86755beb069c27d06b82a0ce2f6c2ac58cf600e10660692cb
SERVER_TRAFFIC_SECRET_0 fa418d828472d2a47874d975b77f7e4e125f756d968307e900eb44edb0769afb b36ffa67865a95b1305f9d24b28d635e7103b80fe229b01968028387cdbcc7fe
EXPORTER_SECRET fa418d828472d2a47874d975b77f7e4e125f756d968307e900eb44edb0769afb 9ec25f8d0a5f4005de19ae97b9a3a9515080641193c550afcd0f52b955d6d7be
CLIENT_HANDSHAKE_TRAFFIC_SECRET b4e4173167610bde9fe220ae5a702c4d4a6c57866bf3978cdf8ddd48c8377b82 1bce7cb23f6861fe52a5b0885b4b82c457f2983599b3872f9e3d5109a3837028
SERVER_HANDSHAKE_TRAFFIC_SECRET b4e4173167610bde9fe220ae5a702c4d4a6c57866bf3978cdf8ddd48c8377b82 823ad20755c82ddb96d112edad11c1ce1d9a305b06bcdb607227f4460e4bbfb6
CLIENT_TRAFFIC_SECRET_0 b4e4173167610bde9fe220ae5a702c4d4a6c57866bf3978cdf8ddd48c8377b82 8b66352f46b58c8d9ed1cc57db9ff17216c443fe3fd39a487e77cd1e64f1abc9
SERVER_TRAFFIC_SECRET_0 b4e4173167610bde9fe220ae5a702c4d4a6c57866bf3978cdf8ddd48c8377b82 3f87c5dc0db23409bcdd0b1337958e742444ab85ae1779b7f4ae45a32ab7480c
EXPORTER_SECRET b4e4173167610bde9fe220ae5a702c4d4a6c57866bf3978cdf8ddd48c8377b82 76378c5395ce28941ac17c281248c36a3a7d9564c452265bae71ec6406c94c5c
CLIENT_HANDSHAKE_TRAFFIC_SECRET d02b5963578ad1643cc2144d3da1f7d78e80222d32fb27b4a3db4db3aa84172c f837ef0984956914321d9466b5aa341a5510b0bc86048b245873143c95f29637
SERVER_HANDSHAKE_TRAFFIC_SECRET d02b5963578ad1643cc2144d3da1f7d78e80222d32fb27b4a3db4db3aa84172c 0718456e1c38de08801eebf29d1e05848303e9dc67c4ac56847e4787011d8215
CLIENT_TRAFFIC_SECRET_0 d02b5963578ad1643cc2144d3da1f7d78e80222d32fb27b4a3db4db3aa84172c 7286d2100c4fdf331f2e9a32ff0e59da950f82b96d4174ce7c6831e486b37321
SERVER_TRAFFIC_SECRET_0 d02b5963578ad1643cc2144d3da1f7d78e80222d32fb27b4a3db4db3aa84172c e7a797d5557c7643f88e3084241343928a2a36a5cd8e80fbe3d201ead7b824c5
EXPORTER_SECRET d02b5963578ad1643cc2144d3da1f7d78e80222d32fb27b4a3db4db3aa84172c 7870c86da94f3267d45e9596482d36c4da5bb94705891efbd97997e22dc01ebb
CLIENT_EARLY_TRAFFIC_SECRET f91aeb473cfae80f9f47ae0b949dc861048456ddc5ef735278ba767c2fbbfbce c0d0372412bb03d6ca6e8d1e639d59db3755e7e197851b74a83e809bb39e4726
CLIENT_HANDSHAKE_TRAFFIC_SECRET f91aeb473cfae80f9f47ae0b949dc861048456ddc5ef735278ba767c2fbbfbce 3305ab46209f6cf803263e2eee6df3ac68e5d57cc04f1cc908d25d0115e06cb8
SERVER_HANDSHAKE_TRAFFIC_SECRET f91aeb473cfae80f9f47ae0b949dc861048456ddc5ef735278ba767c2fbbfbce ac928e3d35d105f7bf9058240d22a1f49d6f4cfc0c739dcfad887d554319b9a0
CLIENT_TRAFFIC_SECRET_0 f91aeb473cfae80f9f47ae0b949dc861048456ddc5ef735278ba767c2fbbfbce 1c15993eeae0e028c0ffcc3486508e6cabbcd56753ed08cef88ed410de066d08
SERVER_TRAFFIC_SECRET_0 f91aeb473cfae80f9f47ae0b949dc861048456ddc5ef735278ba767c2fbbfbce acefd003c5253fa63d4a7c05c4138c9f76a325e59b682345ca6a046b11cb3e19
EXPORTER_SECRET f91aeb473cfae80f9f47ae0b949dc861048456ddc5ef735278ba767c2fbbfbce 9b87e586eb1805da657db7c88a953b37d0911d49997bd3ea523c0978de321d7e
CLIENT_HANDSHAKE_TRAFFIC_SECRET de21cbd4497bae1a93a8f6dcc4da6d1b92b123b97a9a16194817c28c4e1a8664 477715e22bb650705e87a367467f438d2f50fe01d03b5fbe9e3177f84f6249d8
SERVER_HANDSHAKE_TRAFFIC_SECRET de21cbd4497bae1a93a8f6dcc4da6d1b92b123b97a9a16194817c28c4e1a8664 a0e860a64f4a8114192171649488805b394e7b8a1558216b56ce738a272c9696
CLIENT_TRAFFIC_SECRET_0 de21cbd4497bae1a93a8f6dcc4da6d1b92b123b97a9a16194817c28c4e1a8664 e0ca0a024fc1fb9abc992ef8f3b209219efee32b2b70d9168e59537dcdcfa265
SERVER_TRAFFIC_SECRET_0 de21cbd4497bae1a93a8f6dcc4da6d1b92b123b97a9a16194817c28c4e1a8664 ad49ce52419a0a4c13d396fdeba277d45b33e6d954b5cfd3da3e2ec58d859173
EXPORTER_SECRET de21cbd4497bae1a93a8f6dcc4da6d1b92b123b97a9a16194817c28c4e1a8664 c64116cb2b1f41bf86397cdbc33ff2e648fbc37e024db41ab86a7dbd7d99432c
CLIENT_HANDSHAKE_TRAFFIC_SECRET 5fbe4bba924d3e320444afece8b29aef68330e050ca477dc51ca396727dbae03 9d2a2011110549cae05969c0bf3d71bff1682daad146d74683883efe55879fbc
SERVER_HANDSHAKE_TRAFFIC_SECRET 5fbe4bba924d3e320444afece8b29aef68330e050ca477dc51ca396727dbae03 db0153651530e2b83ead70042b2efe2312835fa5c0d878c766d8875eac392e50
CLIENT_TRAFFIC_SECRET_0 5fbe4bba924d3e320444afece8b29aef68330e050ca477dc51ca396727dbae03 534467c5268bcd32b20349365a168c3b2a4ebc493a6c70b8651e1b3a6db3603d
SERVER_TRAFFIC_SECRET_0 5fbe4bba924d3e320444afece8b29aef68330e050ca477dc51ca396727dbae03 c68d8b81f9865d7f5d18bc9f5d8dfe6ae7982803f6b0da57ca97dff6deef833e
EXPORTER_SECRET 5fbe4bba924d3e320444afece8b29aef68330e050ca477dc51ca396727dbae03 d47417f6d658840176353ac5e44038a8a841630762a0c8cf6e06e0e102b82a06
CLIENT_EARLY_TRAFFIC_SECRET 47a4a4784646f6a3b16db6972b2887b421cbb6f9fd765f5f5e30e296e9c5abb9 90a0fd00ad7e471bbfb896e05b62c907e36e8a83359fd43389a1f8d8b4f771d8
CLIENT_HANDSHAKE_TRAFFIC_SECRET 47a4a4784646f6a3b16db6972b2887b421cbb6f9fd765f5f5e30e296e9c5abb9 ab3078ccee6cd2446c09db11b1cff10c8d9c1f881278f61b8edeaa433611dc61
SERVER_HANDSHAKE_TRAFFIC_SECRET 47a4a4784646f6a3b16db6972b2887b421cbb6f9fd765f5f5e30e296e9c5abb9 49eff7b7bd657d88a3fb0e183eafa0f68b97c5c520ff5adbd99b906c8386fe1c
CLIENT_TRAFFIC_SECRET_0 47a4a4784646f6a3b16db6972b2887b421cbb6f9fd765f5f5e30e296e9c5abb9 8e989e63a6e34bb81e0a07af770a17207dde3e3c439dd6da49a6472b7fd9d57e
SERVER_TRAFFIC_SECRET_0 47a4a4784646f6a3b16db6972b2887b421cbb6f9fd765f5f5e30e296e9c5abb9 0ce08a2b094bb7b8a7efa4bae06ca756c544822b427d9cad74a5a285a84beec6
EXPORTER_SECRET 47a4a4784646f6a3b16db6972b2887b421cbb6f9fd765f5f5e30e296e9c5abb9 f1b6a384514657592169c1d7e303032cbb859a98b6bbaf9d612ed33f4541768e
CLIENT_EARLY_TRAFFIC_SECRET 6c3c3aae0b092db474f7749cbc9a5392e7bebab01a7bd0b140eb059e232bc47d 31e344579039760b23c69fa4f0497c4e0433f795e9862abf61ea2194f4603064
CLIENT_HANDSHAKE_TRAFFIC_SECRET 6c3c3aae0b092db474f7749cbc9a5392e7bebab01a7bd0b140eb059e232bc47d 1ad5fc06f37d8767c3f266a40c3809297cd61deb81d9d9ec7f29c36fdaa04ce8
SERVER_HANDSHAKE_TRAFFIC_SECRET 6c3c3aae0b092db474f7749cbc9a5392e7bebab01a7bd0b140eb059e232bc47d 3a31dba5fd2d0b0ec146e32306b95b1560a9e2ef59f60a96321cfb1bfafd95c1
CLIENT_TRAFFIC_SECRET_0 6c3c3aae0b092db474f7749cbc9a5392e7bebab01a7bd0b140eb059e232bc47d f931e89ff711667464baad4f3cf819fa2260bc679faf2918a854279ca803de93
SERVER_TRAFFIC_SECRET_0 6c3c3aae0b092db474f7749cbc9a5392e7bebab01a7bd0b140eb059e232bc47d 913bf5c55009625c8a99662b7a5fc480864ab7d38b04b2bab7ec5222af9e1a72
EXPORTER_SECRET 6c3c3aae0b092db474f7749cbc9a5392e7bebab01a7bd0b140eb059e232bc47d 5ba800b907ce15831eb63b9e2399f264dca1a6697d0315dbf02c44e876120169
CLIENT_EARLY_TRAFFIC_SECRET bae711f62a78c061ba83143836caaf5b0d0e1810d0591ae2065ad9d966f19e97 e53465b6bdae582a712908e311ee25f71ded4fa503a9e570858b3a1bbb965ac3
CLIENT_HANDSHAKE_TRAFFIC_SECRET bae711f62a78c061ba83143836caaf5b0d0e1810d0591ae2065ad9d966f19e97 b861f1ba28d06f6578a05d7b5eb3e83d5a66ca4711fafaa622c65ad6d510015b
SERVER_HANDSHAKE_TRAFFIC_SECRET bae711f62a78c061ba83143836caaf5b0d0e1810d0591ae2065ad9d966f19e97 e5d3a5e0313af36fcc368caaeab2a850135aa783a84ba5915935aad582c8bfe9
CLIENT_TRAFFIC_SECRET_0 bae711f62a78c061ba83143836caaf5b0d0e1810d0591ae2065ad9d966f19e97 d06fd838f3bc7c2b5b3d003fc5cc62801bdda92811fcd87c64c42acb71683baa
SERVER_TRAFFIC_SECRET_0 bae711f62a78c061ba83143836caaf5b0d0e1810d0591ae2065ad9d966f19e97 fc38a95e819524a817acdd8523ac05d0ff7621a5528c2862e658c0a4341e54c9
EXPORTER_SECRET bae711f62a78c061ba83143836caaf5b0d0e1810d0591ae2065ad9d966f19e97 fd0f5404c66466b240fe779dbeda27aa1c069c79959293d87e56149311c04bc9
CLIENT_HANDSHAKE_TRAFFIC_SECRET e4a0a5498826d0efaae7e1ce56d6ffa24180a48b5e977fe1d102c406b9468f17 75ff6869208c7388cf828aa6658f4159ca7875c01623bc00aacfc414239a0179
SERVER_HANDSHAKE_TRAFFIC_SECRET e4a0a5498826d0efaae7e1ce56d6ffa24180a48b5e977fe1d102c406b9468f17 ed3c494794480e1b47e89e132ebaa91c79c5b29efdbba9a3c95cd44905c65ba4
CLIENT_TRAFFIC_SECRET_0 e4a0a5498826d0efaae7e1ce56d6ffa24180a48b5e977fe1d102c406b9468f17 9f48b8869701a4e357280132496d680a2a376b446003cadf419ea782718befdc
SERVER_TRAFFIC_SECRET_0 e4a0a5498826d0efaae7e1ce56d6ffa24180a48b5e977fe1d102c406b9468f17 43b99f9ada78f24acc6b1913a0d3445cc2a966ce02924cae9ca1eaee81cb04ba
EXPORTER_SECRET e4a0a5498826d0efaae7e1ce56d6ffa24180a48b5e977fe1d102c406b9468f17 e6a491bcea05d8c10f0231f4bdf787961d0ab4382fe7aee414c2c5b1e05d34e3
CLIENT_HANDSHAKE_TRAFFIC_SECRET bcc73341fed0911b507771d004d6855574030b204e60b214c02c571ebd9d1576 e3ff7ea74f4075237bd7ec28eef79f7c9e09f1eb0626bd00bf725488624ef563
SERVER_HANDSHAKE_TRAFFIC_SECRET bcc73341fed0911b507771d004d6855574030b204e60b214c02c571ebd9d1576 ccd6d46c36e40778e8babff35512d42a975ea1cd391561fbcb2c9bc47203e8b0
CLIENT_TRAFFIC_SECRET_0 bcc73341fed0911b507771d004d6855574030b204e60b214c02c571ebd9d1576 0bb1ac3c0e32141850093a0e61a66347fd9a50b591c338b7e6e1c9e84ea6ab0f
SERVER_TRAFFIC_SECRET_0 bcc73341fed0911b507771d004d6855574030b204e60b214c02c571ebd9d1576 448ade1f7cb464aeacaccddf9bb802352dde174ba8968772edb8df494316a3e7
EXPORTER_SECRET bcc73341fed0911b507771d004d6855574030b204e60b214c02c571ebd9d1576 c81668a645539f8c214cb8cc725c62d29f9aea403cafd9c4f3077f49aa39a091
CLIENT_HANDSHAKE_TRAFFIC_SECRET 372c7eaed9d4315c162d3835bb39af7aeb74ee3cbc047e609cd663b4fd5f7d5c f7e80b893d302a7ba068274cb039637723f5e22104420c0c52dff47a11a82b92
SERVER_HANDSHAKE_TRAFFIC_SECRET 372c7eaed9d4315c162d3835bb39af7aeb74ee3cbc047e609cd663b4fd5f7d5c 1add00256b81921aa20628e6d681309dbf7cf21c24b0d752ca1583379a6eb79d
CLIENT_TRAFFIC_SECRET_0 372c7eaed9d4315c162d3835bb39af7aeb74ee3cbc047e609cd663b4fd5f7d5c 2e4ef344a2d5967f3f029caf410f13f54d7554566c80f94e1e677b5c6e721cbe
SERVER_TRAFFIC_SECRET_0 372c7eaed9d4315c162d3835bb39af7aeb74ee3cbc047e609cd663b4fd5f7d5c 48ff9df6d81c5fd1978ba35d412f3d7447c74a9c55b9f294c4e9e3bdbc425714
EXPORTER_SECRET 372c7eaed9d4315c162d3835bb39af7aeb74ee3cbc047e609cd663b4fd5f7d5c 46f587630b524f2ddf33aa276712eb39f46596220bd2534a8ab4c9d36a1f0877
CLIENT_HANDSHAKE_TRAFFIC_SECRET e2967e525eb80be2cbc2cb51c21dac531eab4a0a112ec5115d8967bbaabab8d7 44974d7d29476fe3f8fbe2637a3d576bce1af4665c9a9e4b757299c4527d17ce
SERVER_HANDSHAKE_TRAFFIC_SECRET e2967e525eb80be2cbc2cb51c21dac531eab4a0a112ec5115d8967bbaabab8d7 8d7204c9ad55974505d16fb659aa365b342809c18ec4630951602d3b6c82ebb4
CLIENT_TRAFFIC_SECRET_0 e2967e525eb80be2cbc2cb51c21dac531eab4a0a112ec5115d8967bbaabab8d7 d15b1cc81219dca77867719ef45112ac2aafb99c0e622d73e1c3afc4e81493fe
SERVER_TRAFFIC_SECRET_0 e2967e525eb80be2cbc2cb51c21dac531eab4a0a112ec5115d8967bbaabab8d7 49faacdd525dd41e5b970d9fd3a4fcd89c94448a88d3872c5b12f1167719bd41
EXPORTER_SECRET e2967e525eb80be2cbc2cb51c21dac531eab4a0a112ec5115d8967bbaabab8d7 6466e5b63a6ea623717837caa9ecde6d084d1fdc3fb87789c5a6a8cbcdbdcdab
CLIENT_HANDSHAKE_TRAFFIC_SECRET ecfcaba228d55d97dff2cc3a66d68e2ea2c70d2d9d9ddc804adb6c8b0b48895e ad0e3582cb3c05347a000ab058a8af82c09f464141812c7781f48f4f7fa230b3
SERVER_HANDSHAKE_TRAFFIC_SECRET ecfcaba228d55d97dff2cc3a66d68e2ea2c70d2d9d9ddc804adb6c8b0b48895e 46ffef189eca536905f7cc96bf04ff82113d0998a21df5440da09f16efd13be8
CLIENT_TRAFFIC_SECRET_0 ecfcaba228d55d97dff2cc3a66d68e2ea2c70d2d9d9ddc804adb6c8b0b48895e a953cf030bbb010e83819ecb57e2bcc5804bff5b89a7e41de82767e785662a0d
SERVER_TRAFFIC_SECRET_0 ecfcaba228d55d97dff2cc3a66d68e2ea2c70d2d9d9ddc804adb6c8b0b48895e e549c8efefbc4177017b64620e3e3233167d7ad86e69108b8b1eae5285d08c40
EXPORTER_SECRET ecfcaba228d55d97dff2cc3a66d68e2ea2c70d2d9d9ddc804adb6c8b0b48895e d54a9db44b9e898a354b6bebf4d51c8b813eb81ee9caf01f487121a214b4c024
CLIENT_EARLY_TRAFFIC_SECRET d51179000cec420a48d6f1125af73a4e7f4c26a6864aeb08bd413088921ae82c d7a03aaa30c44839c4c08975c85c0836ff66b3629102c91e5ce3fa03f6c9b7b0
CLIENT_HANDSHAKE_TRAFFIC_SECRET d51179000cec420a48d6f1125af73a4e7f4c26a6864aeb08bd413088921ae82c 73487a31d5d974dc08c0dc65e0cce93251a57f628004b1860ad9a14365b9bfbf
SERVER_HANDSHAKE_TRAFFIC_SECRET d51179000cec420a48d6f1125af73a4e7f4c26a6864aeb08bd413088921ae82c dd7f67227e6d77bf3543534efd69de5cd5cb6a15879dc7dee6587b44d84070e1
CLIENT_TRAFFIC_SECRET_0 d51179000cec420a48d6f1125af73a4e7f4c26a6864aeb08bd413088921ae82c 2c9e0ebc79b7f1d12707c925f3e41c84f60c770d7685f383987c290012c2874d
SERVER_TRAFFIC_SECRET_0 d51179000cec420a48d6f1125af73a4e7f4c26a6864aeb08bd413088921ae82c 16ec3a472a0f5f1166d1f228d01e4216089998236fba43cd34591d7b30b94feb
EXPORTER_SECRET d51179000cec420a48d6f1125af73a4e7f4c26a6864aeb08bd413088921ae82c d56a051399ba496f1156d4e92b1d4e5b5f1bd4f1a0344a96baa65b5a6dd3fc3c
CLIENT_HANDSHAKE_TRAFFIC_SECRET 3a07147a397d09ea1f6351c00d8dc49bf3942a8aba91542b7450bfbd4d698894 268f569c434e1e91cabddb31a93248cfb46f52d6e6260243000e0b15b664c943
SERVER_HANDSHAKE_TRAFFIC_SECRET 3a07147a397d09ea1f6351c00d8dc49bf3942a8aba91542b7450bfbd4d698894 bdf49a374664fb8c87061a67ee1d3362f445c5028dbd8d87ccac4243f55d1a35
CLIENT_TRAFFIC_SECRET_0 3a07147a397d09ea1f6351c00d8dc49bf3942a8aba91542b7450bfbd4d698894 bebdb65ff9157a6509ba237306fd5366bc8e7068bb6a2ee660164d662caeb12b
SERVER_TRAFFIC_SECRET_0 3a07147a397d09ea1f6351c00d8dc49bf3942a8aba91542b7450bfbd4d698894 9565f74564c199a686ff27963f6ce2de48fcff47641bfc2cd6351abc799bee6a
EXPORTER_SECRET 3a07147a397d09ea1f6351c00d8dc49bf3942a8aba91542b7450bfbd4d698894 67a75c879c6fcf0effa5eb1434dc1e6e700555c42795dcc0781d8d9bf6919ec4
CLIENT_HANDSHAKE_TRAFFIC_SECRET 835799c76c0fedf2687119a4b72f124e9f248bfc97beadeac39378260781f6ba e5fb38f1d7efc624b805bbbc09e58ae798ae4f2d7c142b16bde1ca12150f3a3e
SERVER_HANDSHAKE_TRAFFIC_SECRET 835799c76c0fedf2687119a4b72f124e9f248bfc97beadeac39378260781f6ba 90952f09917e327ca19bfc30c6ec357c36d5b35d45d0f81724fca586afae95d2
CLIENT_TRAFFIC_SECRET_0 835799c76c0fedf2687119a4b72f124e9f248bfc97beadeac39378260781f6ba 1fbd61eda1bb3a52deac56781168d9e7ee92e9794918abfffb66d6e570086ecb
SERVER_TRAFFIC_SECRET_0 835799c76c0fedf2687119a4b72f124e9f248bfc97beadeac39378260781f6ba ef5f3fefa9915f01b92660aaac969e88ef751b45e07165a9ad67047fa88ae10b
EXPORTER_SECRET 835799c76c0fedf2687119a4b72f124e9f248bfc97beadeac39378260781f6ba b8702fb43f44b0e30d8324351a2cecbdfc17835c4d4455fef06b28c5655e4286
