CLIENT_RANDOM 2a8611c3e1d01dad320e2c9529f2b07c90a7a38e623c5ee63f45893b55d2e22d db117d1ddfc5ad649096be38f0bdfacbff0cb6a2f0d952cb702e924545f21ff52ebc4fab1df6354922732576c9c004ec
CLIENT_RANDOM 25b80e6dc71953f6628060a8c9a3165a829e68dfdca88b10bae154dc30fd7a1c efbde26a0b0cc022ba8614d6b35096f702b08d55a8afb8ee91d5eaf828c72536d285d02480327085b84fa512198ceaba
CLIENT_RANDOM 3f6c8b1a274dfa8e032f4f00e76a8ad480666567c0763d58f027824f08d2cc34 8a96acc07b6f7aeceaf0bfc6a22f84bb0ba61ce984477c981599217673ea31a0e86405ad6f72c857ccbb77537dd3ae02
CLIENT_RANDOM 16f6c42147bbf420e88db97762ed10b1922c7a547b5ecc3af2527e035117e342 2989bb0e21803e1fb56638e586ebb64d4d960210557d987fc6d63188c356a350a913b7eee65e0b7aa2dfc282683fd90f
CLIENT_RANDOM 310f69558144f2b2bac27bfcb8270a8c618f6d264c050c80cb951962f7c12d86 affb30c2dc6cede247bfb73ba11f4d02cabe44ee44bd3cffd580948198482157288623998ce044eb595e3a53ec5dd12f
CLIENT_RANDOM d18a823a261419c0a10d21c1acc0c234548e34a4bb6cf683cfdde83c728044db 1af3becce1ee794eda1b7f30b2bd9a8cce1451011c006099c452e69e06a250b86d7494e1052a61f0b78c61bed8fe0b4b
CLIENT_RANDOM 6c526f270fbae24eb3e1feaedb5fe083a6998db2397a7f5498dd18a8a3f08a8b 56928b03bc0891dda951f58dc00d61220017c864b56d0b4248451a233f2cebd15a5d14862dc99c339d3e0ad1a5263bcb
CLIENT_RANDOM 4496ca6496adfce13769393cc728c57f77339674cca01ddf9e922bc847a2c5cb f730d3633dab07cf224277bea1e3b005c4137d135af533c19afcd0a6519c3aba222c4b54c2fc99710973f7dea3c48314
CLIENT_RANDOM 3690d23b9f84d06521ff580fbb0310960d3efd9ea2b8302fe754dc992859c17a f9702ee2a1dfb6fae970ddd41032627662039a5d2790fdcc8b95e0d7bcde22b2951f26a2c20db03c4b8c312a2b85d761
CLIENT_RANDOM 472daef6b027c1cda3726fac1bbd188dc1fc32beec20ce6d355d1f75b4e45b25 0ef76ac8cbb40d2270be94e81ef915973ad0258ab7b26ebfc06c8828381210e787e17552cc6bf84a0eed6769639d162f
CLIENT_RANDOM 027cc3771bff7df51c290df3fdce85c59eb5603f1e6193ba0d3d4d6f27c203a9 e77effeedab161c83335d2502b586f15984ee00eedaf30d64d4ae17b5798a91115d138b3e124e75853c8d8fdcbdb2eda
CLIENT_RANDOM 39df5cf79e26514ced9b3044cb35e8c4fae1b3dbea1bdd0a783d136d34d72272 87face20eee532a1bd04feabb151b0425f26b4b0e8f77841810ae4a713fe6a57e631f0438ac64d8cd695c4bfac5f9d30
CLIENT_RANDOM db42e6132c9bcfa27905355223d59e6bbf6c0daafd99cdbe9c8ed1175a577021 d8ead710361c2d72dda620e4c42edca1b053ac69435f55a208f84739484d4e6efa778e40f230935a68ec404c78796f81
CLIENT_RANDOM b38ff60daaa442af6c2de96e5b3ace354479dcd7aec6122e2c3c3915459e6ae9 b00c02bc9a639f4d7472782b5e90db4df2ec29c429ee5d5c8b3f04b84257dca05cf73a7d94cc5f0d0c92f7af587763a4
CLIENT_RANDOM 152b045d387cf1b2678529709f5f2a6d71cd07277826299d109b1571ce786033 a424184fe6e11cee411ba3d111ed69becfd93cfae485a1ceb1ab72468627436964f1e5d23b2eb7842af11e8bb4e39258
CLIENT_RANDOM 65b9ba20b05e8d07226e030d757cabe4cab165901746c80abcffee608a96df60 4c7caf87d266bdb47f0244410f1030ade4e9b29ed8afd0871292f06af2ca65111a183c51f157792e595b914cab6af797
CLIENT_RANDOM c69176a606af8dce44d8e1f22a438032435247fa04bed91d00c04d15ed670244 f47fbc44874ed7dedc39d45e09494be43944ee9b30f18e8111543297d6bef186dcb2770455c9c85045502a8f9d5dd970
CLIENT_RANDOM 09777bb14baed9d3bfef47c6219456b462bd95b72512bea12b749a3f5d2ff673 bf0c67f3d24718a67b465760214aa14c3656811747d4a88dbccc1b48a8da84828c24a56d619c85f77a410380f4d93889
CLIENT_RANDOM 03f3de7528e0c30962ea07e12ecfddd3f039395b2a27c434d9ed37c4916bef90 2809d43a0003ffd4324a77cebfc062cc8866e54a0be394202dfc9d2da791043d52b1742fc64f185fc8ce3da3e8478e72
CLIENT_RANDOM e8edf5a4b05a697045c5c4ffe926861fb35702bda07ab0e3e59425ab7deb0b3e dc137e0f4770d514b778436a5cd95933b881c8439aba44aec24d77ce856841805b7c186464e83ffd60d07489171542d5
CLIENT_RANDOM dc4602ba9ff74f7bfb62afdc881ef8c3df502a818549638c2d9c8a0e0c4e6acc daf2f3ae25861c46fc3da35210351f1a23ba887cd25361bb84aa1eb7cc527cd716a138921ce5c5475250706953eb3c61
SERVER_HANDSHAKE_TRAFFIC_SECRET 1d1d677fd6fe363f23eb6bfbb8e1da9090a08c69710b018fe8058c837d494c71 b2fe520b9ac93c4538a3d4a60f73f1c1b8fe1a32ee8c10cfaf43861a1db20f73
EXPORTER_SECRET 1d1d677fd6fe363f23eb6bfbb8e1da9090a08c69710b018fe8058c837d494c71 83d479c23bde697c3834c81c8645e8f0cbc97c57d5f33e77dfa5ff14a159aec0
SERVER_TRAFFIC_SECRET_0 1d1d677fd6fe363f23eb6bfbb8e1da9090a08c69710b018fe8058c837d494c71 35cc88ea3bd33e8538762d09802cfa1638a840f23572384984dc3ea74fbaed25
CLIENT_HANDSHAKE_TRAFFIC_SECRET 1d1d677fd6fe363f23eb6bfbb8e1da9090a08c69710b018fe8058c837d494c71 570d77d684ba5b2c8d8bde333ab4c73674ecdaeb3381d732abd25d1f7a43f071
CLIENT_TRAFFIC_SECRET_0 1d1d677fd6fe363f23eb6bfbb8e1da9090a08c69710b018fe8058c837d494c71 0d43120836d748337efb2a23839407c2fd26d4cbe38c291f9556b592cedd7ea9
SERVER_HANDSHAKE_TRAFFIC_SECRET b8b24b92291102f68579aff2e827d118a33349031681a474d6846b3b9e0488ab 722fbb253543d05455c6d5f555bd0309f497797937c464524f25a8b4834c2e76
EXPORTER_SECRET b8b24b92291102f68579aff2e827d118a33349031681a474d6846b3b9e0488ab 840a74d81b8a3777ee920f1019e79f5be9f0b372a5e34d3c56978d02f7f7be9c
SERVER_TRAFFIC_SECRET_0 b8b24b92291102f68579aff2e827d118a33349031681a474d6846b3b9e0488ab a798cffb5335316e9a848e47324cf2ceb594822d6e529010036b7a704be51b54
CLIENT_HANDSHAKE_TRAFFIC_SECRET b8b24b92291102f68579aff2e827d118a33349031681a474d6846b3b9e0488ab 5406d9552dcf267448f1fb7c2dc5ed7a32b8f7764949d5c528d29ca5f057b74f
CLIENT_TRAFFIC_SECRET_0 b8b24b92291102f68579aff2e827d118a33349031681a474d6846b3b9e0488ab 979efe94d3d528a8d157a57d83d0901410701dcdfe4c1e7b7618a84a7e9a57ee
SERVER_HANDSHAKE_TRAFFIC_SECRET 1562222fa24249360b9e902cd148bbb0481b9c22987e3fa35f0c244ca53f054d a4633723c46a121bd1eb8fbbaee8398c6100b283b26fed9b884a16a0f8635d30
EXPORTER_SECRET 1562222fa24249360b9e902cd148bbb0481b9c22987e3fa35f0c244ca53f054d 2e3c2c6c69398e6c2b8c8dcdb28e791059800539b6eab95f62c9918dbcdced46
SERVER_TRAFFIC_SECRET_0 1562222fa24249360b9e902cd148bbb0481b9c22987e3fa35f0c244ca53f054d 0bf46e6bc21a6e216e212ec93f3e76c99a474b8ff6bebc8f484b3ccc4f0e856a
CLIENT_HANDSHAKE_TRAFFIC_SECRET 1562222fa24249360b9e902cd148bbb0481b9c22987e3fa35f0c244ca53f054d f51fd1cf2e3d325901def3a85d0204f42667660257dd0c885a357a60988ca20e
CLIENT_TRAFFIC_SECRET_0 1562222fa24249360b9e902cd148bbb0481b9c22987e3fa35f0c244ca53f054d 692aebe6a33289b9f67fa59dd713b8a4e41f139d42438764c6b9033085cb8e93
SERVER_HANDSHAKE_TRAFFIC_SECRET ce0e4eba69efb7a9f29d52160381fba56b5cbb55803701eef2f3b1018c323bf5 bdb436396d384ed0f9fae3d4947cf342de8e75c14a419af0dc545fe2d692f3a6
EXPORTER_SECRET ce0e4eba69efb7a9f29d52160381fba56b5cbb55803701eef2f3b1018c323bf5 525b10487c9e0be872cba86487f177ce4817bbef91d71c3d4fe10169b6d596dc
SERVER_TRAFFIC_SECRET_0 ce0e4eba69efb7a9f29d52160381fba56b5cbb55803701eef2f3b1018c323bf5 962447111b7abf32d96a4d9bfc5a05d932b493af549a3d6777e5778db334c07e
CLIENT_HANDSHAKE_TRAFFIC_SECRET ce0e4eba69efb7a9f29d52160381fba56b5cbb55803701eef2f3b1018c323bf5 1e83da61a0b1b918b9f2c90c552186ee56e9f4bdc8a1f02f8ba21917340d2ab7
CLIENT_TRAFFIC_SECRET_0 ce0e4eba69efb7a9f29d52160381fba56b5cbb55803701eef2f3b1018c323bf5 8241cbadde1e123bbff570f95c2318cbc16c83ef1367943a5af34b3ad8c33e82
SERVER_HANDSHAKE_TRAFFIC_SECRET 780ba577e6de936197209e6f0943cb307ec6f5b2239cdce53f5c9b54ef0804ce 0e716424e1fed70c637b18fc57808563301dceab31d1aee5763144c201d5dce1
EXPORTER_SECRET 780ba577e6de936197209e6f0943cb307ec6f5b2239cdce53f5c9b54ef0804ce fe7d66c97caacd6dee13f124410f212e6c11efc17e11f79b9e91f44ff7cf5cb1
SERVER_TRAFFIC_SECRET_0 780ba577e6de936197209e6f0943cb307ec6f5b2239cdce53f5c9b54ef0804ce 694b44c2d852fb305a5260a9ce7dfc7ee6f949558e43aece707ee945b3133451
CLIENT_HANDSHAKE_TRAFFIC_SECRET 780ba577e6de936197209e6f0943cb307ec6f5b2239cdce53f5c9b54ef0804ce e54d0c71e6832103ee0152607f0cf5d606161cb23cd234d086b93a80d8dff647
CLIENT_TRAFFIC_SECRET_0 780ba577e6de936197209e6f0943cb307ec6f5b2239cdce53f5c9b54ef0804ce 3fa55bda2534a2f2ab1c90a9f8365c8fb087d46cb795ed1ee354db1afeab9901
SERVER_HANDSHAKE_TRAFFIC_SECRET 160f62eed186804755f4ad704e19988381b35d708fcb9359773b4fe392968460 e00a9a13b72a05c99e7e95f10db6a575ce6cecffd0b96de4a4600f386ba55432
EXPORTER_SECRET 160f62eed186804755f4ad704e19988381b35d708fcb9359773b4fe392968460 c27f6948ee0ba102ad901f82ef1acb59fdfebeb460cb86fe5ddb4dd762296321
SERVER_TRAFFIC_SECRET_0 160f62eed186804755f4ad704e19988381b35d708fcb9359773b4fe392968460 7160ad286317565a9052690d82ee9ee8b3f85133549486a2cd33871b79351f97
CLIENT_HANDSHAKE_TRAFFIC_SECRET 160f62eed186804755f4ad704e19988381b35d708fcb9359773b4fe392968460 86e094d2ef9d72584e40940e2af428ad1c5bb758bdc650d4c33455d4e5763431
CLIENT_TRAFFIC_SECRET_0 160f62eed186804755f4ad704e19988381b35d708fcb9359773b4fe392968460 8f3733c6d08314a3576c8cb674bd07ee5e5c5d77c4febd23404eb70577c0d349
SERVER_HANDSHAKE_TRAFFIC_SECRET 07ebb8a3b3425acfb692bef96967049f15d30ec1a87973155793550c7b87021b 85a966f41d05d64df200a384fc00c6ece36252503ed389de7bd5075187a25cb7
EXPORTER_SECRET 07ebb8a3b3425acfb692bef96967049f15d30ec1a87973155793550c7b87021b e41c571f47f91b9b47a3c63d344a14c3c68ca03cc1faaa280154dc059d5c67f2
SERVER_TRAFFIC_SECRET_0 07ebb8a3b3425acfb692bef96967049f15d30ec1a87973155793550c7b87021b 4772df28eee9a4075eba87f55c5ea0d96f52d712a67b0609e89d4208876364d6
CLIENT_HANDSHAKE_TRAFFIC_SECRET 07ebb8a3b3425acfb692bef96967049f15d30ec1a87973155793550c7b87021b 46b58b7d666d3fd3f063933e5c6a883669d89d7fbf5cc31ce824462a7d16391a
CLIENT_TRAFFIC_SECRET_0 07ebb8a3b3425acfb692bef96967049f15d30ec1a87973155793550c7b87021b 3319f65c3831da8e0a55215925957f257b5e2d60264243de93f245049fa51a50
SERVER_HANDSHAKE_TRAFFIC_SECRET d98dc9f900089e76cb7598dbdab483817323bd07b2a9a298aa009f2d82da7f7f e21fdaa84dfc12b2dbfbc4b7e5f132058f64e0790de720477bc9e1fa5f66d2a3
EXPORTER_SECRET d98dc9f900089e76cb7598dbdab483817323bd07b2a9a298aa009f2d82da7f7f 51f091187f45d00baf7516411c216fb26d064f9fc4a4646ad5d509020fed98ce
SERVER_TRAFFIC_SECRET_0 d98dc9f900089e76cb7598dbdab483817323bd07b2a9a298aa009f2d82da7f7f 62b9b88d73c12b77c2e44e5a4f0dff6eb4fc75f8565396c0f4767a0715caa600
CLIENT_HANDSHAKE_TRAFFIC_SECRET d98dc9f900089e76cb7598dbdab483817323bd07b2a9a298aa009f2d82da7f7f 88bd1cb21adb99d8dd9b1c1f3af7ba38a969faf143ce3467e22323ec613d2d79
CLIENT_TRAFFIC_SECRET_0 d98dc9f900089e76cb7598dbdab483817323bd07b2a9a298aa009f2d82da7f7f d484cf2f469ce43f1ccd5d266fc33170879c0914299dfa7177a9221ad7a9ddb6
SERVER_HANDSHAKE_TRAFFIC_SECRET 5dca8b0056209768ff1bcff0f35ff9325e963f70d64c3c12d65f2785e0a2fdb4 2ab5927f66a12c127baa11e5cba96aa7cd9d79ed73b55ff61c728724e106966e
EXPORTER_SECRET 5dca8b0056209768ff1bcff0f35ff9325e963f70d64c3c12d65f2785e0a2fdb4 ac32235817cc2354c93571881ebbb6a33e7b86ec36f74fed0d86e88a62148712
SERVER_TRAFFIC_SECRET_0 5dca8b0056209768ff1bcff0f35ff9325e963f70d64c3c12d65f2785e0a2fdb4 9afc25f90b25fda10f390bed7f20cf8d17a2a084568a0dba4405af20d1694fcb
CLIENT_HANDSHAKE_TRAFFIC_SECRET 5dca8b0056209768ff1bcff0f35ff9325e963f70d64c3c12d65f2785e0a2fdb4 5e2fd2c999c1734dc2c8383e79526a46824333b03704c5df5ae81a0b18b03c52
CLIENT_TRAFFIC_SECRET_0 5dca8b0056209768ff1bcff0f35ff9325e963f70d64c3c12d65f2785e0a2fdb4 3024a62d401f73d39f1036c55b377e177b15c6a131d42257e753c3b042d3b5de
SERVER_HANDSHAKE_TRAFFIC_SECRET df43e21e1848d2109f77fec89f3ec8f450c5eda6ecca0da7e93c447475cb1814 20845a65b9e6793d7291070325cfa4d3daa618ac32167535358964534cbcbb3f
EXPORTER_SECRET df43e21e1848d2109f77fec89f3ec8f450c5eda6ecca0da7e93c447475cb1814 6e6d501fb7250d65d87a83e623a120b14c4300090e00d2e427da7fcb615adbdb
SERVER_TRAFFIC_SECRET_0 df43e21e1848d2109f77fec89f3ec8f450c5eda6ecca0da7e93c447475cb1814 39a8c26c294e208a471d9c0e67a857a9fcc448a52958254f631f9feb4492aed1
CLIENT_HANDSHAKE_TRAFFIC_SECRET df43e21e1848d2109f77fec89f3ec8f450c5eda6ecca0da7e93c447475cb1814 405dd04e4b38cad38293aeb2daf244da4666c0c83572c61af3771a7e88aba8fb
CLIENT_TRAFFIC_SECRET_0 df43e21e1848d2109f77fec89f3ec8f450c5eda6ecca0da7e93c447475cb1814 d40241af164a52e853a0ee82bce46b9e66c7b4874dd44c7044753c6ffbb9bd5e
CLIENT_HANDSHAKE_TRAFFIC_SECRET f278b17c565820baa15a5451146d444397f63fe17d4295fd2bf201c5d839b86c 195b5a6e512f615b5bd76f4b732f2136c473aac44cddd8c65f45da500c4e2852
SERVER_HANDSHAKE_TRAFFIC_SECRET f278b17c565820baa15a5451146d444397f63fe17d4295fd2bf201c5d839b86c 34ece5de0b557f66953d329af8b520b504e7d115d9f9fd991a8ad9b4629f2f03
EXPORTER_SECRET f278b17c565820baa15a5451146d444397f63fe17d4295fd2bf201c5d839b86c 8bea07df536551d66af5f11643602b7c7d92b371ea4be0500ddff276dc0bb457
CLIENT_TRAFFIC_SECRET_0 f278b17c565820baa15a5451146d444397f63fe17d4295fd2bf201c5d839b86c d49d30c8529c7c16ec053c3006b851f90ba23939c7ca98fa315cc7fb44bb0275
SERVER_TRAFFIC_SECRET_0 f278b17c565820baa15a5451146d444397f63fe17d4295fd2bf201c5d839b86c bd047a69c19bf4e0b21f97106053ddd0e003cc22bfc095594396cfde65d164e3
