CLIENT_HANDSHAKE_TRAFFIC_SECRET 5c1e0f955f3b86ae1aaeef7bfa6a1da35bbbb4ae631b2644aa70857382f9a135 d8886639dd895d59427b18b79402a6190fc59ad9054639c98cce4cee97f75fe8
SERVER_HANDSHAKE_TRAFFIC_SECRET 5c1e0f955f3b86ae1aaeef7bfa6a1da35bbbb4ae631b2644aa70857382f9a135 19aaf63fcf3e8e63034f21ba950ff31ad750ecb40800ba634030ed58a0d377c4
CLIENT_TRAFFIC_SECRET_0 5c1e0f955f3b86ae1aaeef7bfa6a1da35bbbb4ae631b2644aa70857382f9a135 6729aac301000f62795a54fbecaacbfcc9b3885ba5a323e01a5b783829fb8ab8
SERVER_TRAFFIC_SECRET_0 5c1e0f955f3b86ae1aaeef7bfa6a1da35bbbb4ae631b2644aa70857382f9a135 36e492508eebe379b38a8b8a5cf7225b078969f1cd1d5a4fe00a64b281033d91
EXPORTER_SECRET 5c1e0f955f3b86ae1aaeef7bfa6a1da35bbbb4ae631b2644aa70857382f9a135 50e877d9e52a7345f17fea5d3b4f923726c3a9769e2b882cce96353a3af70e80
CLIENT_HANDSHAKE_TRAFFIC_SECRET 5b0cc6d7f2d488c666b6bdf979e53e72f58c378b0b90b2d04c839780d7c7295f 78dbbec911a058ebb6d06055287557532af649a1320166846ecc742f6ec7ac78
SERVER_HANDSHAKE_TRAFFIC_SECRET 5b0cc6d7f2d488c666b6bdf979e53e72f58c378b0b90b2d04c839780d7c7295f d87a1be7ed7ae6d24387f1ca11be47deca059c039f059a44bb73bd896c338e3a
CLIENT_TRAFFIC_SECRET_0 5b0cc6d7f2d488c666b6bdf979e53e72f58c378b0b90b2d04c839780d7c7295f 68b6b40d07cb23f837e3c47091cb383220d6a83f2535878a7a25cc8ea584c8e7
SERVER_TRAFFIC_SECRET_0 5b0cc6d7f2d488c666b6bdf979e53e72f58c378b0b90b2d04c839780d7c7295f e91784ca0fce088f1ed313e147c109a49b1d649ec38c920d836900567cee5605
EXPORTER_SECRET 5b0cc6d7f2d488c666b6bdf979e53e72f58c378b0b90b2d04c839780d7c7295f 0364d9af56957fb381fb5e26d524c0dd463417688ad40b30a5cbb2f9d02f6511
CLIENT_HANDSHAKE_TRAFFIC_SECRET 1e9fae4eced2c088b12ca69c35ae40918e5115db3cfb5b51bebd288b9d1c0c5a e899496dbbd4adecb8a833243a2d411864fa4190650c44f47fd2ea4dd53e12ece70f2f7ce5f0815052b5e76c72121838
SERVER_HANDSHAKE_TRAFFIC_SECRET 1e9fae4eced2c088b12ca69c35ae40918e5115db3cfb5b51bebd288b9d1c0c5a cd81f2856d053efb0280342ca2c14feeddbc254894aee0735f936928650ef901addc4609a884a381758c35a7eded962c
CLIENT_TRAFFIC_SECRET_0 1e9fae4eced2c088b12ca69c35ae40918e5115db3cfb5b51bebd288b9d1c0c5a 28a822e8c6ecb3776a42bf8d4422239e2053622cc3158969f265270819401bd77e309264f61afc8705f48383a1f03ee5
SERVER_TRAFFIC_SECRET_0 1e9fae4eced2c088b12ca69c35ae40918e5115db3cfb5b51bebd288b9d1c0c5a eac06651f66a8a13e7427da9146aeba0f671df2dab79a1753f4a78919ceba5f7ff42afc10b4ae218de89a7dd2d828b48
EXPORTER_SECRET 1e9fae4eced2c088b12ca69c35ae40918e5115db3cfb5b51bebd288b9d1c0c5a 20c33fba3fcd78aa0ebfee7947973a3e07c523ce16dfe7c5981dd54110fca7c1ff58922bd1087b434af6133078dce3a2
CLIENT_HANDSHAKE_TRAFFIC_SECRET 58756bddf509ca1622f2fd765076ed2a75d2037ac82636222b490e817b95ce29 1f665690f3f480266c51e633cf86a17f90de31b1277d6103365c023515b9aba2
SERVER_HANDSHAKE_TRAFFIC_SECRET 58756bddf509ca1622f2fd765076ed2a75d2037ac82636222b490e817b95ce29 da08873f897131971f99dde8bbd491dd0b228db60216fa81228b70abe9c3499b
CLIENT_TRAFFIC_SECRET_0 58756bddf509ca1622f2fd765076ed2a75d2037ac82636222b490e817b95ce29 8a7fceb267a16f5d980e3cfb85c978aabcd51b3a65e11560bd187a0b2e76f419
SERVER_TRAFFIC_SECRET_0 58756bddf509ca1622f2fd765076ed2a75d2037ac82636222b490e817b95ce29 70ae07c168546e1badffa2308e00f98a396e2926094c22c4971030512f80cf18
EXPORTER_SECRET 58756bddf509ca1622f2fd765076ed2a75d2037ac82636222b490e817b95ce29 718b54973095340631d3d379060c2665e2e68687f28107ef714448f5daceb566
CLIENT_HANDSHAKE_TRAFFIC_SECRET 86a1329ea5153e1f56ff9f651ea2194c6e3469e7855a296d2e28489c491bd0d5 437f214592fc8f05366a5a8da57507580c04fc4a4adac94b2860dd60e6f6ddff
SERVER_HANDSHAKE_TRAFFIC_SECRET 86a1329ea5153e1f56ff9f651ea2194c6e3469e7855a296d2e28489c491bd0d5 32e4b6a6bdda9a074eb3f0dc44ab54be6f81deae4364dcc43037b3b1bdae68df
CLIENT_TRAFFIC_SECRET_0 86a1329ea5153e1f56ff9f651ea2194c6e3469e7855a296d2e28489c491bd0d5 52115385f2205d0de47d90ee0f5e0c7ac222a0b44109928821c619354352bea8
SERVER_TRAFFIC_SECRET_0 86a1329ea5153e1f56ff9f651ea2194c6e3469e7855a296d2e28489c491bd0d5 2749bd85c4bc487167ecd73b62250c51018e6172c3deff6e23a92266fce6a4e0
EXPORTER_SECRET 86a1329ea5153e1f56ff9f651ea2194c6e3469e7855a296d2e28489c491bd0d5 4981d773b36e137f263e7f9a88d063550c09b463e8517028c107fcc81cae3b57
CLIENT_HANDSHAKE_TRAFFIC_SECRET 16a1ec9a95c5da00e70070c7c25c5e17e2a0615b2568a1b2339014a51f1c170a 82a5167f499e9d4f5424b6340bffb08d54936422c8cba2fbfd21895e6db6e075
SERVER_HANDSHAKE_TRAFFIC_SECRET 16a1ec9a95c5da00e70070c7c25c5e17e2a0615b2568a1b2339014a51f1c170a aeef2fbc020e0cbe0129babab0ab95df7a0470abeac0bb0672edcddbd988d651
CLIENT_TRAFFIC_SECRET_0 16a1ec9a95c5da00e70070c7c25c5e17e2a0615b2568a1b2339014a51f1c170a f1b5cab2f48c14e02d9e3082226a82333002afada6add95b1d7cc1fe33e241ba
SERVER_TRAFFIC_SECRET_0 16a1ec9a95c5da00e70070c7c25c5e17e2a0615b2568a1b2339014a51f1c170a 06f3ae27b7c0382fb400a6ab8a0689e857cdd04f81d4e652d351e38606451eb6
EXPORTER_SECRET 16a1ec9a95c5da00e70070c7c25c5e17e2a0615b2568a1b2339014a51f1c170a 6f89de5565f12030faebf0c39b11ac825bc9d2646c712cd54059706c9f9d4362
CLIENT_HANDSHAKE_TRAFFIC_SECRET 4dc80b8a459f665884ebeff11f651a3b6810ce5aed614de548c286fb0d228c10 228fab154acfa4a52ab1d7d2e329720f78f44b759a573f469dbf2ccd855a9b90
SERVER_HANDSHAKE_TRAFFIC_SECRET 4dc80b8a459f665884ebeff11f651a3b6810ce5aed614de548c286fb0d228c10 fd531d6656fa585ee5359136f14708313540c45e667d3f8efbbfc9312ee6dd68
CLIENT_TRAFFIC_SECRET_0 4dc80b8a459f665884ebeff11f651a3b6810ce5aed614de548c286fb0d228c10 e291f4381fd4bb2473b91f8fae822e252cc130a077be06853ed63a74014d0ea6
SERVER_TRAFFIC_SECRET_0 4dc80b8a459f665884ebeff11f651a3b6810ce5aed614de548c286fb0d228c10 d674a893f41784db6c5a98d3d2357af09e1d29597728fbc6d39964041f53fce1
EXPORTER_SECRET 4dc80b8a459f665884ebeff11f651a3b6810ce5aed614de548c286fb0d228c10 e95c15ed87062516ad0a2b230081f478f909468d098e41e07226573116a860a0
CLIENT_HANDSHAKE_TRAFFIC_SECRET df7201762f54c8cb1e0bef5f565ecd8d1d5df2e97cb358aaa000edcd286f919a 75bf6199790d34248e7e7657cb191d821e653b6687932cca5039477c25524d2c
SERVER_HANDSHAKE_TRAFFIC_SECRET df7201762f54c8cb1e0bef5f565ecd8d1d5df2e97cb358aaa000edcd286f919a 3069e2a66eca00324b173cf57cdebb681cc172feabe1d3f2f7083e99a449978c
CLIENT_TRAFFIC_SECRET_0 df7201762f54c8cb1e0bef5f565ecd8d1d5df2e97cb358aaa000edcd286f919a b97903ea64ddef977cca3c4d39c0a0206a40fd744598641e1ae1bdd21dfa04f5
SERVER_TRAFFIC_SECRET_0 df7201762f54c8cb1e0bef5f565ecd8d1d5df2e97cb358aaa000edcd286f919a 727922bba2b407dbaf6a7090ef770b350af17a4c0f76fa293182a9cdee2476d9
EXPORTER_SECRET df7201762f54c8cb1e0bef5f565ecd8d1d5df2e97cb358aaa000edcd286f919a fbc2c13828e71ff1d61ffc1add6b6e15c7fa9cd8a0808ab5b9b82383cee9b881
CLIENT_HANDSHAKE_TRAFFIC_SECRET 90ae22019fbd3c4c4733d0abd78c2bce1a945fb79d460946121ebbbe849389cf 472d3c79f7bd9a1dffa8324e49280f79994993bc372f1c3f37d1398f52b94c08
SERVER_HANDSHAKE_TRAFFIC_SECRET 90ae22019fbd3c4c4733d0abd78c2bce1a945fb79d460946121ebbbe849389cf 84b24dec35324c4d9b7377256b1d700004b9c69f0b257f163098f329848a2dd0
CLIENT_TRAFFIC_SECRET_0 90ae22019fbd3c4c4733d0abd78c2bce1a945fb79d460946121ebbbe849389cf 034c64f5b6bf41af99c5ebd8f2ff02c288e950a361c2505dd60b744bb91f1663
SERVER_TRAFFIC_SECRET_0 90ae22019fbd3c4c4733d0abd78c2bce1a945fb79d460946121ebbbe849389cf 5031722382c37e89e8d4a4b872af4a56404b87bb6769999dcbb10c4e9a169650
EXPORTER_SECRET 90ae22019fbd3c4c4733d0abd78c2bce1a945fb79d460946121ebbbe849389cf ec17d6bc0e9af6831bac3ef9e638b09712458a44cf30b3b343d21c717ebd92c0
CLIENT_HANDSHAKE_TRAFFIC_SECRET fd2acd1d5edc9fb894565d06dcb674c6fb823922a43dc21763242d1d51f9a214 0e67c57b3b5da2337a9b7c092eee4880336a54d0ca9e4d57cf467eb5c3734b20
SERVER_HANDSHAKE_TRAFFIC_SECRET fd2acd1d5edc9fb894565d06dcb674c6fb823922a43dc21763242d1d51f9a214 8320ef14f990fdced2e5cf56966c70d507711013ede0429d12090a3ec967cb01
CLIENT_TRAFFIC_SECRET_0 fd2acd1d5edc9fb894565d06dcb674c6fb823922a43dc21763242d1d51f9a214 db95df37d8d82add7665240816f4337d40deff2129ce62fd5e61f31a4786446a
SERVER_TRAFFIC_SECRET_0 fd2acd1d5edc9fb894565d06dcb674c6fb823922a43dc21763242d1d51f9a214 ebd1e1e6e34e38fb29e2b3db526914e631a687a27760eef2f7aaf0a1e7cfe7ce
EXPORTER_SECRET fd2acd1d5edc9fb894565d06dcb674c6fb823922a43dc21763242d1d51f9a214 ebd039a7bc4021e4b7c16be4c1e1e5988f6e082e59ec22ae5acd56c0ab70ccb9
CLIENT_HANDSHAKE_TRAFFIC_SECRET 44fd3d4c42eb68ba0577bdc4edf83ba1da1f1c0c7b221cdd65b323e5e8d1579c ddebda79ef98c82b85f2a2a056614f3fb5dd01acde2b4e0d700a32de598df020
SERVER_HANDSHAKE_TRAFFIC_SECRET 44fd3d4c42eb68ba0577bdc4edf83ba1da1f1c0c7b221cdd65b323e5e8d1579c 7b1c0a5a2e88e4965a238b31191ae8ab3aee267cd56d5da631cddcf927d084cd
CLIENT_TRAFFIC_SECRET_0 44fd3d4c42eb68ba0577bdc4edf83ba1da1f1c0c7b221cdd65b323e5e8d1579c 4dc8523a11c153876597b803500772426d81cb0a3c80fc4db29e3073691259b1
SERVER_TRAFFIC_SECRET_0 44fd3d4c42eb68ba0577bdc4edf83ba1da1f1c0c7b221cdd65b323e5e8d1579c 36e9a8914dc26062711d519ccb1701915c24d962869908716f8156e06cea34f5
EXPORTER_SECRET 44fd3d4c42eb68ba0577bdc4edf83ba1da1f1c0c7b221cdd65b323e5e8d1579c 383ccaab6efc44856fc7d5a97631227cd2ae780a7f8550e71d39a98d40e4ef0e
CLIENT_HANDSHAKE_TRAFFIC_SECRET 97e68dc831951d831c0831ea9c5f2cba2a8fb0181121975f793a0ec9da28f021 bb9fc8ba91c3adcf5a01d7c704c7d6f6daa9234a6c5eec7ff478bdd9b326849c
SERVER_HANDSHAKE_TRAFFIC_SECRET 97e68dc831951d831c0831ea9c5f2cba2a8fb0181121975f793a0ec9da28f021 d925ac4eff42116ba6378b6bba6fe337cd10ef9fb80fb840affc9b41851c10bc
CLIENT_TRAFFIC_SECRET_0 97e68dc831951d831c0831ea9c5f2cba2a8fb0181121975f793a0ec9da28f021 2de5e95246cf4795fb5ea0c6f23d9e3a90e7b74a35b8f11420aaa55fc9888e7e
SERVER_TRAFFIC_SECRET_0 97e68dc831951d831c0831ea9c5f2cba2a8fb0181121975f793a0ec9da28f021 368b16918792008407dd4983d1a4b2abb1a7aa2e16ec23ea4c3d13e011a3e72e
EXPORTER_SECRET 97e68dc831951d831c0831ea9c5f2cba2a8fb0181121975f793a0ec9da28f021 c7cf0fc0224b82c6470c7daf4a885bd0d8c8843e81db2f9ca385c91e9ce475be
CLIENT_HANDSHAKE_TRAFFIC_SECRET 51ea05d3db2fe1100ebc894bb628b02baa969bce2aa810dfdd5c5c9fcdab0b3b ffc166f711f98f7e933899f99a17e62d865abaff17d6926363cd7144d822776e
SERVER_HANDSHAKE_TRAFFIC_SECRET 51ea05d3db2fe1100ebc894bb628b02baa969bce2aa810dfdd5c5c9fcdab0b3b 0818a229040ec458bad608ce7e79bbc668eebf2a0198ec361c119e9f802dc45d
CLIENT_TRAFFIC_SECRET_0 51ea05d3db2fe1100ebc894bb628b02baa969bce2aa810dfdd5c5c9fcdab0b3b c5a57b390d357115a566fea436cd94bbf3253d7ce3cd1271d29009bf4651dfae
SERVER_TRAFFIC_SECRET_0 51ea05d3db2fe1100ebc894bb628b02baa969bce2aa810dfdd5c5c9fcdab0b3b 7d1d80841dd513088dfc53aca535087ab10947275fbf404ef0c520765cb92fba
EXPORTER_SECRET 51ea05d3db2fe1100ebc894bb628b02baa969bce2aa810dfdd5c5c9fcdab0b3b d704dd414836946e74381698a926b0081a1f0d18119f6fdf6d2825b847651c7c
CLIENT_HANDSHAKE_TRAFFIC_SECRET cc080a8b74b1218bc6d71b251bf11593e2235d3f7aef203dbff916374f272c20 fb91bab37738efa2329f681377293f096bd8b17490633cd0413b061cae47ecf0
SERVER_HANDSHAKE_TRAFFIC_SECRET cc080a8b74b1218bc6d71b251bf11593e2235d3f7aef203dbff916374f272c20 29bc2f60b07e83e5bfd1280c8a07f936b06c67f2d719e9a073343cf7787725ef
CLIENT_TRAFFIC_SECRET_0 cc080a8b74b1218bc6d71b251bf11593e2235d3f7aef203dbff916374f272c20 05c4efebeb66b9cabfe6dabfdb3a1427f966ef91d6956b39b60d5e40671f9743
SERVER_TRAFFIC_SECRET_0 cc080a8b74b1218bc6d71b251bf11593e2235d3f7aef203dbff916374f272c20 7294f0df2f25c0ae5b2df5035207d2d2064f7d9b4c31ffca55c32624a9590fd1
EXPORTER_SECRET cc080a8b74b1218bc6d71b251bf11593e2235d3f7aef203dbff916374f272c20 7527921bb6dd994eda7b5e56dc25e1f5e276214d49f12ad2c08ae8b4c653f39d
CLIENT_HANDSHAKE_TRAFFIC_SECRET a63db64346ce2e4a48a39954d29cbeae3981e4a562864932c6a6b8ac7c197bc6 acd7af30d764edad1404dd88ecfd167f150b350bf0cead3076e2cd7e90e8e554
SERVER_HANDSHAKE_TRAFFIC_SECRET a63db64346ce2e4a48a39954d29cbeae3981e4a562864932c6a6b8ac7c197bc6 ffedc3e876dd14d91d44da657f512039bcfcc59075b1495f4967819e5b00491e
CLIENT_TRAFFIC_SECRET_0 a63db64346ce2e4a48a39954d29cbeae3981e4a562864932c6a6b8ac7c197bc6 48d5ba64c9b81df69fa4cad3f1e33561d6a43cbea45e68b94906b4f807306733
SERVER_TRAFFIC_SECRET_0 a63db64346ce2e4a48a39954d29cbeae3981e4a562864932c6a6b8ac7c197bc6 51e70940897aaeb3ffb952eb8964c60a64c03e159e15165fdc1ac7ccb72f0114
EXPORTER_SECRET a63db64346ce2e4a48a39954d29cbeae3981e4a562864932c6a6b8ac7c197bc6 7d220363b2aa278c051ae6ff6eb623653f3420dbff14f2695a18d38e5b569cbf
CLIENT_HANDSHAKE_TRAFFIC_SECRET 3304956e8b9f7921cc42a0140b090576384bf61fda82a1a5e9b1a07a00fd0308 ae00d7bc564d9c8ef1a3d3fa473da8f560f52223f570d3278b871f7c245fcfde303b6c483c91c7e8956c61e1440356cc
SERVER_HANDSHAKE_TRAFFIC_SECRET 3304956e8b9f7921cc42a0140b090576384bf61fda82a1a5e9b1a07a00fd0308 404bb7d8c5c5e97d70b5f090930b883f5eb2f2bc2920417143a6ae7bc5b18debfc732a950d0b1376da9ac13e9db48f33
CLIENT_TRAFFIC_SECRET_0 3304956e8b9f7921cc42a0140b090576384bf61fda82a1a5e9b1a07a00fd0308 8f70857e57c81f0a226ae933877f63e9f7dcd23a7a750b2a9c31c56527ddabcb31f09eafe67914da62c6afba8bb633fd
SERVER_TRAFFIC_SECRET_0 3304956e8b9f7921cc42a0140b090576384bf61fda82a1a5e9b1a07a00fd0308 3fd5883da5927f6df327c9fdd14e83f4ab74a5ae96021152544cf4d9f8c22c7e2e346cd2b14b856f716b4eb431c594e3
EXPORTER_SECRET 3304956e8b9f7921cc42a0140b090576384bf61fda82a1a5e9b1a07a00fd0308 167ab4b331b50e2fd2bd5565b99fcbb54eac7bedceaff7f6d36d74df69985a59b71b2ea85ecf5db4e95781e65a65ccaa
CLIENT_HANDSHAKE_TRAFFIC_SECRET 49a45f00c3641b311b09d1d1af553a8a0c7f35cd2dda79ac02e2b8090c595f29 2ba7665ff27c6d5f6bd47e4ff80e78be4bc48d903feb6a6180658aa84b6db78c9b03d3bbcad75d9a40d2ea6a0abb37e7
SERVER_HANDSHAKE_TRAFFIC_SECRET 49a45f00c3641b311b09d1d1af553a8a0c7f35cd2dda79ac02e2b8090c595f29 cd1faf323c64c231494d5f65c75a84f05be8866ee416f69c1c60834f009ce62f6e4bc87155dd254a43424dd56b2bfddd
CLIENT_TRAFFIC_SECRET_0 49a45f00c3641b311b09d1d1af553a8a0c7f35cd2dda79ac02e2b8090c595f29 aae9f7a40b1e6ffe662ce7d29d88c232d3deedc0cf47b619f0b2be0018443820f4ae75571903f4f75501955a942a0870
SERVER_TRAFFIC_SECRET_0 49a45f00c3641b311b09d1d1af553a8a0c7f35cd2dda79ac02e2b8090c595f29 9e7ca32f4d461ffef615fb245f00361a16414175b75ef2e8d2d7e05b2d399392a94fd56855985a8f63fe8a012017118a
EXPORTER_SECRET 49a45f00c3641b311b09d1d1af553a8a0c7f35cd2dda79ac02e2b8090c595f29 376afedd35a726c919c1f007033f1440729d1dd0048f5b32a63c6b7bae743b166a8b83ac162f92aed0f42832c1324eca
CLIENT_HANDSHAKE_TRAFFIC_SECRET 0cd604173a8e63ceb28e14d615b5c960f46b9700263804fa8c4dd94d8fb2eaf0 43479fb0c28be33ce5689695962dcefee2852c373b2345a414d85cc813118b27e7594c964b9c183574e6be3d6c8eea9e
SERVER_HANDSHAKE_TRAFFIC_SECRET 0cd604173a8e63ceb28e14d615b5c960f46b9700263804fa8c4dd94d8fb2eaf0 3ae98b4f66d8f89cabc3eb2699197ca2de2ca1fff7c811de4d63114c8cbea0ff4b48e8d66f19f20afe5bd5c62857393d
CLIENT_TRAFFIC_SECRET_0 0cd604173a8e63ceb28e14d615b5c960f46b9700263804fa8c4dd94d8fb2eaf0 3445fa9ee3b3155db134133638425256632b69d6baf036241a12afe43b1616c185dcbdb6cb2d50ce65102ae76d561f4f
SERVER_TRAFFIC_SECRET_0 0cd604173a8e63ceb28e14d615b5c960f46b9700263804fa8c4dd94d8fb2eaf0 ef3d14292bb441ed610e60002d12ea787423b934e9500dec812464a5cc84bd2714bf01fdf8f72bcb15cd90880e4ae4c6
EXPORTER_SECRET 0cd604173a8e63ceb28e14d615b5c960f46b9700263804fa8c4dd94d8fb2eaf0 53f7651f5a6fed63de445c86a5e01b5121d3c7226bcfde7895c3e82038c94540f8bb29dd8aab9f95d72af26bdf313795
CLIENT_HANDSHAKE_TRAFFIC_SECRET 87597276100abccd218e26b7ed6d67b42f75a05a00b7d68796310a5f37fa2c65 7eb96c62c825cfbda9c079d6aa2207b3861ea82757464d8987912e9d51a4bbc0
SERVER_HANDSHAKE_TRAFFIC_SECRET 87597276100abccd218e26b7ed6d67b42f75a05a00b7d68796310a5f37fa2c65 cbcb76879dd8fc76bf75c193bfaf8365386cf674cdc242ddbfa180716ec86cb7
CLIENT_TRAFFIC_SECRET_0 87597276100abccd218e26b7ed6d67b42f75a05a00b7d68796310a5f37fa2c65 bad168aeb1a47f6f2727e9ec56670fd97c3095e3a3ab2b5b869dc38e5b5e7262
SERVER_TRAFFIC_SECRET_0 87597276100abccd218e26b7ed6d67b42f75a05a00b7d68796310a5f37fa2c65 40db3e82af1b1876252f5fc83fbe81aaf043bace7e2be53fa530495a1a9614cb
EXPORTER_SECRET 87597276100abccd218e26b7ed6d67b42f75a05a00b7d68796310a5f37fa2c65 b06468a8de88fb9d13b7e913952c504922059d2249a27ef48067f16124fc79fb
CLIENT_HANDSHAKE_TRAFFIC_SECRET 62de16980a3b2c30209a9540580807fce4ed8fe7652c384e57f18ca9afb5e604 a43603620cc35451761e747fad75d01cd067c74e3435d4a167b19c65187648ef
SERVER_HANDSHAKE_TRAFFIC_SECRET 62de16980a3b2c30209a9540580807fce4ed8fe7652c384e57f18ca9afb5e604 1c1e5d8661cbd819517a21a41a8f4e4813306aafd81e295a343e22372824acd5
CLIENT_TRAFFIC_SECRET_0 62de16980a3b2c30209a9540580807fce4ed8fe7652c384e57f18ca9afb5e604 683e6f1e0c66aa44a0ba595bc710d3560fe42e13f8b53cf48ec7356e9739967f
SERVER_TRAFFIC_SECRET_0 62de16980a3b2c30209a9540580807fce4ed8fe7652c384e57f18ca9afb5e604 892378eed7080663ac57d59f43581057fcaf567bfe1608e1932deea4312cb87d
EXPORTER_SECRET 62de16980a3b2c30209a9540580807fce4ed8fe7652c384e57f18ca9afb5e604 83926fa7920f1753e4c4a4764dcb6d4b98221bf2aef1bc3da6e9736c94115b5e
CLIENT_EARLY_TRAFFIC_SECRET 809d34345c634fcaf80af4d0b23281bbec95dee6163d55ad528e9ade592e17de 39bdb1948a8ffabe90cf7157fe7c9678d4337b190db99a0b2dd7385875befc98
CLIENT_HANDSHAKE_TRAFFIC_SECRET 809d34345c634fcaf80af4d0b23281bbec95dee6163d55ad528e9ade592e17de cd9c65e8646f0399247960337c35317d21e1a532e8dd11ec05e22fb61b8fe1b4
SERVER_HANDSHAKE_TRAFFIC_SECRET 809d34345c634fcaf80af4d0b23281bbec95dee6163d55ad528e9ade592e17de 28552e0872f4e93ec08e3634103982f56c9f2d40bb593e5ab9443aa280d7e0f7
CLIENT_TRAFFIC_SECRET_0 809d34345c634fcaf80af4d0b23281bbec95dee6163d55ad528e9ade592e17de 843b51bb7855101b3d938c02ddf95dd2e43c57b0e9fd97c277bff4b8f34ec980
SERVER_TRAFFIC_SECRET_0 809d34345c634fcaf80af4d0b23281bbec95dee6163d55ad528e9ade592e17de ecb2ec9d81355622781174d463b022dc7892060504c92bd0907836f550dc652f
EXPORTER_SECRET 809d34345c634fcaf80af4d0b23281bbec95dee6163d55ad528e9ade592e17de e2a0d3faa497f35d80ffc8707e78209d01525c9f5324df5fa8cffa6879bf458f
CLIENT_RANDOM 25c787ce5df9fc2357fa0aeafe2e39ce5a70758e31efd7391e1e2bc913be88c7 8fdab688f823f9beb16cc1b0a7f822cafee4d52179888f4f3f7e8ab17830e2625b667270b716b45f763488266e42a026
CLIENT_HANDSHAKE_TRAFFIC_SECRET 427bc49c5cc512b2c6c1a9cc60482957c7af3414bf6901de3aed086e0bb7e8ea ce48eb9657d6cb71de2ed0a5ac9182068621511a3b5b0ed0ed5481c02912675f
SERVER_HANDSHAKE_TRAFFIC_SECRET 427bc49c5cc512b2c6c1a9cc60482957c7af3414bf6901de3aed086e0bb7e8ea 01040456777e7e28847b045e39c88a50dabac3c6909434e3183d1169450ea2cd
CLIENT_HANDSHAKE_TRAFFIC_SECRET 9ee873c00ab87f9ecaba4b5f2f25df8f80c00f2e214a824fcda6f24eaf0e56a6 f9eaa542608e0c4d0df48fb708c2ced5b3d4d26cc3d37b33c8850af4d3c6ff69
SERVER_HANDSHAKE_TRAFFIC_SECRET 9ee873c00ab87f9ecaba4b5f2f25df8f80c00f2e214a824fcda6f24eaf0e56a6 4c875984aa667244d39329953f91f8e2b0a8adcfbf2972c420da19376468c241
CLIENT_TRAFFIC_SECRET_0 427bc49c5cc512b2c6c1a9cc60482957c7af3414bf6901de3aed086e0bb7e8ea fa18c99c3ba097e4ea6e9d53be2d6a7475d4c80d894df2b72cb00fb150e0cc14
SERVER_TRAFFIC_SECRET_0 427bc49c5cc512b2c6c1a9cc60482957c7af3414bf6901de3aed086e0bb7e8ea 19f3d375350b230b936e8f7c8fd1f15586605af303701978f827714652bd96af
EXPORTER_SECRET 427bc49c5cc512b2c6c1a9cc60482957c7af3414bf6901de3aed086e0bb7e8ea 7c394e5bcb144449051091c3c67b94db0ade1aa727c69c23ef99eb08e18c2434
CLIENT_HANDSHAKE_TRAFFIC_SECRET 80138950975f14c13b931651999a197177d132f8f0e71849b35a664442496a05 d4c6464815d73093a65ca16312e0cb7b16ff85504da3fd11f6fd7b8cc7e8856c
SERVER_HANDSHAKE_TRAFFIC_SECRET 80138950975f14c13b931651999a197177d132f8f0e71849b35a664442496a05 0b2b06d95a08859a3d0f7a072d500d3850f98bd4938b1babf7e58a5dcb5b3184
CLIENT_TRAFFIC_SECRET_0 80138950975f14c13b931651999a197177d132f8f0e71849b35a664442496a05 4e250da7aae41c02bede280a33b93d106a803e37b2a7b736cb21d49067662577
SERVER_TRAFFIC_SECRET_0 80138950975f14c13b931651999a197177d132f8f0e71849b35a664442496a05 d2e2dc8862ebd37ba36fceb26e254d9fde9d4a9676b6f0f57ebc04e809a9420b
EXPORTER_SECRET 80138950975f14c13b931651999a197177d132f8f0e71849b35a664442496a05 56bc176e780a30fa22e49d1e953e26619d27d2918963dc7b4fe7b30384eb8b78
CLIENT_RANDOM 847a8738d90fcca68502fc0518e1c8f436c058814377cf98d3a73249288b0e4d 8fdab688f823f9beb16cc1b0a7f822cafee4d52179888f4f3f7e8ab17830e2625b667270b716b45f763488266e42a026
CLIENT_TRAFFIC_SECRET_0 9ee873c00ab87f9ecaba4b5f2f25df8f80c00f2e214a824fcda6f24eaf0e56a6 f605e8387d980df8239b525a7ef3ef4451cd9210e20a31b32cd63f57caec3093
SERVER_TRAFFIC_SECRET_0 9ee873c00ab87f9ecaba4b5f2f25df8f80c00f2e214a824fcda6f24eaf0e56a6 8438aa1bb8f09d75ca855cb6adf892f1cf14f014f9b45268f25c9f716b020eb2
EXPORTER_SECRET 9ee873c00ab87f9ecaba4b5f2f25df8f80c00f2e214a824fcda6f24eaf0e56a6 32a97f342f0c3ceee42f5d5fbad64c5c3b4eff9c6c6af7f2756d7f73c124baed
CLIENT_HANDSHAKE_TRAFFIC_SECRET 6e7c824524d4eed01053b3b86b7f572ee70797e69be64b0bf370f6f800198451 16b87276b7a11ebb09e3890e0274e9b3ba60e390eaf21685bce1bf611bc3ee50
SERVER_HANDSHAKE_TRAFFIC_SECRET 6e7c824524d4eed01053b3b86b7f572ee70797e69be64b0bf370f6f800198451 2448c26e0d557c2f9347f7a0710248579437fd77c37ed63c6f6fa1ce5996e94e
CLIENT_TRAFFIC_SECRET_0 6e7c824524d4eed01053b3b86b7f572ee70797e69be64b0bf370f6f800198451 a937402dc866c781e53f13f44d1d146733078dd1050dcd47752eb497a748715e
SERVER_TRAFFIC_SECRET_0 6e7c824524d4eed01053b3b86b7f572ee70797e69be64b0bf370f6f800198451 d3cba467f6c7618791327f0bdfa5da32bbc675c82f99bb1ac01d0a319183d010
EXPORTER_SECRET 6e7c824524d4eed01053b3b86b7f572ee70797e69be64b0bf370f6f800198451 10eaa6c426dd83872c4a5f31f9b3b7046230c75ce20ab404be61958a34ebb716
CLIENT_HANDSHAKE_TRAFFIC_SECRET 3943c10d6d5346514b86571ecd93da33c2fdb9e3e926eb1cb68e65dc1df72166 5ebcfe54f7e8ee0365df63341a3eb95383e075499f54cc2f3e27d3aab623f32ca03996b99155a7a6d2f2fda500947c06
SERVER_HANDSHAKE_TRAFFIC_SECRET 3943c10d6d5346514b86571ecd93da33c2fdb9e3e926eb1cb68e65dc1df72166 a10ad75d872344db9f08b1166b46e43260fd27458ad11b33244a09a3fdfea026d68cddbce37b7a948a9b9b5ab5c6b267
CLIENT_TRAFFIC_SECRET_0 3943c10d6d5346514b86571ecd93da33c2fdb9e3e926eb1cb68e65dc1df72166 b7576cb1b857cd205ffeeff6501d417cf88a5ecdc1393a0514d7f2db81ba1fe14afb5fc24da10e9862a9fd26023a82b4
SERVER_TRAFFIC_SECRET_0 3943c10d6d5346514b86571ecd93da33c2fdb9e3e926eb1cb68e65dc1df72166 ac3ef312c9edde3ba974126b8adac35d583dd6c09b897948c87cc5bc7874bb07a36b21f251b4bcf8f00dda840c7040d0
EXPORTER_SECRET 3943c10d6d5346514b86571ecd93da33c2fdb9e3e926eb1cb68e65dc1df72166 8336c66ba749a95f1e6a6d7dcbade631749ec141d89271ea99bb59a1383b9374709df595a06196620046cdbfa5587dc0
CLIENT_HANDSHAKE_TRAFFIC_SECRET 4df2b457672f5e538601a1c300b3f1cefddb265a01b189afd83ba4ef37e839e5 6c3d585909b92e79c15d786bff98c4bb505dbdc910d473cae491208e10c459f9
SERVER_HANDSHAKE_TRAFFIC_SECRET 4df2b457672f5e538601a1c300b3f1cefddb265a01b189afd83ba4ef37e839e5 2129a9f5785848c0c6b83314cb51a786c78ff00966cccf6c77485b82584a6300
CLIENT_TRAFFIC_SECRET_0 4df2b457672f5e538601a1c300b3f1cefddb265a01b189afd83ba4ef37e839e5 1ed7b34acf71dde8b6753f35746b59f08280704dfcab368422925508d3d615f2
SERVER_TRAFFIC_SECRET_0 4df2b457672f5e538601a1c300b3f1cefddb265a01b189afd83ba4ef37e839e5 02e2781f6c7d671f9716dbbd82400560d8c90fdd087395eb320244240552c04f
EXPORTER_SECRET 4df2b457672f5e538601a1c300b3f1cefddb265a01b189afd83ba4ef37e839e5 3f37eea3be048f08517042a743765f031c5d9105a1fefc56fa2a371e0baba1de
CLIENT_HANDSHAKE_TRAFFIC_SECRET ab621919e8634d42312d40d2bdbb56a89439191dd6e621ee3b3b710b9f88ba1f 09cf0ab8d93207597994e9e95a4d0e8251681e617dcf32a46f49cefb8f6ddda1
SERVER_HANDSHAKE_TRAFFIC_SECRET ab621919e8634d42312d40d2bdbb56a89439191dd6e621ee3b3b710b9f88ba1f dce4fc4488386e3d6159a3290d0c7b1b915753278c5a71b2cdabb936b382d63b
CLIENT_TRAFFIC_SECRET_0 ab621919e8634d42312d40d2bdbb56a89439191dd6e621ee3b3b710b9f88ba1f c7e89ac806c9d84e25fb0c3c3562a5a9d5104531667cd683e208719457f699b4
SERVER_TRAFFIC_SECRET_0 ab621919e8634d42312d40d2bdbb56a89439191dd6e621ee3b3b710b9f88ba1f cf56dc1e880a2fff8e3d93cfdc2c5bd6231d134ee145d8be33b655a9f31108d6
EXPORTER_SECRET ab621919e8634d42312d40d2bdbb56a89439191dd6e621ee3b3b710b9f88ba1f 50992e44835f328e8d5d57229fc0a274e927f39ebfb817ae701b9a61284d438e
CLIENT_HANDSHAKE_TRAFFIC_SECRET 1f1d35a3445babddb4858419207c70fb6462dedcc3134e9c6875b83f389172a1 1528a93ea0a55bf356734acc11065f9aa3f634a5b1af49d281c79f1fa9160513
SERVER_HANDSHAKE_TRAFFIC_SECRET 1f1d35a3445babddb4858419207c70fb6462dedcc3134e9c6875b83f389172a1 4324f2d435b1b58b79bd096d256c10fd1e17eeff5f72a99cf75a43eb18792234
CLIENT_TRAFFIC_SECRET_0 1f1d35a3445babddb4858419207c70fb6462dedcc3134e9c6875b83f389172a1 13c65895fdfc72ddefb085a41d970a622c939fc3cc2fef60e1090e8d2a83d09f
SERVER_TRAFFIC_SECRET_0 1f1d35a3445babddb4858419207c70fb6462dedcc3134e9c6875b83f389172a1 b03744bdd77d7d1b7996a8ad89e66c01ac4f012c6e55cc6d24e644388f816e07
EXPORTER_SECRET 1f1d35a3445babddb4858419207c70fb6462dedcc3134e9c6875b83f389172a1 2ff22e30715500fe55d1b901edc28f89f8e84f8264be1954d60d2727db9d7e35
CLIENT_RANDOM faae6f60d54d2b56d76695f8ece519ea71f3fc74aaf640ff360324381e7d2ee3 8fdab688f823f9beb16cc1b0a7f822cafee4d52179888f4f3f7e8ab17830e2625b667270b716b45f763488266e42a026
CLIENT_RANDOM 6268ceca30b3ef8b1045cd54dbec84c4b9f8122628fb27e7ba227a1c0fcac988 8fdab688f823f9beb16cc1b0a7f822cafee4d52179888f4f3f7e8ab17830e2625b667270b716b45f763488266e42a026
CLIENT_RANDOM c3d1fd123c98d5562df4372a9a2d162aab40dc25d131842a86e9036175c0ea7e 8fdab688f823f9beb16cc1b0a7f822cafee4d52179888f4f3f7e8ab17830e2625b667270b716b45f763488266e42a026
CLIENT_HANDSHAKE_TRAFFIC_SECRET d0ee3bf0afd08b96436d422ef79c8e2776724cb794c5845f69b2d9377970637b 8fbd75e8b8af188015ba13092b49ae76b1228051ae8a2815d3264fbcb9730b6c
SERVER_HANDSHAKE_TRAFFIC_SECRET d0ee3bf0afd08b96436d422ef79c8e2776724cb794c5845f69b2d9377970637b 4087c871b5926c0bfab3e0ab3d098203c4a5268b261cd878ff158dcefe232191
CLIENT_TRAFFIC_SECRET_0 d0ee3bf0afd08b96436d422ef79c8e2776724cb794c5845f69b2d9377970637b fa674ae5276967d78f0c8c93cf3cc66720a2f8c46a152253e605e7919625ef55
SERVER_TRAFFIC_SECRET_0 d0ee3bf0afd08b96436d422ef79c8e2776724cb794c5845f69b2d9377970637b 8a790c272409b5f382d00c9645b0d448596271e7c5feab6d6d95018376a87ee1
EXPORTER_SECRET d0ee3bf0afd08b96436d422ef79c8e2776724cb794c5845f69b2d9377970637b 92f4c0578722c9214055c6db2819c1f446681cda352bc355dfe452f785c715a9
CLIENT_HANDSHAKE_TRAFFIC_SECRET e4fa9b982ffb6d2dedbd582c0c28748464397d3f6e02916a99e05b9473121383 1215ae4b5843850b52bbf8fd93432754263415365b39a36021300314dc39ff1a
SERVER_HANDSHAKE_TRAFFIC_SECRET e4fa9b982ffb6d2dedbd582c0c28748464397d3f6e02916a99e05b9473121383 5280861960d2e0c34803b2657242fb144e2751b600b083f04b4d428577b44ffa
CLIENT_TRAFFIC_SECRET_0 e4fa9b982ffb6d2dedbd582c0c28748464397d3f6e02916a99e05b9473121383 a39e97d30f05b96d17d25a0f5911a44b25801f3b0c2b1b998c94c73bfa7ed7b2
SERVER_TRAFFIC_SECRET_0 e4fa9b982ffb6d2dedbd582c0c28748464397d3f6e02916a99e05b9473121383 d528390d502ab7eca713c9f1cdf50a357a76d5f2913d6f4c57c5f7ba0fa7161d
EXPORTER_SECRET e4fa9b982ffb6d2dedbd582c0c28748464397d3f6e02916a99e05b9473121383 bbf66bb2af046c02db9d6bdee1b7ee18aac44e9c6ba97b2fd629df065f9c0787
