# SSL/TLS secrets log file, generated by NSS
CLIENT_HANDSHAKE_TRAFFIC_SECRET ce63aa43cb70c640d6dd14a888b0f8b7acc4f3e394de1e38703bc45029c65521 5e18ffc6e3afc256f3d61c2efcee2e1e69231d901400134fe8f6689d6b7157e9
SERVER_HANDSHAKE_TRAFFIC_SECRET ce63aa43cb70c640d6dd14a888b0f8b7acc4f3e394de1e38703bc45029c65521 fd65cd6c9841853aad0fd1efb06f37954d8bfcd206b37076a784308e4eb04648
CLIENT_HANDSHAKE_TRAFFIC_SECRET 90faa109bec78cf2f43de178d5a4011022ca269eef4f3427af18b7557efc9c97 631d3e69292e3ad7a950a42eeaa401395a7ca70826b3e6f68f95d68096eb2d64
SERVER_HANDSHAKE_TRAFFIC_SECRET 90faa109bec78cf2f43de178d5a4011022ca269eef4f3427af18b7557efc9c97 0b1cd2cac1c05165b7bec30fc0fc5edacd1f494cd0c4aa1f26a39ebe3c784cc1
CLIENT_HANDSHAKE_TRAFFIC_SECRET 2599c6b933551b0aebf64f0997ebd802bbc3424506eed1b768c43d87811b31ce 38d27354aaf71acfa5c373de399174446d73d20d0a92071cb4e2abfd4ca9ee8e
SERVER_HANDSHAKE_TRAFFIC_SECRET 2599c6b933551b0aebf64f0997ebd802bbc3424506eed1b768c43d87811b31ce 441c5487e84699beafdf99e7ae019f9cdd9b4c6679e6abbdab53c4fce6f96607
CLIENT_HANDSHAKE_TRAFFIC_SECRET e7effb8c7adfc2ac90bce20e94a3bfdb4eadbf06f74e5c222b9c0c666d756477 2ff18ef1b0343279e20ec3362785d017ec53089002541ea2f999dae68d0f3679
SERVER_HANDSHAKE_TRAFFIC_SECRET e7effb8c7adfc2ac90bce20e94a3bfdb4eadbf06f74e5c222b9c0c666d756477 5628876b483998aefeb2fcfa76e86f669ba387657d5c7e66ae632eb302142caa
CLIENT_HANDSHAKE_TRAFFIC_SECRET 2cfafdd427a932af5dffeaa85f73b1f69be6da469d0d4e09608b9db30df10f26 a36ac7f5196e764ea67e5a3aac11e2dc582c8d37038aadd07524759dafdc7d12
SERVER_HANDSHAKE_TRAFFIC_SECRET 2cfafdd427a932af5dffeaa85f73b1f69be6da469d0d4e09608b9db30df10f26 f542b5aa3d94418fc01ecbea8645a9ec967fb8d5ce04a42430ee32d5a17a78ce
CLIENT_HANDSHAKE_TRAFFIC_SECRET 41372edf83bdf3d87a942b508b00bc104f2c09d9a653b7e6d525a5427972a67c 71f3d14d7050919545a849e3e848892445d0541430a641641d58fb2f21c9cec3
SERVER_HANDSHAKE_TRAFFIC_SECRET 41372edf83bdf3d87a942b508b00bc104f2c09d9a653b7e6d525a5427972a67c 5d623f43bb3f0a3f592b3a00ff048ae31372642e92e31debb56a15f5b724e7ad
CLIENT_HANDSHAKE_TRAFFIC_SECRET d01b95698ac4a4421991c3963d15b064a708671ab9d23862bb5a929a45586516 a0672b988008300187531e87ec7afc506af67b03ebc8641cb5e72f35a04c41a4
SERVER_HANDSHAKE_TRAFFIC_SECRET d01b95698ac4a4421991c3963d15b064a708671ab9d23862bb5a929a45586516 f994051ab079e97090c58b5a6d17bfc209d773801d3a5c8157659fbaab51e8ca
CLIENT_HANDSHAKE_TRAFFIC_SECRET 547edcac2292ac884629dc5896b1d0ac7fc65e04b634dc60b76fd52cf91e1ee6 2c287a41ddb7a5d1a53bb16a512a0bd68c70fb2816e5ccdab4bb1f7050e28de6
SERVER_HANDSHAKE_TRAFFIC_SECRET 547edcac2292ac884629dc5896b1d0ac7fc65e04b634dc60b76fd52cf91e1ee6 9eba7807049f89cd2d052df46b4dc52210381dc774397d86bfed37b80a0197f7
CLIENT_TRAFFIC_SECRET_0 41372edf83bdf3d87a942b508b00bc104f2c09d9a653b7e6d525a5427972a67c 8f9b737fcdada5bae6bd8279ad136fc2c943af493f90e833676086a4126632bc
SERVER_TRAFFIC_SECRET_0 41372edf83bdf3d87a942b508b00bc104f2c09d9a653b7e6d525a5427972a67c 8bba0d4a00ea7e5a890a9898ca15be6635ede5c03103bfc3e70da75b74b4b463
EXPORTER_SECRET 41372edf83bdf3d87a942b508b00bc104f2c09d9a653b7e6d525a5427972a67c 15fface70bb7ca0848aca0f321fa235f493728b69d89edfd53c3e6ca8e9e25c1
CLIENT_TRAFFIC_SECRET_0 d01b95698ac4a4421991c3963d15b064a708671ab9d23862bb5a929a45586516 860d248b73e491937e7d46cca9ccdab59ced0b72fbf87c5b19663c93d6a20f48
SERVER_TRAFFIC_SECRET_0 d01b95698ac4a4421991c3963d15b064a708671ab9d23862bb5a929a45586516 b8d9814a189337ccad50646d7eba72f4618e18913875ee9ead2b3c2f1197ff75
EXPORTER_SECRET d01b95698ac4a4421991c3963d15b064a708671ab9d23862bb5a929a45586516 c744ebcdf23aa472fa27d427eb4014fc63369ebcdef4993b688eca57e3bc79fb
CLIENT_TRAFFIC_SECRET_0 547edcac2292ac884629dc5896b1d0ac7fc65e04b634dc60b76fd52cf91e1ee6 8e31c3c951efda8759cdbd042ff37d39f0d0c4e8e5ce51dace0bafb95696171a
SERVER_TRAFFIC_SECRET_0 547edcac2292ac884629dc5896b1d0ac7fc65e04b634dc60b76fd52cf91e1ee6 1baf40d566adbc8f81fde8c1f20c60a83c04d57612516cc8a0385b1210b75f60
EXPORTER_SECRET 547edcac2292ac884629dc5896b1d0ac7fc65e04b634dc60b76fd52cf91e1ee6 54b7890bd3ca4327dc9f2cfd0a5b02f059adba6341e8465a275c1c62d0e94cf0
CLIENT_HANDSHAKE_TRAFFIC_SECRET 22b2b4a4119aa66c7d2cc61c71f7b7aac21d0ce35e0938437dc5c84ac9772df6 124f581039ecbe4ef81c9039f4c71789f55d8036815cab86ed2838ff156dc280
SERVER_HANDSHAKE_TRAFFIC_SECRET 22b2b4a4119aa66c7d2cc61c71f7b7aac21d0ce35e0938437dc5c84ac9772df6 e1d36a0b12194b0979a5cd15c90d0401992dd89a6dba44ff8242005e0247e238
CLIENT_TRAFFIC_SECRET_0 22b2b4a4119aa66c7d2cc61c71f7b7aac21d0ce35e0938437dc5c84ac9772df6 0ebbd55bcb523b0d34832ef7cf80a54b1c37e6ef7ca998eddd6291226730cb55
SERVER_TRAFFIC_SECRET_0 22b2b4a4119aa66c7d2cc61c71f7b7aac21d0ce35e0938437dc5c84ac9772df6 5fd6eb1a80de1227b8c86ffb821e8b0882929bb5205d4de2f5bb00dc741b63f6
EXPORTER_SECRET 22b2b4a4119aa66c7d2cc61c71f7b7aac21d0ce35e0938437dc5c84ac9772df6 e6c46368f2ff3332f84346f93ff48686f6ba0a7ec0acb09bef7eab54ba921e1b
CLIENT_RANDOM 00c68cdad6e28a7088970ee56d271fd40bff0ee0a3b76872f90fad9dae79ff3b 06256e5fba22d03adf12f8ce0425c7dc29706a7c9f4b17c6ef8143d2da85b84c9abf0228011e75c831824ac668d1e5f7
CLIENT_RANDOM f4556a6cc14035f6e70f2c334ba40a82b0d5f4d1d5dab69d96a810421076469f f7f483a35ae1348aeca5bab440c4cc38ca5d912679984ca242e9b54da54f1dc565c5b91c932b5da1e6540167cb320fe2
CLIENT_HANDSHAKE_TRAFFIC_SECRET a26192acfe9a36cccb1277b210256cb47667095f5f250164e6736a353c49016c 48fa719701d0c3b315e481cd1de2301b126860100adac3c82bb06a6ecc682a8f
SERVER_HANDSHAKE_TRAFFIC_SECRET a26192acfe9a36cccb1277b210256cb47667095f5f250164e6736a353c49016c e06afccb59f4e3250bfd6472690a32c3d8a18ebe8bed9b68ae2607419a63d885
CLIENT_HANDSHAKE_TRAFFIC_SECRET 70d6c06b87bdbc9ee72c01e6a543960d6c50e6df7b577b447ba0599364fbf55f 9546e2a37c3bd535ed7408a014b2ffac428c832d955ef6806f33cb5d0af80ead
SERVER_HANDSHAKE_TRAFFIC_SECRET 70d6c06b87bdbc9ee72c01e6a543960d6c50e6df7b577b447ba0599364fbf55f 1e3a8bacdb1f0dea2d39010b9549c5b78ad94e9fd7cc31a1fe82a7fc1f463f81
CLIENT_TRAFFIC_SECRET_0 70d6c06b87bdbc9ee72c01e6a543960d6c50e6df7b577b447ba0599364fbf55f 28df51ebb52db4342f6de83ef8a28b3078862a5b32e746519b2a549fd2fdb580
SERVER_TRAFFIC_SECRET_0 70d6c06b87bdbc9ee72c01e6a543960d6c50e6df7b577b447ba0599364fbf55f f2be53db69d38a408f6ecab7fcd9c603a063dce94e00fe507ffac9ecd8d08049
EXPORTER_SECRET 70d6c06b87bdbc9ee72c01e6a543960d6c50e6df7b577b447ba0599364fbf55f bdca7d55b36a2349f1aa98d9405c701a85286f702e59a42909f6d324a70efb1e
CLIENT_TRAFFIC_SECRET_0 a26192acfe9a36cccb1277b210256cb47667095f5f250164e6736a353c49016c b754c134a5421b9c0ccacca8b12371365b091da071e62a62f44ca2c5d88a842e
SERVER_TRAFFIC_SECRET_0 a26192acfe9a36cccb1277b210256cb47667095f5f250164e6736a353c49016c 415942ac7553539f4ae12be2268c588fdd0697e74d853a9c6b74976667595b9d
EXPORTER_SECRET a26192acfe9a36cccb1277b210256cb47667095f5f250164e6736a353c49016c 974c7ed4493e3f102c45128f2fb9b5aa78327a10fffd6796ad6eadc454456961
CLIENT_HANDSHAKE_TRAFFIC_SECRET a10dd89129c0e96c1b7bb359a4ca3fb9e8aa76976256bf41b5a73e2b646a157d 34f2b28d258820f043cf47b75c97ece452eb860e8af8cdf1408e9aac4969165a
SERVER_HANDSHAKE_TRAFFIC_SECRET a10dd89129c0e96c1b7bb359a4ca3fb9e8aa76976256bf41b5a73e2b646a157d 2af4acf57bf4244d5bfa37465c1d9268b7ffe7231856b43fd6d154ca674b4e57
CLIENT_HANDSHAKE_TRAFFIC_SECRET 7aa76a7cd6c9bed3a1b00e409c72ed5861a31c00d5af400a8df4fc3c26faab58 d8b3f872fccf2c0e5e90937261db31c60800eabb5bb80b14bd2d36c96cf14753
SERVER_HANDSHAKE_TRAFFIC_SECRET 7aa76a7cd6c9bed3a1b00e409c72ed5861a31c00d5af400a8df4fc3c26faab58 ad1a49aa1c260e7aef5531a503535d08eb558309b7c7864c85ca4cc9a39a0215
CLIENT_TRAFFIC_SECRET_0 7aa76a7cd6c9bed3a1b00e409c72ed5861a31c00d5af400a8df4fc3c26faab58 2b30bd16feca859047c661160ea072714734dd4ae45dc75f5abc691a8cadd0a8
SERVER_TRAFFIC_SECRET_0 7aa76a7cd6c9bed3a1b00e409c72ed5861a31c00d5af400a8df4fc3c26faab58 35e276fb5c7d344757fa9c3e1229605d7e7b85a284380d94a24e95dc18b8b433
EXPORTER_SECRET 7aa76a7cd6c9bed3a1b00e409c72ed5861a31c00d5af400a8df4fc3c26faab58 f8c31fb0a4398214c301eceba7a5330a832a4ef4ecde1a518efc6e0da45a629d
CLIENT_TRAFFIC_SECRET_0 a10dd89129c0e96c1b7bb359a4ca3fb9e8aa76976256bf41b5a73e2b646a157d adae0ff4d1244abc31d65149418bb2b89fd80241ae9d96a2f440b5f45b84e76c
SERVER_TRAFFIC_SECRET_0 a10dd89129c0e96c1b7bb359a4ca3fb9e8aa76976256bf41b5a73e2b646a157d b23ab235c7ebe913165c06e294abad256318ea692656375384ae4d27ecf1f634
EXPORTER_SECRET a10dd89129c0e96c1b7bb359a4ca3fb9e8aa76976256bf41b5a73e2b646a157d 9c05ab746078d2253c3e60dd0447e277aef5622e046fc74ffbd8916a36710191
CLIENT_HANDSHAKE_TRAFFIC_SECRET d5c75401187047214ff978beba0ff001a559a5421017d69f36783f0180ae725b 35940a96b9809352ea5e2a527ed7855e5b2d9bfdc86e62c570a0b560b5447b3e
SERVER_HANDSHAKE_TRAFFIC_SECRET d5c75401187047214ff978beba0ff001a559a5421017d69f36783f0180ae725b 9dfd5fdb65950905bf2bdbc78f3f934cbefce608ebc086080dc1378fb30280d4
CLIENT_TRAFFIC_SECRET_0 d5c75401187047214ff978beba0ff001a559a5421017d69f36783f0180ae725b 0e091bd5838f104010a06e895927233253255fe8fd181491d99503c8ed27bebf
SERVER_TRAFFIC_SECRET_0 d5c75401187047214ff978beba0ff001a559a5421017d69f36783f0180ae725b 8894932559d42a3324ebd5690b72cd821e4b8c4a20b3a715ebeffd261a8b1a46
EXPORTER_SECRET d5c75401187047214ff978beba0ff001a559a5421017d69f36783f0180ae725b bb87fa9876fbf5e1886652063556e626d4ef6f7a0d5ee7bb015825e3330437b9
CLIENT_HANDSHAKE_TRAFFIC_SECRET 6fc64703878517386315a41e14887a6e5ca069ca7f11b79a6626f30d242f2402 e1d004a50f590a4a4c1e2da05d739b6508804348658b722ec50ab25a7015ecdd
SERVER_HANDSHAKE_TRAFFIC_SECRET 6fc64703878517386315a41e14887a6e5ca069ca7f11b79a6626f30d242f2402 fa9c799874540cbfcf4bb77c6408e957b35274f06dece0d978d063abe3171bc1
CLIENT_HANDSHAKE_TRAFFIC_SECRET ae2e48cc9edd13f42909a4f15c7d75e7721f4e69a9764b80306a63b02819de69 cfcb7e3666dddf63183f614b33e9f37498cc20138cb57637817446ff1f03fd8a
SERVER_HANDSHAKE_TRAFFIC_SECRET ae2e48cc9edd13f42909a4f15c7d75e7721f4e69a9764b80306a63b02819de69 3546abe8f2dccac3235cfbe2c7cf0539718b067680b7348f300bc0c28720c557
CLIENT_TRAFFIC_SECRET_0 6fc64703878517386315a41e14887a6e5ca069ca7f11b79a6626f30d242f2402 efa477babdd0b31bbdf01871673ff5d71ff978752406b67438005e588720a523
SERVER_TRAFFIC_SECRET_0 6fc64703878517386315a41e14887a6e5ca069ca7f11b79a6626f30d242f2402 8a3066da4e974ba19d663f8a535c0bf34433850e4551ab59fa6c2affe35f8256
EXPORTER_SECRET 6fc64703878517386315a41e14887a6e5ca069ca7f11b79a6626f30d242f2402 e6322e1fbecec3386abe5157ab3d12fd7ea888aebb4ed30c347354a8cb31ae06
CLIENT_HANDSHAKE_TRAFFIC_SECRET 095b66a82059a26b963f74ea7a0800c0f8b83ecc82fde4a36bd222d80e77fcb0 5fcd3633d6df5619880c66ee8a8f180cf9c14b3878faa5e0f731999301c28878
SERVER_HANDSHAKE_TRAFFIC_SECRET 095b66a82059a26b963f74ea7a0800c0f8b83ecc82fde4a36bd222d80e77fcb0 2d2a66afbfff031438e29f9564d4f4a76fa2e281e8f2e8fcbc87b421089e0c3f
CLIENT_TRAFFIC_SECRET_0 ae2e48cc9edd13f42909a4f15c7d75e7721f4e69a9764b80306a63b02819de69 931f3b0b92bc314958d6157c3c9be9e32c21d0b3e7e713af7cea31041a8af8e9
SERVER_TRAFFIC_SECRET_0 ae2e48cc9edd13f42909a4f15c7d75e7721f4e69a9764b80306a63b02819de69 df12da6ac5490203bd0aea36492534f9ab6e6e8322dff7756524e3a137d25b61
EXPORTER_SECRET ae2e48cc9edd13f42909a4f15c7d75e7721f4e69a9764b80306a63b02819de69 646117ff0bc155bf31a11bc31a3361522ed510af4206a6d0df336a67f183d603
CLIENT_HANDSHAKE_TRAFFIC_SECRET 0db6559e3b3584e9b7ec6a2bf1439c70a56946e567b4b7cb2f748678eba7ae1d 1a3366454c524f34185a333f9a4cc13ca8b3d93950e4d13845ce0f6179aa2937
SERVER_HANDSHAKE_TRAFFIC_SECRET 0db6559e3b3584e9b7ec6a2bf1439c70a56946e567b4b7cb2f748678eba7ae1d 4b3fc4e1fda198047289ddd69ac6939910cc8ea99fec02c8a1fdfb920c8ce720
CLIENT_TRAFFIC_SECRET_0 095b66a82059a26b963f74ea7a0800c0f8b83ecc82fde4a36bd222d80e77fcb0 45e1ff979ed7bbd20019a49efff31ef6122cf02105ed5de1d943acef58e05c47
SERVER_TRAFFIC_SECRET_0 095b66a82059a26b963f74ea7a0800c0f8b83ecc82fde4a36bd222d80e77fcb0 8b72097c9fc68947b61a820f389db3e7b07808d13510215669bf611b0320c82e
EXPORTER_SECRET 095b66a82059a26b963f74ea7a0800c0f8b83ecc82fde4a36bd222d80e77fcb0 9fdb31927b19937b495e377c7c0c51b07adf889d8e6fcd7987315bc0503a836a
CLIENT_TRAFFIC_SECRET_0 0db6559e3b3584e9b7ec6a2bf1439c70a56946e567b4b7cb2f748678eba7ae1d a948e55e75fe0a93800bb3c966a4aa2fade38f2b85c90a041978eb1e27122b91
SERVER_TRAFFIC_SECRET_0 0db6559e3b3584e9b7ec6a2bf1439c70a56946e567b4b7cb2f748678eba7ae1d b95a83d538e836a81f266a4e04353c6623cf800daf2ddecc50b17deef5dacd63
EXPORTER_SECRET 0db6559e3b3584e9b7ec6a2bf1439c70a56946e567b4b7cb2f748678eba7ae1d b8bb44563399e09318bba12b5da1968f978062008442bfb35bc4fa3ec1547365
CLIENT_HANDSHAKE_TRAFFIC_SECRET 3e7f1e86d96d8885c59fbad00bdd82c675f012018bdc4fabf5f80c1e63835c0d 0f1f11d287af4db5e4a33ce1922b3ff6431284f3396b682d562f87af2e9e5cde
SERVER_HANDSHAKE_TRAFFIC_SECRET 3e7f1e86d96d8885c59fbad00bdd82c675f012018bdc4fabf5f80c1e63835c0d 38d6a4c4969a1c300d6272ce9123675572270ac045254b284e4274d7d8f94087
CLIENT_TRAFFIC_SECRET_0 3e7f1e86d96d8885c59fbad00bdd82c675f012018bdc4fabf5f80c1e63835c0d e05395358a3c9de94952ddf8e0952a49eff0a2d8ee516b99d3fd7bdbec427b3b
SERVER_TRAFFIC_SECRET_0 3e7f1e86d96d8885c59fbad00bdd82c675f012018bdc4fabf5f80c1e63835c0d 22769853437010530e902415ef24fd2ea324de50de09e50c98fc6aec20ca8838
EXPORTER_SECRET 3e7f1e86d96d8885c59fbad00bdd82c675f012018bdc4fabf5f80c1e63835c0d a8a118bb918bbb04b017e6131b16041e95380ceb8e419281260e991d46762b0c
CLIENT_HANDSHAKE_TRAFFIC_SECRET 93d26fe37ef748215cec73b0c78875624f27cd5f95efaa57c64e6adc56a7b912 f91b609dc9924767f06fb38e2b72c57338571a42e9c48cbfd19599515f8712b6
SERVER_HANDSHAKE_TRAFFIC_SECRET 93d26fe37ef748215cec73b0c78875624f27cd5f95efaa57c64e6adc56a7b912 3ad767a314250364e9905ba5e62b6b6fab7a3edea90aaeea301567be583e552a
CLIENT_TRAFFIC_SECRET_0 93d26fe37ef748215cec73b0c78875624f27cd5f95efaa57c64e6adc56a7b912 60dfa1bd7fa45254a566b32486c57980bcbc67fd97d46e28cf8c2f9bee072bbf
SERVER_TRAFFIC_SECRET_0 93d26fe37ef748215cec73b0c78875624f27cd5f95efaa57c64e6adc56a7b912 ec9ba526cbaf2151c00a3a8883faac195244a647d702f9fe1cf47dd5045181b0
EXPORTER_SECRET 93d26fe37ef748215cec73b0c78875624f27cd5f95efaa57c64e6adc56a7b912 287c3ea95c971a4786de0198514644f9905fbfa47e475977a3ba35148d3dfe2e
CLIENT_HANDSHAKE_TRAFFIC_SECRET e5503043982a60b51ab13b3d09f895c4b749b4a7257e2217409d24dadb666720 b16cf6c4a11011d9e16986329ac151a611eebfc4e1c3a55411a695a1c20b7a85
SERVER_HANDSHAKE_TRAFFIC_SECRET e5503043982a60b51ab13b3d09f895c4b749b4a7257e2217409d24dadb666720 98857bf1c1f5c468149cd525276765c5d488135ac4ac5a2a860637fccfcd8e24
CLIENT_TRAFFIC_SECRET_0 e5503043982a60b51ab13b3d09f895c4b749b4a7257e2217409d24dadb666720 7212ba8f53b8d3c19fe6e038a1bc0b3307fbae42286df078cc891e3fb61ba619
SERVER_TRAFFIC_SECRET_0 e5503043982a60b51ab13b3d09f895c4b749b4a7257e2217409d24dadb666720 71d944ed3ab060519259ec563c9e6c1427461f9218693351e02d93e2ed4fcc6a
EXPORTER_SECRET e5503043982a60b51ab13b3d09f895c4b749b4a7257e2217409d24dadb666720 b7d5ee0ca9021d66ed66651cbbf6f9fff0244bfdd253c00d3eba6cc20680a467
CLIENT_HANDSHAKE_TRAFFIC_SECRET 26386e9d90670b2008e6a251a3bf095f45394a424bccdc68936d378dd6884431 1e02876b85693046ebac562e30946f311979f02a10ca1805b108da9976ae0a5d
SERVER_HANDSHAKE_TRAFFIC_SECRET 26386e9d90670b2008e6a251a3bf095f45394a424bccdc68936d378dd6884431 c82724936dee8426c6587690ff939f8f1b9a9c2e395ec26209a4cdb17fdb7fe5
CLIENT_TRAFFIC_SECRET_0 26386e9d90670b2008e6a251a3bf095f45394a424bccdc68936d378dd6884431 cb0a86582fab61e0ac7b5d9b34c7dfa2c4c3039be78e86aa6cf0a6e70f41c012
SERVER_TRAFFIC_SECRET_0 26386e9d90670b2008e6a251a3bf095f45394a424bccdc68936d378dd6884431 8e8e59193f46fad43a26cd6859b6eef2db1cf8a105b35de31ca13236209cd56e
EXPORTER_SECRET 26386e9d90670b2008e6a251a3bf095f45394a424bccdc68936d378dd6884431 36a680ab5ffbc5efb7c4e3e2066b39ed76cb0de9723c76ed483e548ccb771447
CLIENT_HANDSHAKE_TRAFFIC_SECRET d7be2a3d1a97921eb34e2d42caf17b12b67f66f0678b73285a69c7a5a01d68dd f986d18ba643b2ff870e465032b32251739204a32d0bcfe3ca2b59ab6f8601d6
SERVER_HANDSHAKE_TRAFFIC_SECRET d7be2a3d1a97921eb34e2d42caf17b12b67f66f0678b73285a69c7a5a01d68dd 4233a13337f81be5ec9e00b68f49c0c30f86ab24c6d7160aecb1200e5430c9c5
CLIENT_TRAFFIC_SECRET_0 d7be2a3d1a97921eb34e2d42caf17b12b67f66f0678b73285a69c7a5a01d68dd c3e1df792fafa1140f4b93ab0d68d90bc79f8423aa4404e4889dc43299146d19
SERVER_TRAFFIC_SECRET_0 d7be2a3d1a97921eb34e2d42caf17b12b67f66f0678b73285a69c7a5a01d68dd e7c3fb2987fda4a05a05c541d0208aceb7f533f7097551bb35abd704b0ebc85c
EXPORTER_SECRET d7be2a3d1a97921eb34e2d42caf17b12b67f66f0678b73285a69c7a5a01d68dd f5c48ca2fbe4b01f0ae5bf4576ce92d57ae78923ead32386ab198b17863b8fa7
CLIENT_HANDSHAKE_TRAFFIC_SECRET 3cb36f3b8adb8932576a1c2b2f5d022002e40325fafcddfe032f327b5dc2007a 475fcb7cbab93b721750772d1b7bafbbf1a88680d0654248c1d0b230c399ff92
SERVER_HANDSHAKE_TRAFFIC_SECRET 3cb36f3b8adb8932576a1c2b2f5d022002e40325fafcddfe032f327b5dc2007a 5da0f45b866b69202e01cf7dee3248115dccd9f015070c0c54b239237d5f9333
CLIENT_HANDSHAKE_TRAFFIC_SECRET 53e5752948d0d9c58f17dc967dd5e6d325cc48d8ff7416be894b5e72764629c8 bfdcbd64a469995a19c23d02ff54e15ed4e6e53619c6a2029847543f4d02c1fa
SERVER_HANDSHAKE_TRAFFIC_SECRET 53e5752948d0d9c58f17dc967dd5e6d325cc48d8ff7416be894b5e72764629c8 d1246a04980fd0a9e20bc2d4a55f1abcf409ceae0dbc8f0c9e38ff2eed024848
CLIENT_TRAFFIC_SECRET_0 3cb36f3b8adb8932576a1c2b2f5d022002e40325fafcddfe032f327b5dc2007a 958897b08d12a76b5bccc38d77000cf9083881467f12855edf78b1fc9f7c4e0f
SERVER_TRAFFIC_SECRET_0 3cb36f3b8adb8932576a1c2b2f5d022002e40325fafcddfe032f327b5dc2007a 63301fe184b7d5b26956aa86981fe1889358fc98c263beefa4d41381e2548539
EXPORTER_SECRET 3cb36f3b8adb8932576a1c2b2f5d022002e40325fafcddfe032f327b5dc2007a 1a6bc43457e806fb0143ff7d9097ed80464c955bdbcca13a9544900e704933a1
CLIENT_TRAFFIC_SECRET_0 53e5752948d0d9c58f17dc967dd5e6d325cc48d8ff7416be894b5e72764629c8 0c17d4a26b8a51f2bbec22abc7f7437785918e89c1437c37043aee86f21cf37f
SERVER_TRAFFIC_SECRET_0 53e5752948d0d9c58f17dc967dd5e6d325cc48d8ff7416be894b5e72764629c8 7868ea67d10c344e1c1a3a3048942eab7bce2ae669b7f56dc535c7ec618561db
EXPORTER_SECRET 53e5752948d0d9c58f17dc967dd5e6d325cc48d8ff7416be894b5e72764629c8 b442997a56e7d68e42a66758b8336801db5245dc094182c8f7607b02cb270fed
CLIENT_HANDSHAKE_TRAFFIC_SECRET 88bb7c440c46b7eb1fd4628d63cef32b44999da3cf406ea6a53e52d678ece3c6 532d3ccd89fa4bdf11bee18065f36ead175da719f146d1e37c94f5080aba0960
SERVER_HANDSHAKE_TRAFFIC_SECRET 88bb7c440c46b7eb1fd4628d63cef32b44999da3cf406ea6a53e52d678ece3c6 aac95471c05195f55e6b5a85573c95f349a91e10f4ec84d6b9e8cd3a51d1328a
CLIENT_TRAFFIC_SECRET_0 88bb7c440c46b7eb1fd4628d63cef32b44999da3cf406ea6a53e52d678ece3c6 f7c965d8e96053f145ff215c4f2c5d63233b5b8c922d7a22bf0358d306b9cdb8
SERVER_TRAFFIC_SECRET_0 88bb7c440c46b7eb1fd4628d63cef32b44999da3cf406ea6a53e52d678ece3c6 25abce0f7f190c42969d923d2e21b10be006dfc13be0898ca11fd9b539b07e08
EXPORTER_SECRET 88bb7c440c46b7eb1fd4628d63cef32b44999da3cf406ea6a53e52d678ece3c6 915fd15dd53a739ebfb5a69d8e2807e9abc241aee4f1b8a1c2940a93843a8d43
CLIENT_HANDSHAKE_TRAFFIC_SECRET 91423395bb9970b7c6719407f6708e2b7f9a16ed565ac9f61641588589115a71 90e4b22368c1ceb0c1549c6c91317bb7185a24a1ae30ce56bfd7c07757420fbe
SERVER_HANDSHAKE_TRAFFIC_SECRET 91423395bb9970b7c6719407f6708e2b7f9a16ed565ac9f61641588589115a71 8c45e1d7d04fd37942b53be4cb4b00f4aa9465c96cdab6856cd090414d91f0f2
CLIENT_TRAFFIC_SECRET_0 91423395bb9970b7c6719407f6708e2b7f9a16ed565ac9f61641588589115a71 66601dd0f03ecf903305a27cbda891d6f3d39aebbd8950aa8d8b66b578e5383f
SERVER_TRAFFIC_SECRET_0 91423395bb9970b7c6719407f6708e2b7f9a16ed565ac9f61641588589115a71 9b35768d2709ba732519858048181a1d57a67461af6fe9462fc4721168adae90
EXPORTER_SECRET 91423395bb9970b7c6719407f6708e2b7f9a16ed565ac9f61641588589115a71 cd753714891802adca51aecfccdae20a2915b2e69091330188bf9f50f20c9496
CLIENT_HANDSHAKE_TRAFFIC_SECRET abdaa30fa8d54da7d6cf88c7adc29b4558008f8f1c3b7a70f97af263010bb4d9 e3e71f1f358cc107c420aa079b64c6738f3238f58b436191d1e4e5eb8e037e23
SERVER_HANDSHAKE_TRAFFIC_SECRET abdaa30fa8d54da7d6cf88c7adc29b4558008f8f1c3b7a70f97af263010bb4d9 6a7e0a11d462dd9ec476352b8bf6e9f18c03a87f602bedb13fc64c857a2b55b6
CLIENT_HANDSHAKE_TRAFFIC_SECRET de3a593a4103d79ea528432854f5d70a5d10b65c525076a1469dbb9a73346077 a5115b26a28e3e02d2192d184b52086430bd600a2d47e1eb9b27baa04b99840a
SERVER_HANDSHAKE_TRAFFIC_SECRET de3a593a4103d79ea528432854f5d70a5d10b65c525076a1469dbb9a73346077 5110524a32e3a8bdff36b8c1e935d7e2f1c1cf489e9a8de077521e78ae6c064c
CLIENT_TRAFFIC_SECRET_0 abdaa30fa8d54da7d6cf88c7adc29b4558008f8f1c3b7a70f97af263010bb4d9 8e1fd4555614e74178bbb478fae6e95f758e122164682e72d57e72068e3ed730
SERVER_TRAFFIC_SECRET_0 abdaa30fa8d54da7d6cf88c7adc29b4558008f8f1c3b7a70f97af263010bb4d9 ef42b09b27ce5ee8016da60e44b32e93eae4d7cff1ccf0eca232da6f261aa414
EXPORTER_SECRET abdaa30fa8d54da7d6cf88c7adc29b4558008f8f1c3b7a70f97af263010bb4d9 5900ada7fa837c118471d373e60abb7c40f5fb30cc1e6905392516538c81f6a8
CLIENT_TRAFFIC_SECRET_0 de3a593a4103d79ea528432854f5d70a5d10b65c525076a1469dbb9a73346077 f15f122ba777e58f6c0d35228417b62eaa4ccf6142a23482050c05e7c980d3b2
SERVER_TRAFFIC_SECRET_0 de3a593a4103d79ea528432854f5d70a5d10b65c525076a1469dbb9a73346077 81e5bf85ac671508804cab22f48a8b6b394aa9a6099f5d613fcf7cd83723c08e
EXPORTER_SECRET de3a593a4103d79ea528432854f5d70a5d10b65c525076a1469dbb9a73346077 fb528359772735791e2880cae308866a5b5d7f587e94b7d5065f04b0fe5030dd
CLIENT_HANDSHAKE_TRAFFIC_SECRET 14948d719281ba04f95ead4921b7356a25f3205e531e70d85ee111be8422c352 19f6dff256c840c0a69b3715c8d33b176a9da3fc2f8924acabb35319a2188480
SERVER_HANDSHAKE_TRAFFIC_SECRET 14948d719281ba04f95ead4921b7356a25f3205e531e70d85ee111be8422c352 8d69e511295498157057b2e671dee64a415a47cc13c86468fd63a9f0ec4bb32a
CLIENT_TRAFFIC_SECRET_0 14948d719281ba04f95ead4921b7356a25f3205e531e70d85ee111be8422c352 77069fb2efd85381565ea354661a928a59f78ca5b1dc8f30b5806d104577acf9
SERVER_TRAFFIC_SECRET_0 14948d719281ba04f95ead4921b7356a25f3205e531e70d85ee111be8422c352 258c541639c9c2fb7b71cebb027249e8138da0a69daa8b9ea9d4a13a1d17e0e7
EXPORTER_SECRET 14948d719281ba04f95ead4921b7356a25f3205e531e70d85ee111be8422c352 467aad27418d3a007994ad59743c397fd7e2492ddc083ba7a82238b38a2d09a2
CLIENT_HANDSHAKE_TRAFFIC_SECRET 36a94cf3413ceb639206988713a8fb66db702b920a0aace732d243a3733b9d42 db49d7fd1eff60a606874c0244da1f6301698462f9a8699876378ee19032c166
SERVER_HANDSHAKE_TRAFFIC_SECRET 36a94cf3413ceb639206988713a8fb66db702b920a0aace732d243a3733b9d42 72d456ab984f1583be1efe13a8bea31e866b6760f7400509c6a3f3f1f9ea453d
CLIENT_TRAFFIC_SECRET_0 36a94cf3413ceb639206988713a8fb66db702b920a0aace732d243a3733b9d42 74b3c6fe52c5dbcdc1d8e53165d2b1cb9a1f8ad886dc084ae1c7b99b34df103d
SERVER_TRAFFIC_SECRET_0 36a94cf3413ceb639206988713a8fb66db702b920a0aace732d243a3733b9d42 8049d279fcf297f1e0a9a3fb0c1884c3bce3f7831efe507812cde7af6a96f881
EXPORTER_SECRET 36a94cf3413ceb639206988713a8fb66db702b920a0aace732d243a3733b9d42 5c835ad355c4812ab4e62b4bbfaab7ab09f93ff6bb1c91b8eb8179b0a6800fb3
CLIENT_HANDSHAKE_TRAFFIC_SECRET e329fcde6f433a33937f1817f6ba7f1d4b8e9469537b54200505a0f67878d548 7e8d1d41a752ad8da66f2f26d09d579ec68eadfdbe1d8dc028bfd16aa151845b
SERVER_HANDSHAKE_TRAFFIC_SECRET e329fcde6f433a33937f1817f6ba7f1d4b8e9469537b54200505a0f67878d548 5f63cdb1fa22e3c2ee19c130a86e349645ec45cf84d25682c411980d88ea2cda
CLIENT_HANDSHAKE_TRAFFIC_SECRET 113d97dd1c44bd31f33e4f1dd63db51477cf702f4d336558e769e56e3e5d15b1 36ca41e0698bddc8b831783fe5855518da9bb947256258e01313f813cbd65361
SERVER_HANDSHAKE_TRAFFIC_SECRET 113d97dd1c44bd31f33e4f1dd63db51477cf702f4d336558e769e56e3e5d15b1 5176f57e8cf8730313d4865e1ad5881743fdbf23d8177084f465a5955065422b
CLIENT_TRAFFIC_SECRET_0 e329fcde6f433a33937f1817f6ba7f1d4b8e9469537b54200505a0f67878d548 ebc4aa94bb5fd3c4093d2302ea92b6c688f27f0e7ae3705146aba9cb5690a6b9
SERVER_TRAFFIC_SECRET_0 e329fcde6f433a33937f1817f6ba7f1d4b8e9469537b54200505a0f67878d548 81f460d91df10168732a63582ee8a9d1e00eabd91db38c36a838751df0b299db
EXPORTER_SECRET e329fcde6f433a33937f1817f6ba7f1d4b8e9469537b54200505a0f67878d548 a4badbcd7136b4c3b6045a6197dbab40c1bce23edef643deae4494054050b81b
CLIENT_HANDSHAKE_TRAFFIC_SECRET 42768c2b32d1db120e267f6b83bbb62b1aa98f84ba4c60feb940d49ccef81b97 f99eead0673f76387a694658198029cca35c1fca40f05b50318a4991fe84daaa
SERVER_HANDSHAKE_TRAFFIC_SECRET 42768c2b32d1db120e267f6b83bbb62b1aa98f84ba4c60feb940d49ccef81b97 7b8cda6b70dde9ca8f8b62620627ec84ff282541a9c7651ebbf16a09998a91c1
CLIENT_HANDSHAKE_TRAFFIC_SECRET e146531c37da0157966addb2300d8c609b1763d9df3ff5aef46e075f77b31975 f67d4a3e6acfbe5bfe534a2a18be8f1acc3b44ff81e4dbf2c894997a96ca13af
SERVER_HANDSHAKE_TRAFFIC_SECRET e146531c37da0157966addb2300d8c609b1763d9df3ff5aef46e075f77b31975 4bc93de1bf76dadc1ae95245df3e49c8332b43cd4978a5ea7fbdc9baaf1add9f
CLIENT_TRAFFIC_SECRET_0 113d97dd1c44bd31f33e4f1dd63db51477cf702f4d336558e769e56e3e5d15b1 629b85e70038ab44de0c504289368032bfb0152f4416fe50b7a011f85f391628
SERVER_TRAFFIC_SECRET_0 113d97dd1c44bd31f33e4f1dd63db51477cf702f4d336558e769e56e3e5d15b1 757d2a2d5cbd7c1f8dec3859e43da649b3b7e2588a4e29067d1aaa3f775b83ab
EXPORTER_SECRET 113d97dd1c44bd31f33e4f1dd63db51477cf702f4d336558e769e56e3e5d15b1 648010012d15a1c46b4b6b3788df084f2b0433dbb0029f01abd7ea2e57992a0e
CLIENT_TRAFFIC_SECRET_0 42768c2b32d1db120e267f6b83bbb62b1aa98f84ba4c60feb940d49ccef81b97 077a93909fb76d7f769f6dd2c3f5f8a524d1e12e25a5ecddea51e76aeb31637a
SERVER_TRAFFIC_SECRET_0 42768c2b32d1db120e267f6b83bbb62b1aa98f84ba4c60feb940d49ccef81b97 13c4559d31cae1b02a7be4e35bdd9b93c9f3d7fc5b7a27ef0d481a442fd093ef
EXPORTER_SECRET 42768c2b32d1db120e267f6b83bbb62b1aa98f84ba4c60feb940d49ccef81b97 e3ea75f7ed30e5d2744dc0781e4a50cf2a352af120e04c471c4b3a9ba9414343
CLIENT_TRAFFIC_SECRET_0 e146531c37da0157966addb2300d8c609b1763d9df3ff5aef46e075f77b31975 2a66d16712431a7854be291c8f39640685f29bff4eeb388c86d6eaaa290e141c
SERVER_TRAFFIC_SECRET_0 e146531c37da0157966addb2300d8c609b1763d9df3ff5aef46e075f77b31975 c182f95a69fdb00ac7fbb234dc97087c4f4f8152c75a6cda83d1c710eb0d6231
EXPORTER_SECRET e146531c37da0157966addb2300d8c609b1763d9df3ff5aef46e075f77b31975 e8b49787a2338ae87c1423c25f1bc7474666a7e81975feba29c2e0af0fc10f07
CLIENT_HANDSHAKE_TRAFFIC_SECRET fdb9b7fc201483d8228c88c873894f432ce6dbee05f6d9655697eb7653191d44 7624b91117ea2d047c7df971d993aa7dc6cd74d41574c2841bf713e4982d13a2
SERVER_HANDSHAKE_TRAFFIC_SECRET fdb9b7fc201483d8228c88c873894f432ce6dbee05f6d9655697eb7653191d44 0d8526cc16ebd0a5b88322762a98a88f57bf7849301e58130f8f83ea71c077c4
CLIENT_HANDSHAKE_TRAFFIC_SECRET edb4308a09d83162b795772dfc87b67098e9b8f4df5fb9c4ec38fba780d6655f cb3d151c4c208ab5cc9d320c71fadedf79ac9c7f13652d85f642465d3980350d
SERVER_HANDSHAKE_TRAFFIC_SECRET edb4308a09d83162b795772dfc87b67098e9b8f4df5fb9c4ec38fba780d6655f 6aedf0fd2c648fce5d187d26231bff4707581f27f5be2bbb770a0eb7e3d579cd
CLIENT_TRAFFIC_SECRET_0 fdb9b7fc201483d8228c88c873894f432ce6dbee05f6d9655697eb7653191d44 902bed0ca47857f2b8492726eea4545e12a9e2fc57d79bbe267ff72ba98e52ec
SERVER_TRAFFIC_SECRET_0 fdb9b7fc201483d8228c88c873894f432ce6dbee05f6d9655697eb7653191d44 9b195d407330dbba8eebd8ae57b0c449c0fbd56cf3d814bc77c92b9123f89928
EXPORTER_SECRET fdb9b7fc201483d8228c88c873894f432ce6dbee05f6d9655697eb7653191d44 d0e5366b3aebaa83711f5e8662321ae8a9d62a80f52b0ee46b60c23c8a66d523
CLIENT_TRAFFIC_SECRET_0 edb4308a09d83162b795772dfc87b67098e9b8f4df5fb9c4ec38fba780d6655f b2281a8012c7842298da99255b63065bbd30dac3dd13a635aed4e4f84d08d4e3
SERVER_TRAFFIC_SECRET_0 edb4308a09d83162b795772dfc87b67098e9b8f4df5fb9c4ec38fba780d6655f bfb52bb78bda6a4f071968367b7ecb9d8655bc11a23e263192f8a7f6f3e214de
EXPORTER_SECRET edb4308a09d83162b795772dfc87b67098e9b8f4df5fb9c4ec38fba780d6655f 58e7d98c6d819e835939eeaaa4e5cf902f80f2b3ef48cb53fc3c8e9361d20316
CLIENT_HANDSHAKE_TRAFFIC_SECRET e9a914cdaf3b3d42f284f2c33bed1951e0159e0cf9b9e13a317207ae900366ed 8812d41f838c1ce727aa70add076332290d17f9b8af45f195a83d866b2d94e36
SERVER_HANDSHAKE_TRAFFIC_SECRET e9a914cdaf3b3d42f284f2c33bed1951e0159e0cf9b9e13a317207ae900366ed b613c99b704d8d184f2ee3a991c9d62b571eeb13bdd48867e76f21c7aebdf809
CLIENT_TRAFFIC_SECRET_0 e9a914cdaf3b3d42f284f2c33bed1951e0159e0cf9b9e13a317207ae900366ed af0df595c032eae6d160eb1737082b3039f905bf52858b12a6bbf0e7ebf77215
SERVER_TRAFFIC_SECRET_0 e9a914cdaf3b3d42f284f2c33bed1951e0159e0cf9b9e13a317207ae900366ed 9fa575af4b99523a78999b4f65a8031f31424eee13944aff2dab6b274a5fbb23
EXPORTER_SECRET e9a914cdaf3b3d42f284f2c33bed1951e0159e0cf9b9e13a317207ae900366ed d4664dbc3afff599c562222f52975b1b1d150566c0108be6e9d0d1405398b7d6
CLIENT_HANDSHAKE_TRAFFIC_SECRET fefc41fe9a26d621008a4140cf8d4225fdcf8536ddebda6afe518cac81e529f7 d4a4f8ad2afac6af2c3f104664ef19e239de339cffeb2994c82654263f4a9274
SERVER_HANDSHAKE_TRAFFIC_SECRET fefc41fe9a26d621008a4140cf8d4225fdcf8536ddebda6afe518cac81e529f7 5cd5049ee5329929e9a6734d4f99fab36843e69fa9740883cef16df7abf75fd3
CLIENT_TRAFFIC_SECRET_0 fefc41fe9a26d621008a4140cf8d4225fdcf8536ddebda6afe518cac81e529f7 7d2236a2b21bf4c1a66a0c5ad126ff6c5f3a9a55bfdda852daeb643ef84178fb
SERVER_TRAFFIC_SECRET_0 fefc41fe9a26d621008a4140cf8d4225fdcf8536ddebda6afe518cac81e529f7 05e03cd3e34f572343110bac28ca2e8572b0ce354719f3ca1645b30ad66427e1
EXPORTER_SECRET fefc41fe9a26d621008a4140cf8d4225fdcf8536ddebda6afe518cac81e529f7 73396f620fd6d5134c96efeae475753ebe6f6760ccda2372414d3e880ee4cacb
CLIENT_HANDSHAKE_TRAFFIC_SECRET 2d66d4b5b39013683d3d242e08e3a32e83ba45fdbdb27a818508feb02a1b94e4 3ad2cc2ded2827ffedeff05195c61a76d2fa0a62401ea493caf2d2d58f089a53
SERVER_HANDSHAKE_TRAFFIC_SECRET 2d66d4b5b39013683d3d242e08e3a32e83ba45fdbdb27a818508feb02a1b94e4 454629c43174a621e6c758d13289aec9d59e3442010282ea7d1591fb224261b9
CLIENT_TRAFFIC_SECRET_0 2d66d4b5b39013683d3d242e08e3a32e83ba45fdbdb27a818508feb02a1b94e4 46473c4ba9ffa72bbb64be0ed21e8697bc678e675e8bd2bfcbd04682c1d65161
SERVER_TRAFFIC_SECRET_0 2d66d4b5b39013683d3d242e08e3a32e83ba45fdbdb27a818508feb02a1b94e4 160b39db6070073667ce289a7979d135c28a60132ff4cf154f0872c35065069a
EXPORTER_SECRET 2d66d4b5b39013683d3d242e08e3a32e83ba45fdbdb27a818508feb02a1b94e4 b98058747982a4e7d02b9d5202ee09312d0ec884cc715bb12ed5ebf1e470962d
CLIENT_HANDSHAKE_TRAFFIC_SECRET 665e4c79e5ef98939781bbf65971a961953e1d04a6f2f2b536a9808b94bc6fb6 f88f80f78fbc4bf1011ed9dbcf2e5c77dc7c249d8fafb8a9ca02226ab89c918c
SERVER_HANDSHAKE_TRAFFIC_SECRET 665e4c79e5ef98939781bbf65971a961953e1d04a6f2f2b536a9808b94bc6fb6 f6c973a4eef2b5a35b7d5a6bf3ef29d6b23e2ccc82d50e1cf0fecdabfc981fc8
CLIENT_TRAFFIC_SECRET_0 665e4c79e5ef98939781bbf65971a961953e1d04a6f2f2b536a9808b94bc6fb6 a2c63fb1ad9be20ad0c323c0ec078f797c388551e7c7fdea7a9e4382755af856
SERVER_TRAFFIC_SECRET_0 665e4c79e5ef98939781bbf65971a961953e1d04a6f2f2b536a9808b94bc6fb6 29a338ee99587231f0faac290a1820668d014790eaeb4d2f46bdf905a70649c1
EXPORTER_SECRET 665e4c79e5ef98939781bbf65971a961953e1d04a6f2f2b536a9808b94bc6fb6 0ec8bbba0e731be356d76d91c5d77eae6dcb14dd8b8140e2825a3297489cf50c
CLIENT_HANDSHAKE_TRAFFIC_SECRET 2f3c0203252d1dbf4ba913069d834fabb25f91916468f0ce74f67a73c0d40f9f b54161db56ee1a8df368374889f447077c30b77fde084562f746e9d5b3b000a7
SERVER_HANDSHAKE_TRAFFIC_SECRET 2f3c0203252d1dbf4ba913069d834fabb25f91916468f0ce74f67a73c0d40f9f 49322f37b3bca4cc8590942567aa27ad1e1e5f3c1c6886a6c3f322049a63344f
CLIENT_TRAFFIC_SECRET_0 2f3c0203252d1dbf4ba913069d834fabb25f91916468f0ce74f67a73c0d40f9f c71c218a5d46002e6fce8e28dbbc79ddff5a2419ddeaa6548eb22a942a0eac16
SERVER_TRAFFIC_SECRET_0 2f3c0203252d1dbf4ba913069d834fabb25f91916468f0ce74f67a73c0d40f9f 292d20d9d1c781108109148a0c2c300b9612b46999b5c82993adfd8a22a9a074
EXPORTER_SECRET 2f3c0203252d1dbf4ba913069d834fabb25f91916468f0ce74f67a73c0d40f9f 4cb24828ce584975513fdb0ac44d416df815a4cc04ace31bcc0b44f7429291c7
CLIENT_HANDSHAKE_TRAFFIC_SECRET 671d2b21d0fd11fc3019ba40c0996094c1670642eb46e70effef6e4e1ae9749c 64f0cd5091e00c286e08adbbdb2532d0a409ae6ec576131e8c8b858c344da941
SERVER_HANDSHAKE_TRAFFIC_SECRET 671d2b21d0fd11fc3019ba40c0996094c1670642eb46e70effef6e4e1ae9749c d6137fd11b341f29b846f6f2415ff573dfc5ba8f99c3c10ce7fb6f73e0f6d99a
CLIENT_TRAFFIC_SECRET_0 671d2b21d0fd11fc3019ba40c0996094c1670642eb46e70effef6e4e1ae9749c 9e15ec3993a890e66226ce11c453c2ff9abd200424431b1ebdde156da90b0f11
SERVER_TRAFFIC_SECRET_0 671d2b21d0fd11fc3019ba40c0996094c1670642eb46e70effef6e4e1ae9749c 9a28086e73984988167dcb9ceba623a38e26b9ef71acaaef08c53aa22dd21c9e
EXPORTER_SECRET 671d2b21d0fd11fc3019ba40c0996094c1670642eb46e70effef6e4e1ae9749c c1678ecd824c810be09eb3fc46d6b9cc49229ba43d1fab4ad8c3103c134e2cb5
CLIENT_HANDSHAKE_TRAFFIC_SECRET 3ae3ce7df2a4d64e5cd1db3008956e8ca4bb749b2ff37d91dec1cafe5ae03eb1 c8ea2ba7ad665d00f115cc6fa9796d897baa2727a1b18b8f1cc58c7e860800fc
SERVER_HANDSHAKE_TRAFFIC_SECRET 3ae3ce7df2a4d64e5cd1db3008956e8ca4bb749b2ff37d91dec1cafe5ae03eb1 da928c718cebc1f354ff776c4e65b6a3903675a29598a7466396b1efbdf8c144
CLIENT_TRAFFIC_SECRET_0 3ae3ce7df2a4d64e5cd1db3008956e8ca4bb749b2ff37d91dec1cafe5ae03eb1 705a152deffc56ed8b10fa5534b65f1e211404aeb04d6f65ad2cfc0bd0686ff1
SERVER_TRAFFIC_SECRET_0 3ae3ce7df2a4d64e5cd1db3008956e8ca4bb749b2ff37d91dec1cafe5ae03eb1 b15e7a506bca1090ba9b581172e3a4a555d7deffd9d42392fd9b2017b8093523
EXPORTER_SECRET 3ae3ce7df2a4d64e5cd1db3008956e8ca4bb749b2ff37d91dec1cafe5ae03eb1 6ed46ebff49fc72960cc52ad5969caceaf9ce2e9e149f713daca8d05600c5a49
CLIENT_HANDSHAKE_TRAFFIC_SECRET 1a1bd203b1e9f39228ea9b00a8385bfa8ad77f861150b7b047b6c9a6e61976c2 98b52f5f0802391ccdbe22cf0afcfbc8b021b2c879215313b0450b8cf5833f38
SERVER_HANDSHAKE_TRAFFIC_SECRET 1a1bd203b1e9f39228ea9b00a8385bfa8ad77f861150b7b047b6c9a6e61976c2 8ee4921a5e31a2671a1d86f4da49e14a2ed77bdadd5bdc9baacd911aabb8da55
CLIENT_TRAFFIC_SECRET_0 1a1bd203b1e9f39228ea9b00a8385bfa8ad77f861150b7b047b6c9a6e61976c2 5e062a7183027fa892d2aeb0cc2b57345ffd4b4cab6ecfd92c345eab588b9308
SERVER_TRAFFIC_SECRET_0 1a1bd203b1e9f39228ea9b00a8385bfa8ad77f861150b7b047b6c9a6e61976c2 e19249937e301571b8c824fb660c5076589e16a5f70b5aec41bef7af265b2fbb
EXPORTER_SECRET 1a1bd203b1e9f39228ea9b00a8385bfa8ad77f861150b7b047b6c9a6e61976c2 5af46a45b6f1312dce7dd8c6909e54c89cb8421d7ca160d9060bba805663714b
CLIENT_HANDSHAKE_TRAFFIC_SECRET 5ca715f3a49e719fa1e7fea702d230221820fd236e5ad77aad2b3fba40bf58ef fc13ed88a979f6009e005a75281920d642204bada37c1bf0da5720abb4a037a3
SERVER_HANDSHAKE_TRAFFIC_SECRET 5ca715f3a49e719fa1e7fea702d230221820fd236e5ad77aad2b3fba40bf58ef 69af3d13d5e3a42e1de2ce9613467eff40890d51175485e13b393b7c52b5c969
CLIENT_TRAFFIC_SECRET_0 5ca715f3a49e719fa1e7fea702d230221820fd236e5ad77aad2b3fba40bf58ef cf7aaa76399514a433031376993a370bcd1fd6fca36508cfc42a3038081d7f72
SERVER_TRAFFIC_SECRET_0 5ca715f3a49e719fa1e7fea702d230221820fd236e5ad77aad2b3fba40bf58ef 67090e39b7afa358e3883959cde100f8163e5e4441cc07bc68ed70c7e48a386a
EXPORTER_SECRET 5ca715f3a49e719fa1e7fea702d230221820fd236e5ad77aad2b3fba40bf58ef 82ba9c0ab7352b33c0274e24737ffe0eefab4ebb546448939a865751030db72d
CLIENT_HANDSHAKE_TRAFFIC_SECRET 0709b931df8a9cf542750797ddc8b2235409c2def452c56c20ea826881463f05 b9ac40257f81bd9aae47f0ef367dac52a4b8763f9f68c3406f4c72dd74541419
SERVER_HANDSHAKE_TRAFFIC_SECRET 0709b931df8a9cf542750797ddc8b2235409c2def452c56c20ea826881463f05 a3ac40bc5a336f7ec8a7e46f5c5a18c10edeae69f237c3fdbca06d79333e3d8d
CLIENT_TRAFFIC_SECRET_0 0709b931df8a9cf542750797ddc8b2235409c2def452c56c20ea826881463f05 b266e9309f151c146c53ec7800a2977b4a4c7f89133c7aaedffa563d18d09468
SERVER_TRAFFIC_SECRET_0 0709b931df8a9cf542750797ddc8b2235409c2def452c56c20ea826881463f05 11737df3a705073d5771e1d77d258494f7f7ecb38dfbe491098fc31b3b5d1ccc
EXPORTER_SECRET 0709b931df8a9cf542750797ddc8b2235409c2def452c56c20ea826881463f05 e0daba5d4aeff2b2f9a13ae8c84f4f26089e798f076f93af1abcf0a23cff176b
CLIENT_HANDSHAKE_TRAFFIC_SECRET 23cf3a1033c6e90c30b407a8e13f4dd9779edc7f90cd64e5ff897f292723053f 96b3040b3559b86e0d7b74e335f4316bb42b957575fde791fde917011e85f131
SERVER_HANDSHAKE_TRAFFIC_SECRET 23cf3a1033c6e90c30b407a8e13f4dd9779edc7f90cd64e5ff897f292723053f 2bd5836cce50425ce4bcb6c189cec9b05e8f95e18897e80be90b6f2254f2df51
CLIENT_TRAFFIC_SECRET_0 23cf3a1033c6e90c30b407a8e13f4dd9779edc7f90cd64e5ff897f292723053f d4df41c5ce30a892a7477f946ba3aefa1e5540f2d06e039c4ea874da8bc2f95b
SERVER_TRAFFIC_SECRET_0 23cf3a1033c6e90c30b407a8e13f4dd9779edc7f90cd64e5ff897f292723053f 74d1308e1752943fb96ae2441cc963ff0693fa94a491995abe9d9aea7e64f640
EXPORTER_SECRET 23cf3a1033c6e90c30b407a8e13f4dd9779edc7f90cd64e5ff897f292723053f 2a203198651b70808a1e50ce0a42c012e61e98b18264e6d9f5d5e4e73aa8e433
CLIENT_HANDSHAKE_TRAFFIC_SECRET db237eb47bce3234b1627b5f6b92a90f44b1d941d12f9c444c7fe3560939e301 7999df0bdf4eb9e30c8bce2395ca96b1fe71071240a86b60ca25f73fa3320125
SERVER_HANDSHAKE_TRAFFIC_SECRET db237eb47bce3234b1627b5f6b92a90f44b1d941d12f9c444c7fe3560939e301 05a649058071bdc5089bc51b5c85125022c0f25a61aa26fff618c50594651e21
CLIENT_HANDSHAKE_TRAFFIC_SECRET 99b853f84b3a086168a92c4f9b440220de7d2cafbd16f78e016d4a89516540e1 c2767b792a7f8b3d162d2f800fdbcfb976ab7fa9161b2956312438289ba93fc3
SERVER_HANDSHAKE_TRAFFIC_SECRET 99b853f84b3a086168a92c4f9b440220de7d2cafbd16f78e016d4a89516540e1 2dcbbb40f50d11525b9d4b9f75d952a6ad961ce05636dc69653ae98cee17816b
CLIENT_TRAFFIC_SECRET_0 db237eb47bce3234b1627b5f6b92a90f44b1d941d12f9c444c7fe3560939e301 81d23981b73699502f5a7ddc398b806f262935182df50996802409b6148c5583
SERVER_TRAFFIC_SECRET_0 db237eb47bce3234b1627b5f6b92a90f44b1d941d12f9c444c7fe3560939e301 27384693d20cfaf5f8c057e281b25bb46092f4549041fda63eb344c408c7cbbe
EXPORTER_SECRET db237eb47bce3234b1627b5f6b92a90f44b1d941d12f9c444c7fe3560939e301 6e6f91462fdc20888fa80f2f93ae860fe34355e37b9193a78254531d52bed43d
CLIENT_TRAFFIC_SECRET_0 99b853f84b3a086168a92c4f9b440220de7d2cafbd16f78e016d4a89516540e1 a49ec329d91d331ee9e0770c96354ca489c8d1d9ce2728b44541da3349c0d7e1
SERVER_TRAFFIC_SECRET_0 99b853f84b3a086168a92c4f9b440220de7d2cafbd16f78e016d4a89516540e1 50e7e5b992b809f5194e6f52174b5eed2017f9c8202857878a4bca88e8423fa9
EXPORTER_SECRET 99b853f84b3a086168a92c4f9b440220de7d2cafbd16f78e016d4a89516540e1 e64559a19f5a0600fcce4800b37c20c8969054c76e25127819be9ed67efa03d1
CLIENT_HANDSHAKE_TRAFFIC_SECRET aaad74c8b01493fd884aa59d01c733932642ef31be0eeab93d666feb21fa0d49 7674643eb842397dab0deecf0d82830074b1e99f0ede9d8a2dcedf275b4b37d8
SERVER_HANDSHAKE_TRAFFIC_SECRET aaad74c8b01493fd884aa59d01c733932642ef31be0eeab93d666feb21fa0d49 31d427ed12732d1c1885700cb614d908010b2dbee364e6f51206ac857864c722
CLIENT_TRAFFIC_SECRET_0 aaad74c8b01493fd884aa59d01c733932642ef31be0eeab93d666feb21fa0d49 bfe93df2b8c5d760d06c84cb69b5763cf194df296553a22bc68c5358747b0302
SERVER_TRAFFIC_SECRET_0 aaad74c8b01493fd884aa59d01c733932642ef31be0eeab93d666feb21fa0d49 a0e3476aeaa2d19c6fe14de9300c57e15cf91814e30faaa36736952c98522d4e
EXPORTER_SECRET aaad74c8b01493fd884aa59d01c733932642ef31be0eeab93d666feb21fa0d49 003aeff635b7bed5e9013be021580e209286585715291101b606207a3cd00027
CLIENT_HANDSHAKE_TRAFFIC_SECRET 46197a7648d6f9d5d07987d25addbf4e7edc865acb7a3ffc874b096733df7f52 334c9447784a34f89b2f0ba8842a7542e6a55650bae4e626e3a7abb3bb616044
SERVER_HANDSHAKE_TRAFFIC_SECRET 46197a7648d6f9d5d07987d25addbf4e7edc865acb7a3ffc874b096733df7f52 90ae02a718f5fe271923e695b6b5310906fdd58666f27ec7fe5c243480c13cad
CLIENT_TRAFFIC_SECRET_0 46197a7648d6f9d5d07987d25addbf4e7edc865acb7a3ffc874b096733df7f52 1466f3333cf75100918e04ce4052d45d163cf81341a23fe7cddd40ea6908bfa0
SERVER_TRAFFIC_SECRET_0 46197a7648d6f9d5d07987d25addbf4e7edc865acb7a3ffc874b096733df7f52 5b1d9ca027d5c184cfe5be39b69277f21798f707263180b1b14b16a12dc90be1
EXPORTER_SECRET 46197a7648d6f9d5d07987d25addbf4e7edc865acb7a3ffc874b096733df7f52 9f5da1df004dc20b58fd7ccad051552366f46848f902201e714f653ccb9cc113
CLIENT_HANDSHAKE_TRAFFIC_SECRET 17882ab566bfc582741314dd4774410aa102dfa2ab2062b76a486d8f974728b3 c39400a00c57ed0fc7db0f00789428d38f4644f21e0fa0a3d2d245a30dbadac3
SERVER_HANDSHAKE_TRAFFIC_SECRET 17882ab566bfc582741314dd4774410aa102dfa2ab2062b76a486d8f974728b3 c5befb5d8cab9d40896750bfd92723c41b74dceff7963a81e7c3d00fcdf72b45
CLIENT_HANDSHAKE_TRAFFIC_SECRET 9fd5fb534003b23fdb38dec4a51bb9d2666472308497e04c4a7ea5dfe6b160e2 5c2810ab0e9f9e573682f0de9c6cf53e611e783112309e70d1cc081322f8db92
SERVER_HANDSHAKE_TRAFFIC_SECRET 9fd5fb534003b23fdb38dec4a51bb9d2666472308497e04c4a7ea5dfe6b160e2 6f089984f96feca85a11d903f7342300a29e0099f14c508fa37e2e5fe768ea83
CLIENT_HANDSHAKE_TRAFFIC_SECRET 6af968a01edfa9cf1c5f80424eca903c37a0e92ca88d379045acff80ca4e35d0 2955dd73f64e15dd301e6983a6f23315cb2d86d5a628659df9e8412dd7c50f0d
SERVER_HANDSHAKE_TRAFFIC_SECRET 6af968a01edfa9cf1c5f80424eca903c37a0e92ca88d379045acff80ca4e35d0 db7b60953f3bfa74b366485ef174d34278df136eeeb1108445ed559fda8dccaf
CLIENT_TRAFFIC_SECRET_0 17882ab566bfc582741314dd4774410aa102dfa2ab2062b76a486d8f974728b3 fb76981116aa31957b2d88bf93e6b042bf6a3876b0abe98fe4d5fa1ceac68997
SERVER_TRAFFIC_SECRET_0 17882ab566bfc582741314dd4774410aa102dfa2ab2062b76a486d8f974728b3 05f031ea9f450b3e5a51f2561169756d1f9ff824908ba056794721b5b43bdef7
EXPORTER_SECRET 17882ab566bfc582741314dd4774410aa102dfa2ab2062b76a486d8f974728b3 d158d14620ebfc98917e12c187115230b785cd090b22564ac540072ee719620e
CLIENT_HANDSHAKE_TRAFFIC_SECRET e6b88ffbf56addf067248bc9e630b5dcee01b9f47059e43de121a33b17ab856c 5f0815ee1aea315c26c89ed35d76dfa7978fb1849bb17f5ca002574071444706
SERVER_HANDSHAKE_TRAFFIC_SECRET e6b88ffbf56addf067248bc9e630b5dcee01b9f47059e43de121a33b17ab856c 18a12bb272f0677c05eb2b5eb400303779ed16ff8da1c7408f5cc2588abe901f
CLIENT_TRAFFIC_SECRET_0 6af968a01edfa9cf1c5f80424eca903c37a0e92ca88d379045acff80ca4e35d0 8a42dfb8eb8768db26fda0d9f07b1377f95027878467a9ac680ebfc9dc6ecc23
SERVER_TRAFFIC_SECRET_0 6af968a01edfa9cf1c5f80424eca903c37a0e92ca88d379045acff80ca4e35d0 bfe88605ac44e2108b1ee8bf89be529bc8f2cad04a80cf3d011e6ee2b78e35d0
EXPORTER_SECRET 6af968a01edfa9cf1c5f80424eca903c37a0e92ca88d379045acff80ca4e35d0 805db222f272dcf5b1f377956c5b49cd1c4c7c7a0e8921669be1dc63b39cc334
CLIENT_TRAFFIC_SECRET_0 9fd5fb534003b23fdb38dec4a51bb9d2666472308497e04c4a7ea5dfe6b160e2 24ea93da2feda9c961ed0d23c1e437be1d5e590aefea249d624ef65e085e0b88
SERVER_TRAFFIC_SECRET_0 9fd5fb534003b23fdb38dec4a51bb9d2666472308497e04c4a7ea5dfe6b160e2 a759043329303094d95f5e8a501fea7d15414681b17b988d6799648ff898d250
EXPORTER_SECRET 9fd5fb534003b23fdb38dec4a51bb9d2666472308497e04c4a7ea5dfe6b160e2 9f7da55128496611e1615a1f2c3d86a5ad272ec07b955e1e3b228f84ce3b1b72
CLIENT_TRAFFIC_SECRET_0 e6b88ffbf56addf067248bc9e630b5dcee01b9f47059e43de121a33b17ab856c 87a0636cb9167ff3e565cdf418b703242e865f718cfc404ee9df379ad06a4117
SERVER_TRAFFIC_SECRET_0 e6b88ffbf56addf067248bc9e630b5dcee01b9f47059e43de121a33b17ab856c 1b7e41a06cfd90796f41ec735a78889c65bc29c25bb7c4a7b48c0cd4fdcf42c0
EXPORTER_SECRET e6b88ffbf56addf067248bc9e630b5dcee01b9f47059e43de121a33b17ab856c 01dc56461273949fb291fd6a4d7fb385e9c6bee2468f5d5ae37e1fa13204e37d
CLIENT_HANDSHAKE_TRAFFIC_SECRET 5fee5326b6b32da24e2cf841952f6a479c8530d9765a0017c4baf135d2974734 6dc6bd9ef2ed375755aab263f4d1e86d417f57752f43523000c03c0d4a7768d8
SERVER_HANDSHAKE_TRAFFIC_SECRET 5fee5326b6b32da24e2cf841952f6a479c8530d9765a0017c4baf135d2974734 752f48c6b743f05914178d21886b9d9a9e39dc7dfe3764e106e1599df71562ac
CLIENT_TRAFFIC_SECRET_0 5fee5326b6b32da24e2cf841952f6a479c8530d9765a0017c4baf135d2974734 f4b6566d97443bf30d83f072c3808de21b85886732736196c954422b0f09ef63
SERVER_TRAFFIC_SECRET_0 5fee5326b6b32da24e2cf841952f6a479c8530d9765a0017c4baf135d2974734 f0f44b12b426fc07c8e7d92209eea829658fa8db7bc94428c9e1de386ba2ec68
EXPORTER_SECRET 5fee5326b6b32da24e2cf841952f6a479c8530d9765a0017c4baf135d2974734 6ad8c749a4504d351ac173f27289cbe99479b531f6afcf697e3faa4b3a18cc1b
CLIENT_HANDSHAKE_TRAFFIC_SECRET b757d58f0fee1b2f58cfc11b6968e6efd48ec9b596ae4f48fce612a4e7c557e0 f54a9709f23f2923f4984701ac6266cbe946e238b89323544cb48f39baad0e01
SERVER_HANDSHAKE_TRAFFIC_SECRET b757d58f0fee1b2f58cfc11b6968e6efd48ec9b596ae4f48fce612a4e7c557e0 26bbb1f7079350f0b829bb302fa9e369cd0a77d3b08c8387aa07dbb717d11093
CLIENT_TRAFFIC_SECRET_0 b757d58f0fee1b2f58cfc11b6968e6efd48ec9b596ae4f48fce612a4e7c557e0 74a87666cace57a354bfce8f135a84c4daf3fdb368aec434a2fbad5d2067a818
SERVER_TRAFFIC_SECRET_0 b757d58f0fee1b2f58cfc11b6968e6efd48ec9b596ae4f48fce612a4e7c557e0 e7f29babd865a10e77f92e537c4d87c05c7f63c4e797657e2dcf41ae15bf0e2f
EXPORTER_SECRET b757d58f0fee1b2f58cfc11b6968e6efd48ec9b596ae4f48fce612a4e7c557e0 c638cfe1935f49b3166b10956ae5c924c0acf9d75579a89d0406f7ecadb965cb
# SSL/TLS secrets log file, generated by NSS
