# SSL/TLS secrets log file, generated by NSS
CLIENT_RANDOM f0b1d29705c156170ad47590440e9ed975f9a6a18c5a9ff9e725ccd970e9fe07 13059cc90cc9f87dd88047ed5756b2b78badbaa805860c304432462058d69c54e49c97d81848096b43dd739e531ddcae
CLIENT_RANDOM faf8fdba20de5b518124ccba3dad20e7a8d4e5cca651320eb886336241d9a26b a56acc5518e0cd21f7dfd779a9edeff0d1e7222671a5ec485fba054e7913129356260f8ea487bebac41cb116991829c9
CLIENT_RANDOM 93aac80a76fbc152091f5773b88cd7543031b776428efb1c4457e83a9608d6d1 433cd78c59153d5b791c3657169148df852b3c636ad6ac387400f48da2cb37f727032cd8d286f6f055543dedbe35df11
CLIENT_RANDOM 24d5ef8cc135915e115fb370e1fc198505b3b58bf9ba2f28dbd58dc573ba6ce6 408174dc9ed21f6589af3eb4f86939559579e3c7af5c202cd4e97598387e6f21f11412f2c68ea13eedac137ea4695a06
# SSL/TLS secrets log file, generated by NSS
CLIENT_HANDSHAKE_TRAFFIC_SECRET 58c1d74a71baa597e1fbeaad3cfae9c10ac5473ac15a9a5b14a397a681b80094 3b841e167aee276962046a2cf1d060957524b10ad11f0eff716dce67a540414c
SERVER_HANDSHAKE_TRAFFIC_SECRET 58c1d74a71baa597e1fbeaad3cfae9c10ac5473ac15a9a5b14a397a681b80094 e2cec2b6713af90189946e38b65fe809cac114ac1763ed89b0f66c16f6045d81
CLIENT_RANDOM 613861679dbff0235df112179f84dadcf49e7137fd07bb0c09b461f5408fa450 96b4cf9835083d9ccfa99a596005c34122deda919707eadf9406d5b866de56a33011f8dd8d4f08f5c4b9f5ce5a05c5d6
CLIENT_RANDOM 9022c8ef34915ec8116c4884889b42a14bca4e862ffc23fb80d0b980ec9deb5e bc8bc5af052b029d5683a587163733d6fd87beb6cbfc64811c1c9c96fc406ac14d81262152e7cf3d3b6e34e80e1c9b2e
CLIENT_RANDOM 7b92aefe1f2c96736946db33b9d14c4f897147b7a8a65497f0cadbc65b1b6e38 2571524aaaad7c3bd70362af8d9a1a32d27463abdf5ba6e1aaa27e8cf00438b2609c460ed79cab0655daa3c98634ad9c
CLIENT_TRAFFIC_SECRET_0 58c1d74a71baa597e1fbeaad3cfae9c10ac5473ac15a9a5b14a397a681b80094 69d8ec3888425d087edc5638ee246d5b5a0880563d6951f800a284666d299561
SERVER_TRAFFIC_SECRET_0 58c1d74a71baa597e1fbeaad3cfae9c10ac5473ac15a9a5b14a397a681b80094 7a618a48cd1448ecd1fbc2c99ea7609cf7415030f4fac24adf796eeaa7ec0074
EXPORTER_SECRET 58c1d74a71baa597e1fbeaad3cfae9c10ac5473ac15a9a5b14a397a681b80094 c248c3acb38e3162c557e7c25d23e144fbd0016929140970f7f876c178ac0d3f
CLIENT_RANDOM b30f41c7b508a2d98aa59be565369039026669a46d71a94d8829c2d871357acb b027d17d3903c88ccf7e835f0f5899e29bad28b94417a3d195e73a9d5b8f5e2d7ff7f8b6408ff220baf3e1d113028b2d
CLIENT_RANDOM 64fd1104628e7e9cd86edd45b0b738d3bee3b3301d7ea3ac4105c650a725b05e dc951f98ab2f875b227378233810063c473f9258f832c4f0b70d80cd93adc23e299bd2ca2c721089adfbd89ca87c9f17
CLIENT_RANDOM 777e2593662e66bd73f56ac3c82d01ecfb53336ceaf10b9ab10dcd590d2a849f 76b99d1f0c6bc1279c5da6545c947a083f14cab3ac38b1d8f3a0c2d05d7db671d9f07c2f0013eeac276361be921a0aa6
CLIENT_RANDOM 8640793e6276abee96ac3e278719bb3d9ba15913cba7c3b904d66a05331a2983 dd6d0acf7a1c8d9cd91b298fdc7655893a46fb5dad1fb964dc9535e2be7a934560929e684acda08fabfeddef70573248
# SSL/TLS secrets log file, generated by NSS
CLIENT_HANDSHAKE_TRAFFIC_SECRET b8e5879ce283b6ff696c46e6f2edcf7ec879a0f9f2880e68fb5a90fe7ea53197 a6afe919b17aeb6e4b7f7bf21fce0abe232b481d3e8ad6cc088955f5d89de0f3
SERVER_HANDSHAKE_TRAFFIC_SECRET b8e5879ce283b6ff696c46e6f2edcf7ec879a0f9f2880e68fb5a90fe7ea53197 dee743d9bbab1aedfdd0c9e4eca656bf674acaa0388359273c1874c0db58a8ba
# SSL/TLS secrets log file, generated by NSS
CLIENT_HANDSHAKE_TRAFFIC_SECRET 0728f55f531ac01f25d42fd24cc3e65d13907d7641a4a868b97a4575498f5de9 3d1805bce162de8d8b9fb8e974609924d746c5de137d7ac9080b398839038dc4
SERVER_HANDSHAKE_TRAFFIC_SECRET 0728f55f531ac01f25d42fd24cc3e65d13907d7641a4a868b97a4575498f5de9 90b4fb9ca3c81a60c67806ff073e8604dd0eb4c0a03ad7afeb80ea277463f3c1
CLIENT_TRAFFIC_SECRET_0 b8e5879ce283b6ff696c46e6f2edcf7ec879a0f9f2880e68fb5a90fe7ea53197 207e6224244dbead0d068ec51b23b300956b2e39ed87fb9fe822754de92c3eca
SERVER_TRAFFIC_SECRET_0 b8e5879ce283b6ff696c46e6f2edcf7ec879a0f9f2880e68fb5a90fe7ea53197 2add5937b9213d074512471bc666651774f350dbeea6cb5d544e3641a8479f84
EXPORTER_SECRET b8e5879ce283b6ff696c46e6f2edcf7ec879a0f9f2880e68fb5a90fe7ea53197 87fe07e0bca00fcb7b89a1865b48088759d97f27eb794996a048884d7c05d1f0
CLIENT_TRAFFIC_SECRET_0 0728f55f531ac01f25d42fd24cc3e65d13907d7641a4a868b97a4575498f5de9 2b153d58bcae7728b48623f89cef25b80f2dc8f221085fc7fe037a49fe9496f2
SERVER_TRAFFIC_SECRET_0 0728f55f531ac01f25d42fd24cc3e65d13907d7641a4a868b97a4575498f5de9 b2bd457276aa3feca59b1b38d69c63d33d95bee237cf3c595c42394b87ca4716
EXPORTER_SECRET 0728f55f531ac01f25d42fd24cc3e65d13907d7641a4a868b97a4575498f5de9 2a813fb636c1e2c69f07acd4f3bc5f0251a48b429634c9ca3d9f4e140d7ea9b3
