AH00558: apache2: Could not reliably determine the server's fully qualified domain name, using 172.19.0.3. Set the 'ServerName' directive globally to suppress this message
[Tue Nov 23 15:14:40.538164 2021] [mpm_prefork:notice] [pid 1] AH00163: Apache/2.4.51 (Debian) PHP/7.3.33 configured -- resuming normal operations
[Tue Nov 23 15:14:40.538261 2021] [core:notice] [pid 1] AH00094: Command line: 'apache2 -D FOREGROUND'
[Tue Nov 23 17:02:29.962591 2021] [mpm_prefork:notice] [pid 1] AH00170: caught SIGWINCH, shutting down gracefully
AH00558: apache2: Could not reliably determine the server's fully qualified domain name, using 172.20.0.3. Set the 'ServerName' directive globally to suppress this message
[Tue Nov 23 17:03:12.935418 2021] [mpm_prefork:notice] [pid 1] AH00163: Apache/2.4.51 (Debian) PHP/7.3.33 configured -- resuming normal operations
[Tue Nov 23 17:03:12.935521 2021] [core:notice] [pid 1] AH00094: Command line: 'apache2 -D FOREGROUND'
[Tue Nov 23 18:36:43.700344 2021] [mpm_prefork:notice] [pid 1] AH00170: caught SIGWINCH, shutting down gracefully
AH00558: apache2: Could not reliably determine the server's fully qualified domain name, using 192.168.128.3. Set the 'ServerName' directive globally to suppress this message
[Wed Nov 24 09:16:24.384249 2021] [mpm_prefork:notice] [pid 1] AH00163: Apache/2.4.51 (Debian) PHP/7.3.33 configured -- resuming normal operations
[Wed Nov 24 09:16:24.385363 2021] [core:notice] [pid 1] AH00094: Command line: 'apache2 -D FOREGROUND'
[Wed Nov 24 14:03:22.593029 2021] [mpm_prefork:notice] [pid 1] AH00170: caught SIGWINCH, shutting down gracefully
AH00558: apache2: Could not reliably determine the server's fully qualified domain name, using 192.168.144.3. Set the 'ServerName' directive globally to suppress this message
[Wed Nov 24 18:10:14.792716 2021] [mpm_prefork:notice] [pid 1] AH00163: Apache/2.4.51 (Debian) PHP/7.3.33 configured -- resuming normal operations
[Wed Nov 24 18:10:14.793800 2021] [core:notice] [pid 1] AH00094: Command line: 'apache2 -D FOREGROUND'
[Wed Nov 24 18:51:01.727970 2021] [mpm_prefork:notice] [pid 1] AH00170: caught SIGWINCH, shutting down gracefully
AH00558: apache2: Could not reliably determine the server's fully qualified domain name, using 172.22.0.3. Set the 'ServerName' directive globally to suppress this message
[Thu Nov 25 17:42:20.026284 2021] [mpm_prefork:notice] [pid 1] AH00163: Apache/2.4.51 (Debian) PHP/7.3.33 configured -- resuming normal operations
[Thu Nov 25 17:42:20.028121 2021] [core:notice] [pid 1] AH00094: Command line: 'apache2 -D FOREGROUND'
[Thu Nov 25 17:57:33.488131 2021] [mpm_prefork:notice] [pid 1] AH00170: caught SIGWINCH, shutting down gracefully
