
20/05/2024 15:14:38	Server listening on host 0.0.0.0 and port 9001
20/05/2024 15:14:38	Listening for connection...
20/05/2024 15:14:42	Connection received from ('10.10.2.6', 50924)
20/05/2024 15:14:42	Received encrypted message GyseOBdHRQ49Mz1h
20/05/2024 15:14:42	Key loaded for encrypted message
20/05/2024 15:14:42	Key expanded by factor of 1
20/05/2024 15:14:42	Partial message digest is c1d9f50f86825a1a2302ec2449c17196
20/05/2024 15:14:42	Partial message digest is a64cf5823262686e1a28b2245be34ce0
20/05/2024 15:14:42	Partial message digest is 6b6e667a40e816c4da7bb4ab64cbb82b
20/05/2024 15:14:42	Partial message digest is 1824e8e0307cbfdd1993511ab040075c
20/05/2024 15:14:42	Partial message digest is 8b1a9953c4611296a827abf8c47804d7
20/05/2024 15:14:42	Partial message digest is d1a7fb5eab1c16cb4f7cf341cf188c3d
20/05/2024 15:14:42	Partial message digest is d245114cd44bdcd540a014ad78257432
20/05/2024 15:14:42	Partial message digest is fd05d5cc96e2e85fa2dfc2505932cf76
20/05/2024 15:14:42	Partial message digest is cd3719c301dce67f4440f42be83ef6f3
20/05/2024 15:14:42	Partial message digest is ad7fe93595f81645e06239701fbd8084
20/05/2024 15:14:42	Partial message digest is e8ea7a8d1e93e8764a84a0f3df4644de
20/05/2024 15:14:42	Partial message digest is 9d6a2963872077db674a27a39c492e61
20/05/2024 15:14:42	Message fully decrypted, ready to send...
20/05/2024 15:14:42	Decrypted message sent!
20/05/2024 15:14:42	Listening for connection...
20/05/2024 15:15:02	Connection received from ('10.10.2.6', 35450)
20/05/2024 15:15:02	Received encrypted message FCscMQoGXUYTJDYgFzFKEzZEL3kYCBZKCWcSHQEDWQ49K1w=
20/05/2024 15:15:02	Key loaded for encrypted message
20/05/2024 15:15:02	Key expanded by factor of 2
20/05/2024 15:15:02	Partial message digest is dfcf28d0734569a6a693bc8194de62bf
20/05/2024 15:15:02	Partial message digest is c6a675552648c0becb8283f05c172483
20/05/2024 15:15:02	Partial message digest is 4804dc3c133b11589338a62893ae614c
20/05/2024 15:15:02	Partial message digest is 624aa1a206e09836e3c81ea95502f459
20/05/2024 15:15:02	Partial message digest is dc9eca234ddb7ab22cb994d2d65a9190
20/05/2024 15:15:02	Partial message digest is 5cb4c355ef76c07357dc7420a78224c8
20/05/2024 15:15:02	Partial message digest is 0db377921f4ce762c62526131097968f
20/05/2024 15:15:02	Partial message digest is 11676af7565a3e9e7d0b8662e5439dcf
20/05/2024 15:15:02	Partial message digest is 1b78f60ca3cd02d678795acb0a5d09dd
20/05/2024 15:15:02	Partial message digest is c28ccaeb4c42b9bc57eadcc45db0fc97
20/05/2024 15:15:02	Partial message digest is ab05664abb19119940f6f1e12be33f06
20/05/2024 15:15:02	Partial message digest is 938a6f10853b1f1d62fb12f381b01f89
20/05/2024 15:15:02	Partial message digest is cdc22bdf25fe7fd49622ca56eded7d52
20/05/2024 15:15:02	Partial message digest is a7407b6278491cf787cfa5201ee635fc
20/05/2024 15:15:02	Partial message digest is 84f692df69b2e66d165289d13e75fa74
20/05/2024 15:15:02	Partial message digest is 3dfbb7a1f6aea16d2fb554615474f731
20/05/2024 15:15:02	Partial message digest is d243ff13077ff7eadacebe5972967ce6
20/05/2024 15:15:02	Partial message digest is e6392f7be2ea073cc4bd2a640b2a0423
20/05/2024 15:15:02	Partial message digest is dac7d5e859297e861c83eef8d0784f7f
20/05/2024 15:15:02	Partial message digest is 44d556571a1a39834bafe1946ede1edb
20/05/2024 15:15:02	Partial message digest is 097086fe780f7454d565a5f51ba8e967
20/05/2024 15:15:02	Partial message digest is 20fd53360cf6443ac72ca108b8a9ff28
20/05/2024 15:15:02	Partial message digest is 95ee5f72875a554d576c56e8dfe4ed54
20/05/2024 15:15:02	Partial message digest is 760abed0bb169a16c4aa95e845f10517
20/05/2024 15:15:02	Partial message digest is 135f264aa1d5d886471e88c944704db8
20/05/2024 15:15:02	Partial message digest is af449bca97466f556bcc77c6150eb013
20/05/2024 15:15:02	Partial message digest is 468ad9f05ca6e30a202d62970628c04f
20/05/2024 15:15:02	Partial message digest is e044ab23133491e4dc010439fd5b4976
20/05/2024 15:15:02	Partial message digest is 8588f19d7260886758371d53bdcfee94
20/05/2024 15:15:02	Partial message digest is 7a14ba71a3bdb19082ef352a25ed60cc
20/05/2024 15:15:02	Partial message digest is 7935dad11bb4e8a6fac4f9bf1b931c4d
20/05/2024 15:15:02	Partial message digest is 379a4ad6c7fac41cf73a69ee95bea6b4
20/05/2024 15:15:02	Partial message digest is 2fe14f88d52754c9bd169850924637ec
20/05/2024 15:15:02	Partial message digest is 4ca0e08a0f9de1f3b19066cadd31dcf7
20/05/2024 15:15:02	Partial message digest is c020be146a34acea950d12dc512404e3
20/05/2024 15:15:02	Message fully decrypted, ready to send...
20/05/2024 15:15:02	Decrypted message sent!
20/05/2024 15:15:02	Listening for connection...
20/05/2024 15:15:09	Connection received from ('10.10.2.6', 54190)
20/05/2024 15:15:09	Received encrypted message CiEHJlgKXhA9bw==
20/05/2024 15:15:09	Key loaded for encrypted message
20/05/2024 15:15:09	Key expanded by factor of 1
20/05/2024 15:15:09	Partial message digest is 57cec4137b614c87cb4e24a3d003a3e0
20/05/2024 15:15:09	Partial message digest is 3700f097e741a7702f7e4ac61ed88c1a
20/05/2024 15:15:09	Partial message digest is cae8d14edd025e72c59dbab6f378c95a
20/05/2024 15:15:09	Partial message digest is 4ff70f7b2e5a74415de360150a6e59d3
20/05/2024 15:15:09	Partial message digest is 0375c5b0ee7565cf55257555c0d7dadf
20/05/2024 15:15:09	Partial message digest is c183d6734a59019a34bc56beb35f8c7f
20/05/2024 15:15:09	Partial message digest is 6e8a77a7b12bb8ecd1124419213cf6f6
20/05/2024 15:15:09	Partial message digest is 03c388eab5d0fc42ca5e2c5a8fb15a03
20/05/2024 15:15:09	Partial message digest is aedbbaf58ed90d5bc6d9293aceaf1f12
20/05/2024 15:15:09	Partial message digest is 6c6182564034ab2936a202879cfc13e8
20/05/2024 15:15:09	Message fully decrypted, ready to send...
20/05/2024 15:15:09	Decrypted message sent!
20/05/2024 15:15:09	Listening for connection...
20/05/2024 15:15:17	Connection received from ('10.10.2.6', 39868)
20/05/2024 15:15:17	Received encrypted message CiEHdB4IXgp2YRFoAz1GUSpONHkNCBIDBiIUUgQJWRg8OwB0GxVIFiwuPz0UKA5Kb0ooLQpaERNIBB8HAxNZJTwhGSFZ
20/05/2024 15:15:17	Key loaded for encrypted message
20/05/2024 15:15:17	Key expanded by factor of 3
20/05/2024 15:15:17	Partial message digest is 57cec4137b614c87cb4e24a3d003a3e0
20/05/2024 15:15:17	Partial message digest is 3700f097e741a7702f7e4ac61ed88c1a
20/05/2024 15:15:17	Partial message digest is cae8d14edd025e72c59dbab6f378c95a
20/05/2024 15:15:17	Partial message digest is 39cb3e1ca363e9d621ef1f89e00053d6
20/05/2024 15:15:17	Partial message digest is 497503cf121f6fcac65ab320b5e74ed8
20/05/2024 15:15:17	Partial message digest is a2d3576d113c8eb6290868794cd009a1
20/05/2024 15:15:17	Partial message digest is 70ac4964f41b299c6f46b45a0f85cc9d
20/05/2024 15:15:17	Partial message digest is f2d5f5c2c2c1c6057bb77d7018fc166d
20/05/2024 15:15:17	Partial message digest is cff0026cd78a467742b2f211472a311e
20/05/2024 15:15:17	Partial message digest is 9ae64f1ba6164fb4013c6603b271f397
20/05/2024 15:15:17	Partial message digest is ef999e463c3b52da69ef2a7074e034b3
20/05/2024 15:15:17	Partial message digest is 6edf64032dce9ab3dd12f8e5e26614ac
20/05/2024 15:15:17	Partial message digest is bf6bde9e19813f358ab72ae6aae878b7
20/05/2024 15:15:17	Partial message digest is 016e14798e5a175ae765efff7b9b5706
20/05/2024 15:15:17	Partial message digest is 3144a40dfae79b7c788ff89a182b6b0a
20/05/2024 15:15:17	Partial message digest is b6f18c91420be5d2f6821b0e5aed865c
20/05/2024 15:15:17	Partial message digest is 846a12a7026a7555a2bd1d215b28111d
20/05/2024 15:15:17	Partial message digest is 5f54c32770a217815828fbde8a175eee
20/05/2024 15:15:17	Partial message digest is d13622ad824c31ff1ed91c783e72e54e
20/05/2024 15:15:17	Partial message digest is 334a02b99723a5ed8245b07d270cda13
20/05/2024 15:15:17	Partial message digest is d8c10b82ed17ed19a68d07eabc48c959
20/05/2024 15:15:17	Partial message digest is f01a2b68760956b8409ba1dc5be155a5
20/05/2024 15:15:17	Partial message digest is 1ee702ac9de55de1916f192a2f7256ef
20/05/2024 15:15:17	Partial message digest is 35c8a42395698946ed9580373371e8c3
20/05/2024 15:15:17	Partial message digest is f622dbd7962f77d1571335b1306377fe
20/05/2024 15:15:17	Partial message digest is d7c254e7e9314ad4a211fee6ca24c9cd
20/05/2024 15:15:17	Partial message digest is de2535e0ae7c7bb2b0804bf3bdb8a43a
20/05/2024 15:15:17	Partial message digest is d431c5fad1fd45c7c1259f1422827d32
20/05/2024 15:15:17	Partial message digest is ef01ed4a2077d0ac984df9c7111e5332
20/05/2024 15:15:17	Partial message digest is 458038d46d8006f01b6ed75e7ca8fa80
20/05/2024 15:15:17	Partial message digest is ec595b3aa1a20c3aa86459977e6a09ae
20/05/2024 15:15:17	Partial message digest is 5e9f20a5fea8c61c2335bfdd34b7d856
20/05/2024 15:15:17	Partial message digest is 03eb8ed68ce06c16d86ae932d24879a4
20/05/2024 15:15:17	Partial message digest is fa3a9ef58f830341490fe856a0c078e3
20/05/2024 15:15:17	Partial message digest is 7e69cdf14d11f648be4b272691e7efdb
20/05/2024 15:15:17	Partial message digest is 5180e082caa12498010eb3a8c7c581d5
20/05/2024 15:15:17	Partial message digest is d242aa6fcaf8144052099f3b38490f98
20/05/2024 15:15:17	Partial message digest is 587171cb7482a16d5c4369c0205ddb5c
20/05/2024 15:15:17	Partial message digest is d116025d92fec10ca347502f375a0773
20/05/2024 15:15:17	Partial message digest is 63ff0c4759cbdb9d20af18b82ed56c06
20/05/2024 15:15:17	Partial message digest is 8c164d3d8b5412694c7d6ec7ff4020f6
20/05/2024 15:15:17	Partial message digest is 38c0d31d8019b600e7f89dbbd794c7e6
20/05/2024 15:15:17	Partial message digest is 3e4ee25a26cdcafc659fa3f3ad508c00
20/05/2024 15:15:17	Partial message digest is 56192dd06d29e55e1dbe51dee916c1e6
20/05/2024 15:15:17	Partial message digest is 5d4aef2efcf30059273ee58a0735afd0
20/05/2024 15:15:17	Partial message digest is b3356f9961d698679e5249930f550c10
20/05/2024 15:15:17	Partial message digest is c9bf3ca8b415a73c9aeed65c88719b01
20/05/2024 15:15:17	Partial message digest is 463ec2d99a7f4897abc07ec772889052
20/05/2024 15:15:17	Partial message digest is 184255dfaef6ab6a85f7913ca0b533ff
20/05/2024 15:15:17	Partial message digest is 02728bd2d7629d0d7f866b472831d3e4
20/05/2024 15:15:17	Partial message digest is e4e0e8eb8463b8d5f3968a14ed451267
20/05/2024 15:15:17	Partial message digest is 69ec9d8ca5b222721a8ef67bac2edf2d
20/05/2024 15:15:17	Partial message digest is a9940652a8aa6bad43c81796a78e6b9a
20/05/2024 15:15:17	Partial message digest is 0a6fe8d5b70fa619ad124e1f4ad76fc9
20/05/2024 15:15:17	Partial message digest is 919305f428fd80bd86c49b1020099507
20/05/2024 15:15:17	Partial message digest is ae9e614885320ed6dd11aca906c8a85e
20/05/2024 15:15:17	Partial message digest is 83dcb8ad6e8943999b05d3b9ad61d080
20/05/2024 15:15:17	Partial message digest is bb75c9e2228c4c0a9958d1abf77e351b
20/05/2024 15:15:17	Partial message digest is 78f2ff925657d18d21b80d0eaf1d98e7
20/05/2024 15:15:17	Partial message digest is 6440a465a3e46d944676a629e8aeaf8c
20/05/2024 15:15:17	Partial message digest is 319a0dfb241f9afe19779876ace75018
20/05/2024 15:15:17	Partial message digest is 6506a61eca589222fe6c17b2b30ff36d
20/05/2024 15:15:17	Partial message digest is f419b88e925fb407d429e84ff9038cb2
20/05/2024 15:15:17	Partial message digest is 48af8bc89f56b309f19e32cfe9ae5a5f
20/05/2024 15:15:17	Partial message digest is b5458c25521431c600805d6f8510f849
20/05/2024 15:15:17	Partial message digest is 9939ab328cf967845aa048332d375020
20/05/2024 15:15:17	Partial message digest is 0cca6aa1f01a20da10afdef38214c42b
20/05/2024 15:15:17	Partial message digest is 96218a4256a0a1ebfea6a93ecc1e7ef2
20/05/2024 15:15:17	Partial message digest is 6e6f8988348f9daf44e95a0b202468f0
20/05/2024 15:15:17	Message fully decrypted, ready to send...
20/05/2024 15:15:17	Decrypted message sent!
20/05/2024 15:15:17	Listening for connection...
20/05/2024 15:15:28	Connection received from ('10.10.2.6', 50200)
20/05/2024 15:15:28	Received encrypted message EjoGNRsMHUYTJDYgFzFHEylHOz4CG0FZDnBCQwwCHwdkLERhGgQJUT1zbH9EbQcGe0o7bEoH
20/05/2024 15:15:28	Key loaded for encrypted message
20/05/2024 15:15:28	Key expanded by factor of 3
20/05/2024 15:15:28	Partial message digest is 7fc56270e7a70fa81a5935b72eacbe29
20/05/2024 15:15:28	Partial message digest is dc5f499e83aef4f6811faa4081631740
20/05/2024 15:15:28	Partial message digest is d87881cf48bc2b29a6feafb9089391ff
20/05/2024 15:15:28	Partial message digest is c6de61570d7d62724403b46cf7016a9b
20/05/2024 15:15:28	Partial message digest is 7fe253d71eaee2f6a4f14d021b50e4dc
20/05/2024 15:15:28	Partial message digest is dcfafcb4323b102c7e204555d313ba0a
20/05/2024 15:15:28	Partial message digest is af6e0b3c86a2b905e2ff5abddcad2e81
20/05/2024 15:15:28	Partial message digest is 484e0fbe3b474d709bbd17bf490151e3
20/05/2024 15:15:28	Partial message digest is 33088f4c79f01ec1103966c18aeb5289
20/05/2024 15:15:28	Partial message digest is aacb3e951f7e3c4ce73d38cd2075929e
20/05/2024 15:15:28	Partial message digest is 56e8794b7d1d4e53a94bf3423bdf3eeb
20/05/2024 15:15:28	Partial message digest is 9c28e2de3f8e3cd96dde341ec0756ff7
20/05/2024 15:15:28	Partial message digest is 848653f6cfdc288a4c4a9057cbbc2b0b
20/05/2024 15:15:28	Partial message digest is 060c25ad172e6bcc7056658e67619546
20/05/2024 15:15:28	Partial message digest is 629c0cafb71f21c621225bed63c12eab
20/05/2024 15:15:28	Partial message digest is ab46d0a1386ccc3f475b7acae4b70d8f
20/05/2024 15:15:28	Partial message digest is cee0ed8ebd8b5b54644055be97e20135
20/05/2024 15:15:28	Partial message digest is 9bcbeeba449eaa6605942e1df7d73a9a
20/05/2024 15:15:28	Partial message digest is cc05361648bfb0c7a59bfcdc16c2a976
20/05/2024 15:15:28	Partial message digest is 64c84a6cfcd263b55fa43f17602c60c7
20/05/2024 15:15:28	Partial message digest is 92a6bc0fb796b47a2d58b12ea817b7aa
20/05/2024 15:15:28	Partial message digest is ea75ae0b12212a818c9ee21cb8ef394a
20/05/2024 15:15:28	Partial message digest is 5e709cfac964d54e35393a81043a3093
20/05/2024 15:15:28	Partial message digest is 3f40eff5eba02af2c5151056be0ea00b
20/05/2024 15:15:28	Partial message digest is 49709f2809aabb8b0617657fb27139cf
20/05/2024 15:15:28	Partial message digest is 949aae2be9a1d95ef0672c6fe79b0b45
20/05/2024 15:15:28	Partial message digest is 4c0c18e81c52d99c8b9b1e17f7cc4bfa
20/05/2024 15:15:28	Partial message digest is f3694ba8af215addbf08d084f6d42603
20/05/2024 15:15:28	Partial message digest is d8ba592440feae6a1871302774fa9fd1
20/05/2024 15:15:28	Partial message digest is 960d30cb3665a442e8202727329a5bce
20/05/2024 15:15:28	Partial message digest is 0e76871b7854459935e21946e1d7fd41
20/05/2024 15:15:28	Partial message digest is 0893f18310ddc0abd9d5d79d59ef81c1
20/05/2024 15:15:28	Partial message digest is 76f58a7cda86797ffb54471d2772d5e0
20/05/2024 15:15:28	Partial message digest is aa619c65e5d6306bd8130e734adf833a
20/05/2024 15:15:28	Partial message digest is ef118fad3612473a6403389a5a34a065
20/05/2024 15:15:28	Partial message digest is 302f4ef956e453763ec311016f0dd62e
20/05/2024 15:15:28	Partial message digest is a9edcd4811c20d05a715e5e4e86d3e44
20/05/2024 15:15:28	Partial message digest is d7634ae9ae18e1a36feb2896c778c99f
20/05/2024 15:15:28	Partial message digest is 2b8a2990f15e0f94200a20883d65c8d2
20/05/2024 15:15:28	Partial message digest is 5aa27e19008dcf9cb719b44211e8b521
20/05/2024 15:15:28	Partial message digest is 5cda2e22fe081b23c529bb6733f33a3a
20/05/2024 15:15:28	Partial message digest is 89ee4e1754bdc39d439ec2ebe2e5c4d9
20/05/2024 15:15:28	Partial message digest is 157ca66bc205f5b80fa20cbc8b72b590
20/05/2024 15:15:28	Partial message digest is 9966fc1561550647195be239e41208e5
20/05/2024 15:15:28	Partial message digest is 9af234f59e8973f7e38f47ef8b4d3c28
20/05/2024 15:15:28	Partial message digest is 1fc9b8d286cc75c24bc9a26143c8f997
20/05/2024 15:15:28	Partial message digest is 93273623c292d1389655ad7ab677c0b6
20/05/2024 15:15:28	Partial message digest is 49ce5c69361f0dbfeb4ffe84df98baa6
20/05/2024 15:15:28	Partial message digest is f12a9b2a300497bf57001f9a70bba355
20/05/2024 15:15:28	Partial message digest is 831c2c1d54e51a9d239f8884d02c403d
20/05/2024 15:15:28	Partial message digest is 3113007389ec15209f98c19379494f7d
20/05/2024 15:15:28	Partial message digest is 8347b0fd46d715f1ed9e4a6ace19dc0a
20/05/2024 15:15:28	Partial message digest is ddd82459baa7288e52d4eba668957ff1
20/05/2024 15:15:28	Partial message digest is 09b571b1e2824e2fe59f096c63f50390
20/05/2024 15:15:28	Message fully decrypted, ready to send...
20/05/2024 15:15:28	Decrypted message sent!
20/05/2024 15:15:28	Listening for connection...
20/05/2024 15:15:47	Connection received from ('10.10.2.6', 59590)
20/05/2024 15:15:47	Received encrypted message ACFSIRYEWBAxLTE1EDxIHWE=
20/05/2024 15:15:47	Key loaded for encrypted message
20/05/2024 15:15:47	Key expanded by factor of 1
20/05/2024 15:15:47	Partial message digest is 5dbc98dcc983a70728bd082d1a47546e
20/05/2024 15:15:47	Partial message digest is e2e0ab9c9510bf61fd17296bae8d3d24
20/05/2024 15:15:47	Partial message digest is be361ae90b7878d5d480674a3080e2bc
20/05/2024 15:15:47	Partial message digest is b090aedcdc00fb9d23b857f7a6197373
20/05/2024 15:15:47	Partial message digest is ec8f7c066c54327b6841a8e0d2c09545
20/05/2024 15:15:47	Partial message digest is bdf49a82163c3e662a5219055e147f56
20/05/2024 15:15:47	Partial message digest is ea5672b593838a514b9f50da79a2bddf
20/05/2024 15:15:47	Partial message digest is d3e111f04b7c35fe8c456495c1270f67
20/05/2024 15:15:47	Partial message digest is 6037314cf095e7276cefa1a82871ca30
20/05/2024 15:15:47	Partial message digest is 0c227e670dddd0cf2287581dd349a67c
20/05/2024 15:15:47	Partial message digest is 026d2a9f4fa45b98f975088db3ab9fcb
20/05/2024 15:15:47	Partial message digest is 9f8d068964d2a87f7e1125d42e5de948
20/05/2024 15:15:47	Partial message digest is 7ce9ad91ac599d4c150b657b7ef4c193
20/05/2024 15:15:47	Partial message digest is 2a18a161106bfde44c285ed6ae07646f
20/05/2024 15:15:47	Partial message digest is cdc96979e62f8ed33d472ec370e791a8
20/05/2024 15:15:47	Partial message digest is 9c5181f784ef0972be4a3c66a918523c
20/05/2024 15:15:47	Partial message digest is 729cb1eaceb709f40fd4eb00365a6ee5
20/05/2024 15:15:47	Message fully decrypted, ready to send...
20/05/2024 15:15:47	Decrypted message sent!
20/05/2024 15:15:47	Listening for connection...
