ct: 83c61cc1c4a5c28b75d901d4feeb1856
00: 83c61cc1c4a5c29c75d901d4feeb1849
01: 83c61cc1c4a5c28575d901d4feeb1848
02: 83c61cc1c4a5c2af75d901d4feeb1852
03: 83c61cc1c4a5c2d375d901d4feeb184e
04: 83c61cc1c4a5c21b75d901d4feeb1846
05: 83c61cc1c4a5c3eb75d901d4feeb1836
06: 83c61cc1c4a5c14b75d901d4feeb1996
07: 83c61cc1c4a5c60b75d901d4feeb18d6
08: 83c61cc1c4a5cb8b75d901d4feeb1956
09: 83c61cc1c4a5d48b75d901d4feeb1e56
0A: 83c61cc1c4a5fe8b75d901d4feeb0456
0B: 83c61cc1c4a58a8b75d901d4feeb1056
0C: 83c61cc1c4a5728b75d901d4feeb2856
0D: 83c61cc1c4a4228b75d901d4feebf856
0E: 83c61cc1c4a7828b75d901d4feeb5856
0F: 83c61cc1c4a0428b75d901d4feea9856
10: 83c61cc1c4acc28b75d901d4feea1856
11: 83c61cc1c4b7c28b75d901d4fee91856
12: 83c61cc1c489c28b75d901d4fee71856
13: 83c61cc1c41dc28b75d901d4fe131856
14: 83c61cc1c435c28b75d901d4fefb1856
15: 83c61cc1c585c28b75d901d4fecb1856
16: 83c61cc1c665c28b75d901d4fe2b1856
17: 83c61cc1c325c28b75d901d4fd6b1856
18: 83c61cc1cda5c28b75d901d4ffeb1856
19: 83c61cc1d2a5c28b75d901d4f8eb1856
1A: 83c61cc1e0a5c28b75d901d4faeb1856
1B: 83c61cc19ca5c28b75d901d4e6eb1856
1C: 83c61cc154a5c28b75d901d4eeeb1856
1D: 83c61cc0a4a5c28b75d901d49eeb1856
1E: 83c61cc404a5c28b75d901d33eeb1856
1F: 83c61cc544a5c28b75d901d47eeb1856
20: 83c61ccec4a5c28b75d901d3feeb1856
21: 83c61cd3c4a5c28b75d901d6feeb1856
22: 83c61ce5c4a5c28b75d901d0feeb1856
23: 83c61c99c4a5c28b75d901ccfeeb1856
24: 83c61c51c4a5c28b75d901c4feeb1856
25: 83c61d21c4a5c28b75d90134feeb1856
26: 83c61e81c4a5c28b75d90194feeb1856
27: 83c61841c4a5c28b75d90154feeb1856
28: 83c617c1c4a5c28b75d902d4feeb1856
29: 83c60ec1c4a5c28b75d903d4feeb1856
2A: 83c630c1c4a5c28b75d90dd4feeb1856
2B: 83c654c1c4a5c28b75d909d4feeb1856
2C: 83c68cc1c4a5c28b75d911d4feeb1856
2D: 83c73cc1c4a5c28b75d921d4feeb1856
2E: 83c45cc1c4a5c28b75d941d4feeb1856
2F: 83c39cc1c4a5c28b75d881d4feeb1856
30: 83cf1cc1c4a5c28b75d801d4feeb1856
31: 83d41cc1c4a5c28b75db01d4feeb1856
32: 83ea1cc1c4a5c28b75d501d4feeb1856
33: 838e1cc1c4a5c28b75d101d4feeb1856
34: 83361cc1c4a5c28b75a901d4feeb1856
35: 82a61cc1c4a5c28b75b901d4feeb1856
36: 81061cc1c4a5c28b751901d4feeb1856
37: 87461cc1c4a5c28b755901d4feeb1856
38: 88c61cc1c4a5c28b76d901d4feeb1856
39: 95c61cc1c4a5c28b73d901d4feeb1856
3A: a7c61cc1c4a5c28b71d901d4feeb1856
3B: bbc61cc1c4a5c28b0dd901d4feeb1856
3C: 73c61cc1c4a5c28b05d901d4feeb1856
3D: e3c61cc1c4a5c28a15d901d4feeb1856
3E: 43c61cc1c4a5c289b5d901d4feeb1856
3F: 03c61cc1c4a5c28ff5d901d4feeb1856