ct: 83c61cc1c4a5c28b75d901d4feeb1856
00: 80c61cc1c4a5c2d476d901d4feeb1841
01: 85c61cc1c4a5c23573d901d4feeb1878
02: 8fc61cc1c4a5c39779d901d4feeb182a
03: 7bc61cc1c4a5c3438dd901d4feeb185e
04: 73c61cc1c4a5c5bb85d901d4feeb18e6
05: a3c61cc1c4a5caeb55d901d4feeb1936
06: 43c61cc1c4a5d74bb5d901d4feeb1f96
07: 03c61cc1c4a5fa0bf5d901d4feeb04d6
08: 83c61cc1c4a5499e75d901d4feeb2b43
09: 83c61cc1c4a5648975d901d4feeb2e54
0A: 83c61cc1c4a41e9775d901d4feebe44a
0B: 83c61cc1c4a7ca8375d901d4feeb505e
0C: 83c61cc1c4a392bb75d901d4feeac866
0D: 83c61cc1c4afe2ab75d901d4feea3876
0E: 83c61cc1c4b5834b75d901d4fee95996
0F: 83c61cc1c48b440b75d901d4fee99ed6
10: 83c61cc1c406c18b75d901d4fe101b56
11: 83c61cc1c427c08b75d901d4fef91a56
12: 83c61cc1c5e1d68b75d901d4fecf0c56
13: 83c61cc1c6adca8b75d901d4fe231056
14: 83c61cc1c3b5f28b75d901d4fd7b2856
15: 83c61cc1cc85228b75d901d4ffcbf856
16: 83c61cc1d065028b75d901d4f82bd856
17: 83c61cc1f221428b75d901d4f46f9856
18: 83c61cc183a2c28b75d901d4e1ec1856
19: 83c61cc142a3c28b75d901d4e8ed1856
1A: 83c61cc0d8a1c28b75d901d482ef1856
1B: 83c61cc45c5dc28b75d901d326131856
1C: 83c61cc5d455c28b75d901d46e1b1856
1D: 83c61ccde485c28b75d901d3decb1856
1E: 83c61cd204e5c28b75d901d53eab1856
1F: 83c61ce14725c28b75d901d07d6b1856
20: 83c61c96c7a5c28b75d901cbfdeb1856
21: 83c61c43c2a5c28b75d901c6f8eb1856
22: 83c61d05c0a5c28b75d90130faeb1856
23: 83c61ed9dca5c28b75d9018ce6eb1856
24: 83c61bf1f4a5c28b75d90164ceeb1856
25: 83c61621a4a5c28b75d902349eeb1856
26: 83c60c8604a5c28b75d903933eeb1856
27: 83c6055b44a5c28b75d9044e7eeb1856
28: 83c65fc0c4a5c28b75d90ad5feeb1856
29: 83c6b2dbc4a5c28b75d91fcefeeb1856
2A: 83c710c5c4a5c28b75d92dd0feeb1856
2B: 83c414c9c4a5c28b75d949dcfeeb1856
2C: 83c30cd1c4a5c28b75d891c4feeb1856
2D: 83ce3c21c4a5c28b75d82134feeb1856
2E: 83d65c01c4a5c28b75db4114feeb1856
2F: 83ef9c41c4a5c28b75d48154feeb1856
30: 83951fc1c4a5c28b75d202d4feeb1856
31: 83241ec1c4a5c28b75ab03d4feeb1856
32: 828a10c1c4a5c28b75b50dd4feeb1856
33: 814e14c1c4a5c28b751109d4feeb1856
34: 87b60cc1c4a5c28b752911d4feeb1856
35: 84673cc1c4a5c28b757821d4feeb1856
36: 9706dcc1c4a5c28b7319c1d4feeb1856
37: a8449cc1c4a5c28b725b81d4feeb1856
38: b0c71cc1c4a5c28b0ed801d4feeb1856
39: 59c81cc1c4a5c28b1fd701d4feeb1856
3A: c7ca1cc1c4a5c28a11d501d4feeb1856
3B: fbce1cc1c4a5c2894dd101d4feeb1856
3C: 93361cc1c4a5c28ce52901d4feeb1856
3D: e3e61cc1c4a5c29d15f901d4feeb1849
3E: 43061cc1c4a5c287b51901d4feeb1848
3F: 03461cc1c4a5c2abf55901d4feeb1852